<?xml version="1.0" encoding="UTF-8"?>
<testsuite xmlns:xsi="http://www.w3.org/2001/XMLSchema-instance" xsi:noNamespaceSchemaLocation="https://maven.apache.org/surefire/maven-surefire-plugin/xsd/surefire-test-report-3.0.xsd" version="3.0" name="br.com.quarkuslambda.LambdaHandlerTest" time="24.182" tests="1" errors="0" skipped="0" failures="0">
  <properties>
[...]
</properties>
  <testcase name="testSimpleLambdaSuccess" classname="br.com.quarkuslambda.LambdaHandlerTest" time="1.574">
    <system-out><![CDATA[Downloading from central: https://repo.maven.apache.org/maven2/io/quarkus/quarkus-amazon-lambda-deployment/2.6.1.Final/quarkus-amazon-lambda-deployment-2.6.1.Final.pom
Progress (1): quarkus-amazon-lambda-deployment-2.6.1.Final.pom (2.1 kB)                                                                       Downloaded from central: https://repo.maven.apache.org/maven2/io/quarkus/quarkus-amazon-lambda-deployment/2.6.1.Final/quarkus-amazon-lambda-deployment-2.6.1.Final.pom (2.1 kB at 1.6 kB/s)
Downloading from central: https://repo.maven.apache.org/maven2/io/quarkus/quarkus-amazon-lambda-common-deployment/2.6.1.Final/quarkus-amazon-lambda-common-deployment-2.6.1.Final.pom
Progress (1): quarkus-amazon-lambda-common-deployment-2.6.1.Final.pom (2.4 kB)                                                                              Downloaded from central: https://repo.maven.apache.org/maven2/io/quarkus/quarkus-amazon-lambda-common-deployment/2.6.1.Final/quarkus-amazon-lambda-common-deployment-2.6.1.Final.pom (2.4 kB at 5.3 kB/s)
Downloading from central: https://repo.maven.apache.org/maven2/io/quarkus/quarkus-arc-deployment/2.6.1.Final/quarkus-arc-deployment-2.6.1.Final.pom
Progress (1): quarkus-arc-deployment-2.6.1.Final.pom (2.4 kB)                                                             Downloaded from central: https://repo.maven.apache.org/maven2/io/quarkus/quarkus-arc-deployment/2.6.1.Final/quarkus-arc-deployment-2.6.1.Final.pom (2.4 kB at 7.5 kB/s)
Downloading from central: https://repo.maven.apache.org/maven2/io/quarkus/quarkus-vertx-http-dev-console-spi/2.6.1.Final/quarkus-vertx-http-dev-console-spi-2.6.1.Final.pom
Progress (1): quarkus-vertx-http-dev-console-spi-2.6.1.Final.pom (1.3 kB)                                                                         Downloaded from central: https://repo.maven.apache.org/maven2/io/quarkus/quarkus-vertx-http-dev-console-spi/2.6.1.Final/quarkus-vertx-http-dev-console-spi-2.6.1.Final.pom (1.3 kB at 3.2 kB/s)
Downloading from central: https://repo.maven.apache.org/maven2/io/quarkus/quarkus-vertx-http-parent/2.6.1.Final/quarkus-vertx-http-parent-2.6.1.Final.pom
Progress (1): quarkus-vertx-http-parent-2.6.1.Final.pom (880 B)                                                               Downloaded from central: https://repo.maven.apache.org/maven2/io/quarkus/quarkus-vertx-http-parent/2.6.1.Final/quarkus-vertx-http-parent-2.6.1.Final.pom (880 B at 2.4 kB/s)
Downloading from central: https://repo.maven.apache.org/maven2/io/quarkus/quarkus-vertx-http-dev-console-runtime-spi/2.6.1.Final/quarkus-vertx-http-dev-console-runtime-spi-2.6.1.Final.pom
Progress (1): quarkus-vertx-http-dev-console-runtime-spi-2.6.1.Final.pom (1.1 kB)                                                                                 Downloaded from central: https://repo.maven.apache.org/maven2/io/quarkus/quarkus-vertx-http-dev-console-runtime-spi/2.6.1.Final/quarkus-vertx-http-dev-console-runtime-spi-2.6.1.Final.pom (1.1 kB at 2.5 kB/s)
Downloading from central: https://repo.maven.apache.org/maven2/io/vertx/vertx-web/4.2.2/vertx-web-4.2.2.pom
Progress (1): vertx-web-4.2.2.pom (2.7/5.1 kB)Progress (1): vertx-web-4.2.2.pom (5.1 kB)                                              Downloaded from central: https://repo.maven.apache.org/maven2/io/vertx/vertx-web/4.2.2/vertx-web-4.2.2.pom (5.1 kB at 18 kB/s)
Downloading from central: https://repo.maven.apache.org/maven2/io/vertx/vertx-web-parent/4.2.2/vertx-web-parent-4.2.2.pom
Progress (1): vertx-web-parent-4.2.2.pom (2.7 kB)                                                 Downloaded from central: https://repo.maven.apache.org/maven2/io/vertx/vertx-web-parent/4.2.2/vertx-web-parent-4.2.2.pom (2.7 kB at 9.4 kB/s)
Downloading from central: https://repo.maven.apache.org/maven2/io/vertx/vertx-dependencies/4.2.2/vertx-dependencies-4.2.2.pom
Progress (1): vertx-dependencies-4.2.2.pom (2.7/32 kB)Progress (1): vertx-dependencies-4.2.2.pom (5.5/32 kB)Progress (1): vertx-dependencies-4.2.2.pom (8.2/32 kB)Progress (1): vertx-dependencies-4.2.2.pom (11/32 kB) Progress (1): vertx-dependencies-4.2.2.pom (14/32 kB)Progress (1): vertx-dependencies-4.2.2.pom (16/32 kB)Progress (1): vertx-dependencies-4.2.2.pom (19/32 kB)Progress (1): vertx-dependencies-4.2.2.pom (22/32 kB)Progress (1): vertx-dependencies-4.2.2.pom (25/32 kB)Progress (1): vertx-dependencies-4.2.2.pom (27/32 kB)Progress (1): vertx-dependencies-4.2.2.pom (30/32 kB)Progress (1): vertx-dependencies-4.2.2.pom (32 kB)                                                     Downloaded from central: https://repo.maven.apache.org/maven2/io/vertx/vertx-dependencies/4.2.2/vertx-dependencies-4.2.2.pom (32 kB at 84 kB/s)
Downloading from central: https://repo.maven.apache.org/maven2/io/netty/netty-bom/4.1.72.Final/netty-bom-4.1.72.Final.pom
Progress (1): netty-bom-4.1.72.Final.pom (2.7/13 kB)Progress (1): netty-bom-4.1.72.Final.pom (5.5/13 kB)Progress (1): netty-bom-4.1.72.Final.pom (9.6/13 kB)Progress (1): netty-bom-4.1.72.Final.pom (13 kB)                                                    Downloaded from central: https://repo.maven.apache.org/maven2/io/netty/netty-bom/4.1.72.Final/netty-bom-4.1.72.Final.pom (13 kB at 41 kB/s)
Downloading from central: https://repo.maven.apache.org/maven2/io/vertx/vertx-web-common/4.2.2/vertx-web-common-4.2.2.pom
Progress (1): vertx-web-common-4.2.2.pom (488 B)                                                Downloaded from central: https://repo.maven.apache.org/maven2/io/vertx/vertx-web-common/4.2.2/vertx-web-common-4.2.2.pom (488 B at 1.4 kB/s)
Downloading from central: https://repo.maven.apache.org/maven2/io/vertx/vertx-core/4.2.2/vertx-core-4.2.2.pom
Progress (1): vertx-core-4.2.2.pom (4.1/32 kB)Progress (1): vertx-core-4.2.2.pom (8.2/32 kB)Progress (1): vertx-core-4.2.2.pom (12/32 kB) Progress (1): vertx-core-4.2.2.pom (16/32 kB)Progress (1): vertx-core-4.2.2.pom (20/32 kB)Progress (1): vertx-core-4.2.2.pom (25/32 kB)Progress (1): vertx-core-4.2.2.pom (29/32 kB)Progress (1): vertx-core-4.2.2.pom (32 kB)                                             Downloaded from central: https://repo.maven.apache.org/maven2/io/vertx/vertx-core/4.2.2/vertx-core-4.2.2.pom (32 kB at 97 kB/s)
Downloading from central: https://repo.maven.apache.org/maven2/io/netty/netty-common/4.1.72.Final/netty-common-4.1.72.Final.pom
Progress (1): netty-common-4.1.72.Final.pom (4.1/13 kB)Progress (1): netty-common-4.1.72.Final.pom (8.2/13 kB)Progress (1): netty-common-4.1.72.Final.pom (12/13 kB) Progress (1): netty-common-4.1.72.Final.pom (13 kB)                                                      Downloaded from central: https://repo.maven.apache.org/maven2/io/netty/netty-common/4.1.72.Final/netty-common-4.1.72.Final.pom (13 kB at 29 kB/s)
Downloading from central: https://repo.maven.apache.org/maven2/io/netty/netty-parent/4.1.72.Final/netty-parent-4.1.72.Final.pom
Progress (1): netty-parent-4.1.72.Final.pom (4.1/74 kB)Progress (1): netty-parent-4.1.72.Final.pom (8.2/74 kB)Progress (1): netty-parent-4.1.72.Final.pom (12/74 kB) Progress (1): netty-parent-4.1.72.Final.pom (16/74 kB)Progress (1): netty-parent-4.1.72.Final.pom (20/74 kB)Progress (1): netty-parent-4.1.72.Final.pom (25/74 kB)Progress (1): netty-parent-4.1.72.Final.pom (29/74 kB)Progress (1): netty-parent-4.1.72.Final.pom (33/74 kB)Progress (1): netty-parent-4.1.72.Final.pom (37/74 kB)Progress (1): netty-parent-4.1.72.Final.pom (41/74 kB)Progress (1): netty-parent-4.1.72.Final.pom (45/74 kB)Progress (1): netty-parent-4.1.72.Final.pom (49/74 kB)Progress (1): netty-parent-4.1.72.Final.pom (53/74 kB)Progress (1): netty-parent-4.1.72.Final.pom (57/74 kB)Progress (1): netty-parent-4.1.72.Final.pom (61/74 kB)Progress (1): netty-parent-4.1.72.Final.pom (66/74 kB)Progress (1): netty-parent-4.1.72.Final.pom (70/74 kB)Progress (1): netty-parent-4.1.72.Final.pom (74/74 kB)Progress (1): netty-parent-4.1.72.Final.pom (74 kB)                                                      Downloaded from central: https://repo.maven.apache.org/maven2/io/netty/netty-parent/4.1.72.Final/netty-parent-4.1.72.Final.pom (74 kB at 184 kB/s)
Downloading from central: https://repo.maven.apache.org/maven2/io/netty/netty-buffer/4.1.72.Final/netty-buffer-4.1.72.Final.pom
Progress (1): netty-buffer-4.1.72.Final.pom (1.6 kB)                                                    Downloaded from central: https://repo.maven.apache.org/maven2/io/netty/netty-buffer/4.1.72.Final/netty-buffer-4.1.72.Final.pom (1.6 kB at 4.0 kB/s)
Downloading from central: https://repo.maven.apache.org/maven2/io/netty/netty-transport/4.1.72.Final/netty-transport-4.1.72.Final.pom
Progress (1): netty-transport-4.1.72.Final.pom (1.9 kB)                                                       Downloaded from central: https://repo.maven.apache.org/maven2/io/netty/netty-transport/4.1.72.Final/netty-transport-4.1.72.Final.pom (1.9 kB at 4.9 kB/s)
Downloading from central: https://repo.maven.apache.org/maven2/io/netty/netty-resolver/4.1.72.Final/netty-resolver-4.1.72.Final.pom
Progress (1): netty-resolver-4.1.72.Final.pom (1.6 kB)                                                      Downloaded from central: https://repo.maven.apache.org/maven2/io/netty/netty-resolver/4.1.72.Final/netty-resolver-4.1.72.Final.pom (1.6 kB at 4.0 kB/s)
Downloading from central: https://repo.maven.apache.org/maven2/io/netty/netty-handler/4.1.72.Final/netty-handler-4.1.72.Final.pom
Progress (1): netty-handler-4.1.72.Final.pom (3.7 kB)                                                     Downloaded from central: https://repo.maven.apache.org/maven2/io/netty/netty-handler/4.1.72.Final/netty-handler-4.1.72.Final.pom (3.7 kB at 9.2 kB/s)
Downloading from central: https://repo.maven.apache.org/maven2/io/netty/netty-codec/4.1.72.Final/netty-codec-4.1.72.Final.pom
Progress (1): netty-codec-4.1.72.Final.pom (4.1/4.4 kB)Progress (1): netty-codec-4.1.72.Final.pom (4.4 kB)                                                       Downloaded from central: https://repo.maven.apache.org/maven2/io/netty/netty-codec/4.1.72.Final/netty-codec-4.1.72.Final.pom (4.4 kB at 15 kB/s)
Downloading from central: https://repo.maven.apache.org/maven2/io/netty/netty-tcnative-classes/2.0.46.Final/netty-tcnative-classes-2.0.46.Final.pom
Progress (1): netty-tcnative-classes-2.0.46.Final.pom (1.9 kB)                                                              Downloaded from central: https://repo.maven.apache.org/maven2/io/netty/netty-tcnative-classes/2.0.46.Final/netty-tcnative-classes-2.0.46.Final.pom (1.9 kB at 4.9 kB/s)
Downloading from central: https://repo.maven.apache.org/maven2/io/netty/netty-tcnative-parent/2.0.46.Final/netty-tcnative-parent-2.0.46.Final.pom
Progress (1): netty-tcnative-parent-2.0.46.Final.pom (4.1/36 kB)Progress (1): netty-tcnative-parent-2.0.46.Final.pom (8.2/36 kB)Progress (1): netty-tcnative-parent-2.0.46.Final.pom (12/36 kB) Progress (1): netty-tcnative-parent-2.0.46.Final.pom (16/36 kB)Progress (1): netty-tcnative-parent-2.0.46.Final.pom (20/36 kB)Progress (1): netty-tcnative-parent-2.0.46.Final.pom (25/36 kB)Progress (1): netty-tcnative-parent-2.0.46.Final.pom (29/36 kB)Progress (1): netty-tcnative-parent-2.0.46.Final.pom (33/36 kB)Progress (1): netty-tcnative-parent-2.0.46.Final.pom (36 kB)                                                               Downloaded from central: https://repo.maven.apache.org/maven2/io/netty/netty-tcnative-parent/2.0.46.Final/netty-tcnative-parent-2.0.46.Final.pom (36 kB at 88 kB/s)
Downloading from central: https://repo.maven.apache.org/maven2/io/netty/netty-handler-proxy/4.1.72.Final/netty-handler-proxy-4.1.72.Final.pom
Progress (1): netty-handler-proxy-4.1.72.Final.pom (2.8 kB)                                                           Downloaded from central: https://repo.maven.apache.org/maven2/io/netty/netty-handler-proxy/4.1.72.Final/netty-handler-proxy-4.1.72.Final.pom (2.8 kB at 7.1 kB/s)
Downloading from central: https://repo.maven.apache.org/maven2/io/netty/netty-codec-socks/4.1.72.Final/netty-codec-socks-4.1.72.Final.pom
Progress (1): netty-codec-socks-4.1.72.Final.pom (2.0 kB)                                                         Downloaded from central: https://repo.maven.apache.org/maven2/io/netty/netty-codec-socks/4.1.72.Final/netty-codec-socks-4.1.72.Final.pom (2.0 kB at 5.0 kB/s)
Downloading from central: https://repo.maven.apache.org/maven2/io/netty/netty-codec-http/4.1.72.Final/netty-codec-http-4.1.72.Final.pom
Progress (1): netty-codec-http-4.1.72.Final.pom (3.3 kB)                                                        Downloaded from central: https://repo.maven.apache.org/maven2/io/netty/netty-codec-http/4.1.72.Final/netty-codec-http-4.1.72.Final.pom (3.3 kB at 8.2 kB/s)
Downloading from central: https://repo.maven.apache.org/maven2/io/netty/netty-codec-http2/4.1.72.Final/netty-codec-http2-4.1.72.Final.pom
Progress (1): netty-codec-http2-4.1.72.Final.pom (3.6 kB)                                                         Downloaded from central: https://repo.maven.apache.org/maven2/io/netty/netty-codec-http2/4.1.72.Final/netty-codec-http2-4.1.72.Final.pom (3.6 kB at 9.0 kB/s)
Downloading from central: https://repo.maven.apache.org/maven2/io/netty/netty-resolver-dns/4.1.72.Final/netty-resolver-dns-4.1.72.Final.pom
Progress (1): netty-resolver-dns-4.1.72.Final.pom (3.2 kB)                                                          Downloaded from central: https://repo.maven.apache.org/maven2/io/netty/netty-resolver-dns/4.1.72.Final/netty-resolver-dns-4.1.72.Final.pom (3.2 kB at 9.5 kB/s)
Downloading from central: https://repo.maven.apache.org/maven2/io/netty/netty-codec-dns/4.1.72.Final/netty-codec-dns-4.1.72.Final.pom
Progress (1): netty-codec-dns-4.1.72.Final.pom (2.1 kB)                                                       Downloaded from central: https://repo.maven.apache.org/maven2/io/netty/netty-codec-dns/4.1.72.Final/netty-codec-dns-4.1.72.Final.pom (2.1 kB at 5.8 kB/s)
Downloading from central: https://repo.maven.apache.org/maven2/io/vertx/vertx-auth-common/4.2.2/vertx-auth-common-4.2.2.pom
Progress (1): vertx-auth-common-4.2.2.pom (2.5 kB)                                                  Downloaded from central: https://repo.maven.apache.org/maven2/io/vertx/vertx-auth-common/4.2.2/vertx-auth-common-4.2.2.pom (2.5 kB at 6.2 kB/s)
Downloading from central: https://repo.maven.apache.org/maven2/io/vertx/vertx-auth/4.2.2/vertx-auth-4.2.2.pom
Progress (1): vertx-auth-4.2.2.pom (2.8 kB)                                           Downloaded from central: https://repo.maven.apache.org/maven2/io/vertx/vertx-auth/4.2.2/vertx-auth-4.2.2.pom (2.8 kB at 6.9 kB/s)
Downloading from central: https://repo.maven.apache.org/maven2/io/vertx/vertx-bridge-common/4.2.2/vertx-bridge-common-4.2.2.pom
Progress (1): vertx-bridge-common-4.2.2.pom (3.6 kB)                                                    Downloaded from central: https://repo.maven.apache.org/maven2/io/vertx/vertx-bridge-common/4.2.2/vertx-bridge-common-4.2.2.pom (3.6 kB at 8.9 kB/s)
Downloading from central: https://repo.maven.apache.org/maven2/io/quarkus/arc/arc-processor/2.6.1.Final/arc-processor-2.6.1.Final.pom
Progress (1): arc-processor-2.6.1.Final.pom (1.7 kB)                                                    Downloaded from central: https://repo.maven.apache.org/maven2/io/quarkus/arc/arc-processor/2.6.1.Final/arc-processor-2.6.1.Final.pom (1.7 kB at 4.3 kB/s)
Downloading from central: https://repo.maven.apache.org/maven2/io/quarkus/quarkus-jackson-deployment/2.6.1.Final/quarkus-jackson-deployment-2.6.1.Final.pom
Progress (1): quarkus-jackson-deployment-2.6.1.Final.pom (2.1 kB)                                                                 Downloaded from central: https://repo.maven.apache.org/maven2/io/quarkus/quarkus-jackson-deployment/2.6.1.Final/quarkus-jackson-deployment-2.6.1.Final.pom (2.1 kB at 5.3 kB/s)
Downloading from central: https://repo.maven.apache.org/maven2/io/quarkus/quarkus-jackson-spi/2.6.1.Final/quarkus-jackson-spi-2.6.1.Final.pom
Progress (1): quarkus-jackson-spi-2.6.1.Final.pom (835 B)                                                         Downloaded from central: https://repo.maven.apache.org/maven2/io/quarkus/quarkus-jackson-spi/2.6.1.Final/quarkus-jackson-spi-2.6.1.Final.pom (835 B at 2.1 kB/s)
Downloading from central: https://repo.maven.apache.org/maven2/io/quarkus/quarkus-amazon-lambda-event-server/2.6.1.Final/quarkus-amazon-lambda-event-server-2.6.1.Final.pom
Progress (1): quarkus-amazon-lambda-event-server-2.6.1.Final.pom (2.5 kB)                                                                         Downloaded from central: https://repo.maven.apache.org/maven2/io/quarkus/quarkus-amazon-lambda-event-server/2.6.1.Final/quarkus-amazon-lambda-event-server-2.6.1.Final.pom (2.5 kB at 8.6 kB/s)
Downloading from central: https://repo.maven.apache.org/maven2/io/quarkus/quarkus-vertx-http-dev-console-runtime-spi/2.6.1.Final/quarkus-vertx-http-dev-console-runtime-spi-2.6.1.Final.jar
Downloading from central: https://repo.maven.apache.org/maven2/io/quarkus/quarkus-vertx-http-dev-console-spi/2.6.1.Final/quarkus-vertx-http-dev-console-spi-2.6.1.Final.jar
Downloading from central: https://repo.maven.apache.org/maven2/io/quarkus/quarkus-arc-deployment/2.6.1.Final/quarkus-arc-deployment-2.6.1.Final.jar
Downloading from central: https://repo.maven.apache.org/maven2/io/quarkus/arc/arc-processor/2.6.1.Final/arc-processor-2.6.1.Final.jar
Downloading from central: https://repo.maven.apache.org/maven2/io/quarkus/quarkus-jackson-spi/2.6.1.Final/quarkus-jackson-spi-2.6.1.Final.jar
Progress (1): quarkus-arc-deployment-2.6.1.Final.jar (4.1/259 kB)Progress (1): quarkus-arc-deployment-2.6.1.Final.jar (8.2/259 kB)Progress (1): quarkus-arc-deployment-2.6.1.Final.jar (12/259 kB) Progress (1): quarkus-arc-deployment-2.6.1.Final.jar (16/259 kB)Progress (1): quarkus-arc-deployment-2.6.1.Final.jar (20/259 kB)Progress (1): quarkus-arc-deployment-2.6.1.Final.jar (25/259 kB)Progress (1): quarkus-arc-deployment-2.6.1.Final.jar (29/259 kB)Progress (1): quarkus-arc-deployment-2.6.1.Final.jar (33/259 kB)Progress (1): quarkus-arc-deployment-2.6.1.Final.jar (37/259 kB)Progress (1): quarkus-arc-deployment-2.6.1.Final.jar (41/259 kB)Progress (1): quarkus-arc-deployment-2.6.1.Final.jar (45/259 kB)Progress (1): quarkus-arc-deployment-2.6.1.Final.jar (49/259 kB)Progress (1): quarkus-arc-deployment-2.6.1.Final.jar (53/259 kB)Progress (1): quarkus-arc-deployment-2.6.1.Final.jar (57/259 kB)Progress (1): quarkus-arc-deployment-2.6.1.Final.jar (61/259 kB)Progress (1): quarkus-arc-deployment-2.6.1.Final.jar (66/259 kB)Progress (1): quarkus-arc-deployment-2.6.1.Final.jar (70/259 kB)Progress (1): quarkus-arc-deployment-2.6.1.Final.jar (74/259 kB)Progress (1): quarkus-arc-deployment-2.6.1.Final.jar (78/259 kB)Progress (1): quarkus-arc-deployment-2.6.1.Final.jar (82/259 kB)Progress (1): quarkus-arc-deployment-2.6.1.Final.jar (86/259 kB)Progress (1): quarkus-arc-deployment-2.6.1.Final.jar (90/259 kB)Progress (1): quarkus-arc-deployment-2.6.1.Final.jar (94/259 kB)Progress (1): quarkus-arc-deployment-2.6.1.Final.jar (98/259 kB)Progress (1): quarkus-arc-deployment-2.6.1.Final.jar (102/259 kB)Progress (1): quarkus-arc-deployment-2.6.1.Final.jar (106/259 kB)Progress (1): quarkus-arc-deployment-2.6.1.Final.jar (111/259 kB)Progress (1): quarkus-arc-deployment-2.6.1.Final.jar (115/259 kB)Progress (1): quarkus-arc-deployment-2.6.1.Final.jar (119/259 kB)Progress (1): quarkus-arc-deployment-2.6.1.Final.jar (123/259 kB)Progress (1): quarkus-arc-deployment-2.6.1.Final.jar (127/259 kB)Progress (1): quarkus-arc-deployment-2.6.1.Final.jar (131/259 kB)Progress (1): quarkus-arc-deployment-2.6.1.Final.jar (135/259 kB)Progress (1): quarkus-arc-deployment-2.6.1.Final.jar (139/259 kB)Progress (1): quarkus-arc-deployment-2.6.1.Final.jar (143/259 kB)Progress (1): quarkus-arc-deployment-2.6.1.Final.jar (147/259 kB)Progress (1): quarkus-arc-deployment-2.6.1.Final.jar (152/259 kB)Progress (1): quarkus-arc-deployment-2.6.1.Final.jar (156/259 kB)Progress (1): quarkus-arc-deployment-2.6.1.Final.jar (160/259 kB)Progress (1): quarkus-arc-deployment-2.6.1.Final.jar (164/259 kB)Progress (1): quarkus-arc-deployment-2.6.1.Final.jar (168/259 kB)Progress (1): quarkus-arc-deployment-2.6.1.Final.jar (172/259 kB)Progress (1): quarkus-arc-deployment-2.6.1.Final.jar (176/259 kB)Progress (1): quarkus-arc-deployment-2.6.1.Final.jar (180/259 kB)Progress (1): quarkus-arc-deployment-2.6.1.Final.jar (184/259 kB)Progress (1): quarkus-arc-deployment-2.6.1.Final.jar (188/259 kB)Progress (1): quarkus-arc-deployment-2.6.1.Final.jar (193/259 kB)Progress (1): quarkus-arc-deployment-2.6.1.Final.jar (197/259 kB)Progress (1): quarkus-arc-deployment-2.6.1.Final.jar (201/259 kB)Progress (1): quarkus-arc-deployment-2.6.1.Final.jar (205/259 kB)Progress (1): quarkus-arc-deployment-2.6.1.Final.jar (209/259 kB)Progress (1): quarkus-arc-deployment-2.6.1.Final.jar (213/259 kB)Progress (1): quarkus-arc-deployment-2.6.1.Final.jar (217/259 kB)Progress (1): quarkus-arc-deployment-2.6.1.Final.jar (221/259 kB)Progress (1): quarkus-arc-deployment-2.6.1.Final.jar (225/259 kB)Progress (1): quarkus-arc-deployment-2.6.1.Final.jar (229/259 kB)Progress (1): quarkus-arc-deployment-2.6.1.Final.jar (233/259 kB)Progress (1): quarkus-arc-deployment-2.6.1.Final.jar (238/259 kB)Progress (1): quarkus-arc-deployment-2.6.1.Final.jar (242/259 kB)Progress (1): quarkus-arc-deployment-2.6.1.Final.jar (246/259 kB)Progress (1): quarkus-arc-deployment-2.6.1.Final.jar (250/259 kB)Progress (1): quarkus-arc-deployment-2.6.1.Final.jar (254/259 kB)Progress (1): quarkus-arc-deployment-2.6.1.Final.jar (258/259 kB)Progress (1): quarkus-arc-deployment-2.6.1.Final.jar (259 kB)    Progress (2): quarkus-arc-deployment-2.6.1.Final.jar (259 kB) | quarkus-vertx-http-dev-console-spi-2.6.1.Final.jar (2.7/7.7 kB)Progress (2): quarkus-arc-deployment-2.6.1.Final.jar (259 kB) | quarkus-vertx-http-dev-console-spi-2.6.1.Final.jar (5.5/7.7 kB)Progress (2): quarkus-arc-deployment-2.6.1.Final.jar (259 kB) | quarkus-vertx-http-dev-console-spi-2.6.1.Final.jar (7.7 kB)    Progress (3): quarkus-arc-deployment-2.6.1.Final.jar (259 kB) | quarkus-vertx-http-dev-console-spi-2.6.1.Final.jar (7.7 kB) | arc-processor-2.6.1.Final.jar (2.7/388 kB)Progress (3): quarkus-arc-deployment-2.6.1.Final.jar (259 kB) | quarkus-vertx-http-dev-console-spi-2.6.1.Final.jar (7.7 kB) | arc-processor-2.6.1.Final.jar (5.5/388 kB)Progress (3): quarkus-arc-deployment-2.6.1.Final.jar (259 kB) | quarkus-vertx-http-dev-console-spi-2.6.1.Final.jar (7.7 kB) | arc-processor-2.6.1.Final.jar (8.2/388 kB)Progress (3): quarkus-arc-deployment-2.6.1.Final.jar (259 kB) | quarkus-vertx-http-dev-console-spi-2.6.1.Final.jar (7.7 kB) | arc-processor-2.6.1.Final.jar (11/388 kB) Progress (4): quarkus-arc-deployment-2.6.1.Final.jar (259 kB) | quarkus-vertx-http-dev-console-spi-2.6.1.Final.jar (7.7 kB) | arc-processor-2.6.1.Final.jar (11/388 kB) | quarkus-jackson-spi-2.6.1.Final.jar (2.7/6.0 kB)Progress (4): quarkus-arc-deployment-2.6.1.Final.jar (259 kB) | quarkus-vertx-http-dev-console-spi-2.6.1.Final.jar (7.7 kB) | arc-processor-2.6.1.Final.jar (14/388 kB) | quarkus-jackson-spi-2.6.1.Final.jar (2.7/6.0 kB)Progress (4): quarkus-arc-deployment-2.6.1.Final.jar (259 kB) | quarkus-vertx-http-dev-console-spi-2.6.1.Final.jar (7.7 kB) | arc-processor-2.6.1.Final.jar (14/388 kB) | quarkus-jackson-spi-2.6.1.Final.jar (5.5/6.0 kB)Progress (4): quarkus-arc-deployment-2.6.1.Final.jar (259 kB) | quarkus-vertx-http-dev-console-spi-2.6.1.Final.jar (7.7 kB) | arc-processor-2.6.1.Final.jar (14/388 kB) | quarkus-jackson-spi-2.6.1.Final.jar (6.0 kB)    Progress (4): quarkus-arc-deployment-2.6.1.Final.jar (259 kB) | quarkus-vertx-http-dev-console-spi-2.6.1.Final.jar (7.7 kB) | arc-processor-2.6.1.Final.jar (16/388 kB) | quarkus-jackson-spi-2.6.1.Final.jar (6.0 kB)Progress (4): quarkus-arc-deployment-2.6.1.Final.jar (259 kB) | quarkus-vertx-http-dev-console-spi-2.6.1.Final.jar (7.7 kB) | arc-processor-2.6.1.Final.jar (19/388 kB) | quarkus-jackson-spi-2.6.1.Final.jar (6.0 kB)Progress (5): quarkus-arc-deployment-2.6.1.Final.jar (259 kB) | quarkus-vertx-http-dev-console-spi-2.6.1.Final.jar (7.7 kB) | arc-processor-2.6.1.Final.jar (19/388 kB) | quarkus-jackson-spi-2.6.1.Final.jar (6.0 kB) | quarkus-vertx-http-dev-console-runtime-spi-2.6.1.Final.jar (2.7/11 kB)Progress (5): quarkus-arc-deployment-2.6.1.Final.jar (259 kB) | quarkus-vertx-http-dev-console-spi-2.6.1.Final.jar (7.7 kB) | arc-processor-2.6.1.Final.jar (22/388 kB) | quarkus-jackson-spi-2.6.1.Final.jar (6.0 kB) | quarkus-vertx-http-dev-console-runtime-spi-2.6.1.Final.jar (2.7/11 kB)Progress (5): quarkus-arc-deployment-2.6.1.Final.jar (259 kB) | quarkus-vertx-http-dev-console-spi-2.6.1.Final.jar (7.7 kB) | arc-processor-2.6.1.Final.jar (22/388 kB) | quarkus-jackson-spi-2.6.1.Final.jar (6.0 kB) | quarkus-vertx-http-dev-console-runtime-spi-2.6.1.Final.jar (5.5/11 kB)Progress (5): quarkus-arc-deployment-2.6.1.Final.jar (259 kB) | quarkus-vertx-http-dev-console-spi-2.6.1.Final.jar (7.7 kB) | arc-processor-2.6.1.Final.jar (22/388 kB) | quarkus-jackson-spi-2.6.1.Final.jar (6.0 kB) | quarkus-vertx-http-dev-console-runtime-spi-2.6.1.Final.jar (8.2/11 kB)Progress (5): quarkus-arc-deployment-2.6.1.Final.jar (259 kB) | quarkus-vertx-http-dev-console-spi-2.6.1.Final.jar (7.7 kB) | arc-processor-2.6.1.Final.jar (22/388 kB) | quarkus-jackson-spi-2.6.1.Final.jar (6.0 kB) | quarkus-vertx-http-dev-console-runtime-spi-2.6.1.Final.jar (11/11 kB) Progress (5): quarkus-arc-deployment-2.6.1.Final.jar (259 kB) | quarkus-vertx-http-dev-console-spi-2.6.1.Final.jar (7.7 kB) | arc-processor-2.6.1.Final.jar (22/388 kB) | quarkus-jackson-spi-2.6.1.Final.jar (6.0 kB) | quarkus-vertx-http-dev-console-runtime-spi-2.6.1.Final.jar (11 kB)   Progress (5): quarkus-arc-deployment-2.6.1.Final.jar (259 kB) | quarkus-vertx-http-dev-console-spi-2.6.1.Final.jar (7.7 kB) | arc-processor-2.6.1.Final.jar (25/388 kB) | quarkus-jackson-spi-2.6.1.Final.jar (6.0 kB) | quarkus-vertx-http-dev-console-runtime-spi-2.6.1.Final.jar (11 kB)Progress (5): quarkus-arc-deployment-2.6.1.Final.jar (259 kB) | quarkus-vertx-http-dev-console-spi-2.6.1.Final.jar (7.7 kB) | arc-processor-2.6.1.Final.jar (27/388 kB) | quarkus-jackson-spi-2.6.1.Final.jar (6.0 kB) | quarkus-vertx-http-dev-console-runtime-spi-2.6.1.Final.jar (11 kB)Progress (5): quarkus-arc-deployment-2.6.1.Final.jar (259 kB) | quarkus-vertx-http-dev-console-spi-2.6.1.Final.jar (7.7 kB) | arc-processor-2.6.1.Final.jar (30/388 kB) | quarkus-jackson-spi-2.6.1.Final.jar (6.0 kB) | quarkus-vertx-http-dev-console-runtime-spi-2.6.1.Final.jar (11 kB)Progress (5): quarkus-arc-deployment-2.6.1.Final.jar (259 kB) | quarkus-vertx-http-dev-console-spi-2.6.1.Final.jar (7.7 kB) | arc-processor-2.6.1.Final.jar (33/388 kB) | quarkus-jackson-spi-2.6.1.Final.jar (6.0 kB) | quarkus-vertx-http-dev-console-runtime-spi-2.6.1.Final.jar (11 kB)                                                                                                                                                                                                                                                                                           Downloaded from central: https://repo.maven.apache.org/maven2/io/quarkus/quarkus-arc-deployment/2.6.1.Final/quarkus-arc-deployment-2.6.1.Final.jar (259 kB at 356 kB/s)
Downloading from central: https://repo.maven.apache.org/maven2/io/quarkus/quarkus-jackson-deployment/2.6.1.Final/quarkus-jackson-deployment-2.6.1.Final.jar
Progress (4): quarkus-vertx-http-dev-console-spi-2.6.1.Final.jar (7.7 kB) | arc-processor-2.6.1.Final.jar (36/388 kB) | quarkus-jackson-spi-2.6.1.Final.jar (6.0 kB) | quarkus-vertx-http-dev-console-runtime-spi-2.6.1.Final.jar (11 kB)Progress (4): quarkus-vertx-http-dev-console-spi-2.6.1.Final.jar (7.7 kB) | arc-processor-2.6.1.Final.jar (38/388 kB) | quarkus-jackson-spi-2.6.1.Final.jar (6.0 kB) | quarkus-vertx-http-dev-console-runtime-spi-2.6.1.Final.jar (11 kB)Progress (4): quarkus-vertx-http-dev-console-spi-2.6.1.Final.jar (7.7 kB) | arc-processor-2.6.1.Final.jar (41/388 kB) | quarkus-jackson-spi-2.6.1.Final.jar (6.0 kB) | quarkus-vertx-http-dev-console-runtime-spi-2.6.1.Final.jar (11 kB)Progress (4): quarkus-vertx-http-dev-console-spi-2.6.1.Final.jar (7.7 kB) | arc-processor-2.6.1.Final.jar (44/388 kB) | quarkus-jackson-spi-2.6.1.Final.jar (6.0 kB) | quarkus-vertx-http-dev-console-runtime-spi-2.6.1.Final.jar (11 kB)Progress (4): quarkus-vertx-http-dev-console-spi-2.6.1.Final.jar (7.7 kB) | arc-processor-2.6.1.Final.jar (47/388 kB) | quarkus-jackson-spi-2.6.1.Final.jar (6.0 kB) | quarkus-vertx-http-dev-console-runtime-spi-2.6.1.Final.jar (11 kB)                                                                                                                                                                                                                                         Downloaded from central: https://repo.maven.apache.org/maven2/io/quarkus/quarkus-vertx-http-dev-console-spi/2.6.1.Final/quarkus-vertx-http-dev-console-spi-2.6.1.Final.jar (7.7 kB at 9.7 kB/s)
Downloading from central: https://repo.maven.apache.org/maven2/io/vertx/vertx-web-common/4.2.2/vertx-web-common-4.2.2.jar
Progress (3): arc-processor-2.6.1.Final.jar (49/388 kB) | quarkus-jackson-spi-2.6.1.Final.jar (6.0 kB) | quarkus-vertx-http-dev-console-runtime-spi-2.6.1.Final.jar (11 kB)Progress (3): arc-processor-2.6.1.Final.jar (52/388 kB) | quarkus-jackson-spi-2.6.1.Final.jar (6.0 kB) | quarkus-vertx-http-dev-console-runtime-spi-2.6.1.Final.jar (11 kB)                                                                                                                                                                           Downloaded from central: https://repo.maven.apache.org/maven2/io/quarkus/quarkus-jackson-spi/2.6.1.Final/quarkus-jackson-spi-2.6.1.Final.jar (6.0 kB at 7.4 kB/s)
Downloading from central: https://repo.maven.apache.org/maven2/io/vertx/vertx-auth-common/4.2.2/vertx-auth-common-4.2.2.jar
Progress (2): arc-processor-2.6.1.Final.jar (55/388 kB) | quarkus-vertx-http-dev-console-runtime-spi-2.6.1.Final.jar (11 kB)Progress (2): arc-processor-2.6.1.Final.jar (58/388 kB) | quarkus-vertx-http-dev-console-runtime-spi-2.6.1.Final.jar (11 kB)Progress (2): arc-processor-2.6.1.Final.jar (60/388 kB) | quarkus-vertx-http-dev-console-runtime-spi-2.6.1.Final.jar (11 kB)Progress (2): arc-processor-2.6.1.Final.jar (63/388 kB) | quarkus-vertx-http-dev-console-runtime-spi-2.6.1.Final.jar (11 kB)Progress (2): arc-processor-2.6.1.Final.jar (66/388 kB) | quarkus-vertx-http-dev-console-runtime-spi-2.6.1.Final.jar (11 kB)                                                                                                                            Downloaded from central: https://repo.maven.apache.org/maven2/io/quarkus/quarkus-vertx-http-dev-console-runtime-spi/2.6.1.Final/quarkus-vertx-http-dev-console-runtime-spi-2.6.1.Final.jar (11 kB at 14 kB/s)
Downloading from central: https://repo.maven.apache.org/maven2/io/vertx/vertx-bridge-common/4.2.2/vertx-bridge-common-4.2.2.jar
Progress (1): arc-processor-2.6.1.Final.jar (70/388 kB)Progress (1): arc-processor-2.6.1.Final.jar (73/388 kB)Progress (1): arc-processor-2.6.1.Final.jar (77/388 kB)Progress (2): arc-processor-2.6.1.Final.jar (77/388 kB) | quarkus-jackson-deployment-2.6.1.Final.jar (4.1/11 kB)Progress (2): arc-processor-2.6.1.Final.jar (81/388 kB) | quarkus-jackson-deployment-2.6.1.Final.jar (4.1/11 kB)Progress (2): arc-processor-2.6.1.Final.jar (81/388 kB) | quarkus-jackson-deployment-2.6.1.Final.jar (8.2/11 kB)Progress (2): arc-processor-2.6.1.Final.jar (81/388 kB) | quarkus-jackson-deployment-2.6.1.Final.jar (11 kB)    Progress (2): arc-processor-2.6.1.Final.jar (85/388 kB) | quarkus-jackson-deployment-2.6.1.Final.jar (11 kB)Progress (2): arc-processor-2.6.1.Final.jar (89/388 kB) | quarkus-jackson-deployment-2.6.1.Final.jar (11 kB)Progress (2): arc-processor-2.6.1.Final.jar (93/388 kB) | quarkus-jackson-deployment-2.6.1.Final.jar (11 kB)Progress (2): arc-processor-2.6.1.Final.jar (97/388 kB) | quarkus-jackson-deployment-2.6.1.Final.jar (11 kB)Progress (2): arc-processor-2.6.1.Final.jar (101/388 kB) | quarkus-jackson-deployment-2.6.1.Final.jar (11 kB)Progress (2): arc-processor-2.6.1.Final.jar (105/388 kB) | quarkus-jackson-deployment-2.6.1.Final.jar (11 kB)Progress (2): arc-processor-2.6.1.Final.jar (109/388 kB) | quarkus-jackson-deployment-2.6.1.Final.jar (11 kB)Progress (2): arc-processor-2.6.1.Final.jar (114/388 kB) | quarkus-jackson-deployment-2.6.1.Final.jar (11 kB)Progress (2): arc-processor-2.6.1.Final.jar (118/388 kB) | quarkus-jackson-deployment-2.6.1.Final.jar (11 kB)Progress (2): arc-processor-2.6.1.Final.jar (122/388 kB) | quarkus-jackson-deployment-2.6.1.Final.jar (11 kB)Progress (2): arc-processor-2.6.1.Final.jar (126/388 kB) | quarkus-jackson-deployment-2.6.1.Final.jar (11 kB)Progress (2): arc-processor-2.6.1.Final.jar (130/388 kB) | quarkus-jackson-deployment-2.6.1.Final.jar (11 kB)Progress (2): arc-processor-2.6.1.Final.jar (134/388 kB) | quarkus-jackson-deployment-2.6.1.Final.jar (11 kB)Progress (3): arc-processor-2.6.1.Final.jar (134/388 kB) | quarkus-jackson-deployment-2.6.1.Final.jar (11 kB) | vertx-auth-common-4.2.2.jar (2.7/133 kB)Progress (3): arc-processor-2.6.1.Final.jar (138/388 kB) | quarkus-jackson-deployment-2.6.1.Final.jar (11 kB) | vertx-auth-common-4.2.2.jar (2.7/133 kB)Progress (3): arc-processor-2.6.1.Final.jar (138/388 kB) | quarkus-jackson-deployment-2.6.1.Final.jar (11 kB) | vertx-auth-common-4.2.2.jar (5.5/133 kB)Progress (4): arc-processor-2.6.1.Final.jar (138/388 kB) | quarkus-jackson-deployment-2.6.1.Final.jar (11 kB) | vertx-auth-common-4.2.2.jar (5.5/133 kB) | vertx-web-common-4.2.2.jar (2.7/24 kB)Progress (4): arc-processor-2.6.1.Final.jar (142/388 kB) | quarkus-jackson-deployment-2.6.1.Final.jar (11 kB) | vertx-auth-common-4.2.2.jar (5.5/133 kB) | vertx-web-common-4.2.2.jar (2.7/24 kB)Progress (4): arc-processor-2.6.1.Final.jar (146/388 kB) | quarkus-jackson-deployment-2.6.1.Final.jar (11 kB) | vertx-auth-common-4.2.2.jar (5.5/133 kB) | vertx-web-common-4.2.2.jar (2.7/24 kB)Progress (4): arc-processor-2.6.1.Final.jar (146/388 kB) | quarkus-jackson-deployment-2.6.1.Final.jar (11 kB) | vertx-auth-common-4.2.2.jar (8.2/133 kB) | vertx-web-common-4.2.2.jar (2.7/24 kB)Progress (4): arc-processor-2.6.1.Final.jar (146/388 kB) | quarkus-jackson-deployment-2.6.1.Final.jar (11 kB) | vertx-auth-common-4.2.2.jar (8.2/133 kB) | vertx-web-common-4.2.2.jar (5.5/24 kB)Progress (4): arc-processor-2.6.1.Final.jar (150/388 kB) | quarkus-jackson-deployment-2.6.1.Final.jar (11 kB) | vertx-auth-common-4.2.2.jar (8.2/133 kB) | vertx-web-common-4.2.2.jar (5.5/24 kB)Progress (4): arc-processor-2.6.1.Final.jar (154/388 kB) | quarkus-jackson-deployment-2.6.1.Final.jar (11 kB) | vertx-auth-common-4.2.2.jar (8.2/133 kB) | vertx-web-common-4.2.2.jar (5.5/24 kB)Progress (4): arc-processor-2.6.1.Final.jar (154/388 kB) | quarkus-jackson-deployment-2.6.1.Final.jar (11 kB) | vertx-auth-common-4.2.2.jar (11/133 kB) | vertx-web-common-4.2.2.jar (5.5/24 kB) Progress (4): arc-processor-2.6.1.Final.jar (154/388 kB) | quarkus-jackson-deployment-2.6.1.Final.jar (11 kB) | vertx-auth-common-4.2.2.jar (11/133 kB) | vertx-web-common-4.2.2.jar (8.2/24 kB)Progress (4): arc-processor-2.6.1.Final.jar (154/388 kB) | quarkus-jackson-deployment-2.6.1.Final.jar (11 kB) | vertx-auth-common-4.2.2.jar (14/133 kB) | vertx-web-common-4.2.2.jar (8.2/24 kB)Progress (4): arc-processor-2.6.1.Final.jar (154/388 kB) | quarkus-jackson-deployment-2.6.1.Final.jar (11 kB) | vertx-auth-common-4.2.2.jar (14/133 kB) | vertx-web-common-4.2.2.jar (11/24 kB) Progress (4): arc-processor-2.6.1.Final.jar (159/388 kB) | quarkus-jackson-deployment-2.6.1.Final.jar (11 kB) | vertx-auth-common-4.2.2.jar (14/133 kB) | vertx-web-common-4.2.2.jar (11/24 kB)Progress (4): arc-processor-2.6.1.Final.jar (159/388 kB) | quarkus-jackson-deployment-2.6.1.Final.jar (11 kB) | vertx-auth-common-4.2.2.jar (14/133 kB) | vertx-web-common-4.2.2.jar (14/24 kB)Progress (4): arc-processor-2.6.1.Final.jar (159/388 kB) | quarkus-jackson-deployment-2.6.1.Final.jar (11 kB) | vertx-auth-common-4.2.2.jar (14/133 kB) | vertx-web-common-4.2.2.jar (16/24 kB)Progress (5): arc-processor-2.6.1.Final.jar (159/388 kB) | quarkus-jackson-deployment-2.6.1.Final.jar (11 kB) | vertx-auth-common-4.2.2.jar (14/133 kB) | vertx-web-common-4.2.2.jar (16/24 kB) | vertx-bridge-common-4.2.2.jar (2.7/11 kB)Progress (5): arc-processor-2.6.1.Final.jar (159/388 kB) | quarkus-jackson-deployment-2.6.1.Final.jar (11 kB) | vertx-auth-common-4.2.2.jar (14/133 kB) | vertx-web-common-4.2.2.jar (19/24 kB) | vertx-bridge-common-4.2.2.jar (2.7/11 kB)Progress (5): arc-processor-2.6.1.Final.jar (159/388 kB) | quarkus-jackson-deployment-2.6.1.Final.jar (11 kB) | vertx-auth-common-4.2.2.jar (14/133 kB) | vertx-web-common-4.2.2.jar (22/24 kB) | vertx-bridge-common-4.2.2.jar (2.7/11 kB)Progress (5): arc-processor-2.6.1.Final.jar (159/388 kB) | quarkus-jackson-deployment-2.6.1.Final.jar (11 kB) | vertx-auth-common-4.2.2.jar (14/133 kB) | vertx-web-common-4.2.2.jar (22/24 kB) | vertx-bridge-common-4.2.2.jar (5.5/11 kB)Progress (5): arc-processor-2.6.1.Final.jar (159/388 kB) | quarkus-jackson-deployment-2.6.1.Final.jar (11 kB) | vertx-auth-common-4.2.2.jar (16/133 kB) | vertx-web-common-4.2.2.jar (22/24 kB) | vertx-bridge-common-4.2.2.jar (5.5/11 kB)                                                                                                                                                                                                                                           Downloaded from central: https://repo.maven.apache.org/maven2/io/quarkus/quarkus-jackson-deployment/2.6.1.Final/quarkus-jackson-deployment-2.6.1.Final.jar (11 kB at 11 kB/s)
Downloading from central: https://repo.maven.apache.org/maven2/io/netty/netty-common/4.1.72.Final/netty-common-4.1.72.Final.jar
Progress (4): arc-processor-2.6.1.Final.jar (159/388 kB) | vertx-auth-common-4.2.2.jar (16/133 kB) | vertx-web-common-4.2.2.jar (24 kB) | vertx-bridge-common-4.2.2.jar (5.5/11 kB)Progress (4): arc-processor-2.6.1.Final.jar (159/388 kB) | vertx-auth-common-4.2.2.jar (16/133 kB) | vertx-web-common-4.2.2.jar (24 kB) | vertx-bridge-common-4.2.2.jar (8.2/11 kB)Progress (4): arc-processor-2.6.1.Final.jar (163/388 kB) | vertx-auth-common-4.2.2.jar (16/133 kB) | vertx-web-common-4.2.2.jar (24 kB) | vertx-bridge-common-4.2.2.jar (8.2/11 kB)Progress (4): arc-processor-2.6.1.Final.jar (163/388 kB) | vertx-auth-common-4.2.2.jar (19/133 kB) | vertx-web-common-4.2.2.jar (24 kB) | vertx-bridge-common-4.2.2.jar (8.2/11 kB)Progress (4): arc-processor-2.6.1.Final.jar (167/388 kB) | vertx-auth-common-4.2.2.jar (19/133 kB) | vertx-web-common-4.2.2.jar (24 kB) | vertx-bridge-common-4.2.2.jar (8.2/11 kB)Progress (4): arc-processor-2.6.1.Final.jar (167/388 kB) | vertx-auth-common-4.2.2.jar (22/133 kB) | vertx-web-common-4.2.2.jar (24 kB) | vertx-bridge-common-4.2.2.jar (8.2/11 kB)Progress (4): arc-processor-2.6.1.Final.jar (171/388 kB) | vertx-auth-common-4.2.2.jar (22/133 kB) | vertx-web-common-4.2.2.jar (24 kB) | vertx-bridge-common-4.2.2.jar (8.2/11 kB)Progress (4): arc-processor-2.6.1.Final.jar (171/388 kB) | vertx-auth-common-4.2.2.jar (22/133 kB) | vertx-web-common-4.2.2.jar (24 kB) | vertx-bridge-common-4.2.2.jar (11/11 kB) Progress (4): arc-processor-2.6.1.Final.jar (171/388 kB) | vertx-auth-common-4.2.2.jar (25/133 kB) | vertx-web-common-4.2.2.jar (24 kB) | vertx-bridge-common-4.2.2.jar (11/11 kB)Progress (4): arc-processor-2.6.1.Final.jar (175/388 kB) | vertx-auth-common-4.2.2.jar (25/133 kB) | vertx-web-common-4.2.2.jar (24 kB) | vertx-bridge-common-4.2.2.jar (11/11 kB)Progress (4): arc-processor-2.6.1.Final.jar (175/388 kB) | vertx-auth-common-4.2.2.jar (25/133 kB) | vertx-web-common-4.2.2.jar (24 kB) | vertx-bridge-common-4.2.2.jar (11 kB)   Progress (4): arc-processor-2.6.1.Final.jar (175/388 kB) | vertx-auth-common-4.2.2.jar (27/133 kB) | vertx-web-common-4.2.2.jar (24 kB) | vertx-bridge-common-4.2.2.jar (11 kB)Progress (4): arc-processor-2.6.1.Final.jar (175/388 kB) | vertx-auth-common-4.2.2.jar (30/133 kB) | vertx-web-common-4.2.2.jar (24 kB) | vertx-bridge-common-4.2.2.jar (11 kB)Progress (4): arc-processor-2.6.1.Final.jar (179/388 kB) | vertx-auth-common-4.2.2.jar (30/133 kB) | vertx-web-common-4.2.2.jar (24 kB) | vertx-bridge-common-4.2.2.jar (11 kB)Progress (4): arc-processor-2.6.1.Final.jar (179/388 kB) | vertx-auth-common-4.2.2.jar (33/133 kB) | vertx-web-common-4.2.2.jar (24 kB) | vertx-bridge-common-4.2.2.jar (11 kB)Progress (4): arc-processor-2.6.1.Final.jar (183/388 kB) | vertx-auth-common-4.2.2.jar (33/133 kB) | vertx-web-common-4.2.2.jar (24 kB) | vertx-bridge-common-4.2.2.jar (11 kB)Progress (4): arc-processor-2.6.1.Final.jar (183/388 kB) | vertx-auth-common-4.2.2.jar (36/133 kB) | vertx-web-common-4.2.2.jar (24 kB) | vertx-bridge-common-4.2.2.jar (11 kB)Progress (4): arc-processor-2.6.1.Final.jar (187/388 kB) | vertx-auth-common-4.2.2.jar (36/133 kB) | vertx-web-common-4.2.2.jar (24 kB) | vertx-bridge-common-4.2.2.jar (11 kB)Progress (4): arc-processor-2.6.1.Final.jar (187/388 kB) | vertx-auth-common-4.2.2.jar (38/133 kB) | vertx-web-common-4.2.2.jar (24 kB) | vertx-bridge-common-4.2.2.jar (11 kB)Progress (4): arc-processor-2.6.1.Final.jar (191/388 kB) | vertx-auth-common-4.2.2.jar (38/133 kB) | vertx-web-common-4.2.2.jar (24 kB) | vertx-bridge-common-4.2.2.jar (11 kB)Progress (4): arc-processor-2.6.1.Final.jar (191/388 kB) | vertx-auth-common-4.2.2.jar (41/133 kB) | vertx-web-common-4.2.2.jar (24 kB) | vertx-bridge-common-4.2.2.jar (11 kB)Progress (4): arc-processor-2.6.1.Final.jar (195/388 kB) | vertx-auth-common-4.2.2.jar (41/133 kB) | vertx-web-common-4.2.2.jar (24 kB) | vertx-bridge-common-4.2.2.jar (11 kB)Progress (4): arc-processor-2.6.1.Final.jar (195/388 kB) | vertx-auth-common-4.2.2.jar (44/133 kB) | vertx-web-common-4.2.2.jar (24 kB) | vertx-bridge-common-4.2.2.jar (11 kB)Progress (4): arc-processor-2.6.1.Final.jar (200/388 kB) | vertx-auth-common-4.2.2.jar (44/133 kB) | vertx-web-common-4.2.2.jar (24 kB) | vertx-bridge-common-4.2.2.jar (11 kB)Progress (4): arc-processor-2.6.1.Final.jar (204/388 kB) | vertx-auth-common-4.2.2.jar (44/133 kB) | vertx-web-common-4.2.2.jar (24 kB) | vertx-bridge-common-4.2.2.jar (11 kB)Progress (4): arc-processor-2.6.1.Final.jar (204/388 kB) | vertx-auth-common-4.2.2.jar (47/133 kB) | vertx-web-common-4.2.2.jar (24 kB) | vertx-bridge-common-4.2.2.jar (11 kB)Progress (4): arc-processor-2.6.1.Final.jar (208/388 kB) | vertx-auth-common-4.2.2.jar (47/133 kB) | vertx-web-common-4.2.2.jar (24 kB) | vertx-bridge-common-4.2.2.jar (11 kB)Progress (4): arc-processor-2.6.1.Final.jar (212/388 kB) | vertx-auth-common-4.2.2.jar (47/133 kB) | vertx-web-common-4.2.2.jar (24 kB) | vertx-bridge-common-4.2.2.jar (11 kB)Progress (4): arc-processor-2.6.1.Final.jar (216/388 kB) | vertx-auth-common-4.2.2.jar (47/133 kB) | vertx-web-common-4.2.2.jar (24 kB) | vertx-bridge-common-4.2.2.jar (11 kB)Progress (4): arc-processor-2.6.1.Final.jar (220/388 kB) | vertx-auth-common-4.2.2.jar (47/133 kB) | vertx-web-common-4.2.2.jar (24 kB) | vertx-bridge-common-4.2.2.jar (11 kB)Progress (4): arc-processor-2.6.1.Final.jar (224/388 kB) | vertx-auth-common-4.2.2.jar (47/133 kB) | vertx-web-common-4.2.2.jar (24 kB) | vertx-bridge-common-4.2.2.jar (11 kB)Progress (4): arc-processor-2.6.1.Final.jar (228/388 kB) | vertx-auth-common-4.2.2.jar (47/133 kB) | vertx-web-common-4.2.2.jar (24 kB) | vertx-bridge-common-4.2.2.jar (11 kB)Progress (4): arc-processor-2.6.1.Final.jar (232/388 kB) | vertx-auth-common-4.2.2.jar (47/133 kB) | vertx-web-common-4.2.2.jar (24 kB) | vertx-bridge-common-4.2.2.jar (11 kB)Progress (4): arc-processor-2.6.1.Final.jar (236/388 kB) | vertx-auth-common-4.2.2.jar (47/133 kB) | vertx-web-common-4.2.2.jar (24 kB) | vertx-bridge-common-4.2.2.jar (11 kB)Progress (4): arc-processor-2.6.1.Final.jar (240/388 kB) | vertx-auth-common-4.2.2.jar (47/133 kB) | vertx-web-common-4.2.2.jar (24 kB) | vertx-bridge-common-4.2.2.jar (11 kB)Progress (4): arc-processor-2.6.1.Final.jar (240/388 kB) | vertx-auth-common-4.2.2.jar (49/133 kB) | vertx-web-common-4.2.2.jar (24 kB) | vertx-bridge-common-4.2.2.jar (11 kB)Progress (4): arc-processor-2.6.1.Final.jar (245/388 kB) | vertx-auth-common-4.2.2.jar (49/133 kB) | vertx-web-common-4.2.2.jar (24 kB) | vertx-bridge-common-4.2.2.jar (11 kB)Progress (4): arc-processor-2.6.1.Final.jar (249/388 kB) | vertx-auth-common-4.2.2.jar (49/133 kB) | vertx-web-common-4.2.2.jar (24 kB) | vertx-bridge-common-4.2.2.jar (11 kB)Progress (4): arc-processor-2.6.1.Final.jar (253/388 kB) | vertx-auth-common-4.2.2.jar (49/133 kB) | vertx-web-common-4.2.2.jar (24 kB) | vertx-bridge-common-4.2.2.jar (11 kB)Progress (4): arc-processor-2.6.1.Final.jar (257/388 kB) | vertx-auth-common-4.2.2.jar (49/133 kB) | vertx-web-common-4.2.2.jar (24 kB) | vertx-bridge-common-4.2.2.jar (11 kB)Progress (4): arc-processor-2.6.1.Final.jar (261/388 kB) | vertx-auth-common-4.2.2.jar (49/133 kB) | vertx-web-common-4.2.2.jar (24 kB) | vertx-bridge-common-4.2.2.jar (11 kB)Progress (4): arc-processor-2.6.1.Final.jar (265/388 kB) | vertx-auth-common-4.2.2.jar (49/133 kB) | vertx-web-common-4.2.2.jar (24 kB) | vertx-bridge-common-4.2.2.jar (11 kB)Progress (4): arc-processor-2.6.1.Final.jar (269/388 kB) | vertx-auth-common-4.2.2.jar (49/133 kB) | vertx-web-common-4.2.2.jar (24 kB) | vertx-bridge-common-4.2.2.jar (11 kB)Progress (4): arc-processor-2.6.1.Final.jar (273/388 kB) | vertx-auth-common-4.2.2.jar (49/133 kB) | vertx-web-common-4.2.2.jar (24 kB) | vertx-bridge-common-4.2.2.jar (11 kB)Progress (4): arc-processor-2.6.1.Final.jar (277/388 kB) | vertx-auth-common-4.2.2.jar (49/133 kB) | vertx-web-common-4.2.2.jar (24 kB) | vertx-bridge-common-4.2.2.jar (11 kB)Progress (4): arc-processor-2.6.1.Final.jar (281/388 kB) | vertx-auth-common-4.2.2.jar (49/133 kB) | vertx-web-common-4.2.2.jar (24 kB) | vertx-bridge-common-4.2.2.jar (11 kB)Progress (4): arc-processor-2.6.1.Final.jar (286/388 kB) | vertx-auth-common-4.2.2.jar (49/133 kB) | vertx-web-common-4.2.2.jar (24 kB) | vertx-bridge-common-4.2.2.jar (11 kB)Progress (4): arc-processor-2.6.1.Final.jar (290/388 kB) | vertx-auth-common-4.2.2.jar (49/133 kB) | vertx-web-common-4.2.2.jar (24 kB) | vertx-bridge-common-4.2.2.jar (11 kB)Progress (4): arc-processor-2.6.1.Final.jar (294/388 kB) | vertx-auth-common-4.2.2.jar (49/133 kB) | vertx-web-common-4.2.2.jar (24 kB) | vertx-bridge-common-4.2.2.jar (11 kB)Progress (4): arc-processor-2.6.1.Final.jar (298/388 kB) | vertx-auth-common-4.2.2.jar (49/133 kB) | vertx-web-common-4.2.2.jar (24 kB) | vertx-bridge-common-4.2.2.jar (11 kB)Progress (4): arc-processor-2.6.1.Final.jar (302/388 kB) | vertx-auth-common-4.2.2.jar (49/133 kB) | vertx-web-common-4.2.2.jar (24 kB) | vertx-bridge-common-4.2.2.jar (11 kB)Progress (4): arc-processor-2.6.1.Final.jar (306/388 kB) | vertx-auth-common-4.2.2.jar (49/133 kB) | vertx-web-common-4.2.2.jar (24 kB) | vertx-bridge-common-4.2.2.jar (11 kB)Progress (4): arc-processor-2.6.1.Final.jar (310/388 kB) | vertx-auth-common-4.2.2.jar (49/133 kB) | vertx-web-common-4.2.2.jar (24 kB) | vertx-bridge-common-4.2.2.jar (11 kB)Progress (4): arc-processor-2.6.1.Final.jar (314/388 kB) | vertx-auth-common-4.2.2.jar (49/133 kB) | vertx-web-common-4.2.2.jar (24 kB) | vertx-bridge-common-4.2.2.jar (11 kB)Progress (4): arc-processor-2.6.1.Final.jar (318/388 kB) | vertx-auth-common-4.2.2.jar (49/133 kB) | vertx-web-common-4.2.2.jar (24 kB) | vertx-bridge-common-4.2.2.jar (11 kB)Progress (4): arc-processor-2.6.1.Final.jar (318/388 kB) | vertx-auth-common-4.2.2.jar (52/133 kB) | vertx-web-common-4.2.2.jar (24 kB) | vertx-bridge-common-4.2.2.jar (11 kB)Progress (4): arc-processor-2.6.1.Final.jar (322/388 kB) | vertx-auth-common-4.2.2.jar (52/133 kB) | vertx-web-common-4.2.2.jar (24 kB) | vertx-bridge-common-4.2.2.jar (11 kB)Progress (4): arc-processor-2.6.1.Final.jar (326/388 kB) | vertx-auth-common-4.2.2.jar (52/133 kB) | vertx-web-common-4.2.2.jar (24 kB) | vertx-bridge-common-4.2.2.jar (11 kB)Progress (4): arc-processor-2.6.1.Final.jar (331/388 kB) | vertx-auth-common-4.2.2.jar (52/133 kB) | vertx-web-common-4.2.2.jar (24 kB) | vertx-bridge-common-4.2.2.jar (11 kB)Progress (4): arc-processor-2.6.1.Final.jar (335/388 kB) | vertx-auth-common-4.2.2.jar (52/133 kB) | vertx-web-common-4.2.2.jar (24 kB) | vertx-bridge-common-4.2.2.jar (11 kB)Progress (4): arc-processor-2.6.1.Final.jar (339/388 kB) | vertx-auth-common-4.2.2.jar (52/133 kB) | vertx-web-common-4.2.2.jar (24 kB) | vertx-bridge-common-4.2.2.jar (11 kB)Progress (4): arc-processor-2.6.1.Final.jar (343/388 kB) | vertx-auth-common-4.2.2.jar (52/133 kB) | vertx-web-common-4.2.2.jar (24 kB) | vertx-bridge-common-4.2.2.jar (11 kB)Progress (4): arc-processor-2.6.1.Final.jar (347/388 kB) | vertx-auth-common-4.2.2.jar (52/133 kB) | vertx-web-common-4.2.2.jar (24 kB) | vertx-bridge-common-4.2.2.jar (11 kB)Progress (4): arc-processor-2.6.1.Final.jar (351/388 kB) | vertx-auth-common-4.2.2.jar (52/133 kB) | vertx-web-common-4.2.2.jar (24 kB) | vertx-bridge-common-4.2.2.jar (11 kB)Progress (4): arc-processor-2.6.1.Final.jar (351/388 kB) | vertx-auth-common-4.2.2.jar (55/133 kB) | vertx-web-common-4.2.2.jar (24 kB) | vertx-bridge-common-4.2.2.jar (11 kB)Progress (4): arc-processor-2.6.1.Final.jar (351/388 kB) | vertx-auth-common-4.2.2.jar (58/133 kB) | vertx-web-common-4.2.2.jar (24 kB) | vertx-bridge-common-4.2.2.jar (11 kB)Progress (4): arc-processor-2.6.1.Final.jar (355/388 kB) | vertx-auth-common-4.2.2.jar (58/133 kB) | vertx-web-common-4.2.2.jar (24 kB) | vertx-bridge-common-4.2.2.jar (11 kB)Progress (4): arc-processor-2.6.1.Final.jar (359/388 kB) | vertx-auth-common-4.2.2.jar (58/133 kB) | vertx-web-common-4.2.2.jar (24 kB) | vertx-bridge-common-4.2.2.jar (11 kB)Progress (4): arc-processor-2.6.1.Final.jar (363/388 kB) | vertx-auth-common-4.2.2.jar (58/133 kB) | vertx-web-common-4.2.2.jar (24 kB) | vertx-bridge-common-4.2.2.jar (11 kB)Progress (4): arc-processor-2.6.1.Final.jar (367/388 kB) | vertx-auth-common-4.2.2.jar (58/133 kB) | vertx-web-common-4.2.2.jar (24 kB) | vertx-bridge-common-4.2.2.jar (11 kB)Progress (4): arc-processor-2.6.1.Final.jar (372/388 kB) | vertx-auth-common-4.2.2.jar (58/133 kB) | vertx-web-common-4.2.2.jar (24 kB) | vertx-bridge-common-4.2.2.jar (11 kB)Progress (4): arc-processor-2.6.1.Final.jar (376/388 kB) | vertx-auth-common-4.2.2.jar (58/133 kB) | vertx-web-common-4.2.2.jar (24 kB) | vertx-bridge-common-4.2.2.jar (11 kB)Progress (4): arc-processor-2.6.1.Final.jar (380/388 kB) | vertx-auth-common-4.2.2.jar (58/133 kB) | vertx-web-common-4.2.2.jar (24 kB) | vertx-bridge-common-4.2.2.jar (11 kB)Progress (4): arc-processor-2.6.1.Final.jar (384/388 kB) | vertx-auth-common-4.2.2.jar (58/133 kB) | vertx-web-common-4.2.2.jar (24 kB) | vertx-bridge-common-4.2.2.jar (11 kB)Progress (4): arc-processor-2.6.1.Final.jar (388 kB) | vertx-auth-common-4.2.2.jar (58/133 kB) | vertx-web-common-4.2.2.jar (24 kB) | vertx-bridge-common-4.2.2.jar (11 kB)    Progress (4): arc-processor-2.6.1.Final.jar (388 kB) | vertx-auth-common-4.2.2.jar (62/133 kB) | vertx-web-common-4.2.2.jar (24 kB) | vertx-bridge-common-4.2.2.jar (11 kB)Progress (4): arc-processor-2.6.1.Final.jar (388 kB) | vertx-auth-common-4.2.2.jar (66/133 kB) | vertx-web-common-4.2.2.jar (24 kB) | vertx-bridge-common-4.2.2.jar (11 kB)Progress (4): arc-processor-2.6.1.Final.jar (388 kB) | vertx-auth-common-4.2.2.jar (70/133 kB) | vertx-web-common-4.2.2.jar (24 kB) | vertx-bridge-common-4.2.2.jar (11 kB)Progress (4): arc-processor-2.6.1.Final.jar (388 kB) | vertx-auth-common-4.2.2.jar (74/133 kB) | vertx-web-common-4.2.2.jar (24 kB) | vertx-bridge-common-4.2.2.jar (11 kB)Progress (5): arc-processor-2.6.1.Final.jar (388 kB) | vertx-auth-common-4.2.2.jar (74/133 kB) | vertx-web-common-4.2.2.jar (24 kB) | vertx-bridge-common-4.2.2.jar (11 kB) | netty-common-4.1.72.Final.jar (2.7/646 kB)Progress (5): arc-processor-2.6.1.Final.jar (388 kB) | vertx-auth-common-4.2.2.jar (74/133 kB) | vertx-web-common-4.2.2.jar (24 kB) | vertx-bridge-common-4.2.2.jar (11 kB) | netty-common-4.1.72.Final.jar (5.5/646 kB)Progress (5): arc-processor-2.6.1.Final.jar (388 kB) | vertx-auth-common-4.2.2.jar (74/133 kB) | vertx-web-common-4.2.2.jar (24 kB) | vertx-bridge-common-4.2.2.jar (11 kB) | netty-common-4.1.72.Final.jar (8.2/646 kB)                                                                                                                                                                                                                        Downloaded from central: https://repo.maven.apache.org/maven2/io/vertx/vertx-bridge-common/4.2.2/vertx-bridge-common-4.2.2.jar (11 kB at 9.3 kB/s)
Downloading from central: https://repo.maven.apache.org/maven2/io/netty/netty-buffer/4.1.72.Final/netty-buffer-4.1.72.Final.jar
Progress (4): arc-processor-2.6.1.Final.jar (388 kB) | vertx-auth-common-4.2.2.jar (74/133 kB) | vertx-web-common-4.2.2.jar (24 kB) | netty-common-4.1.72.Final.jar (11/646 kB)Progress (4): arc-processor-2.6.1.Final.jar (388 kB) | vertx-auth-common-4.2.2.jar (74/133 kB) | vertx-web-common-4.2.2.jar (24 kB) | netty-common-4.1.72.Final.jar (14/646 kB)Progress (4): arc-processor-2.6.1.Final.jar (388 kB) | vertx-auth-common-4.2.2.jar (74/133 kB) | vertx-web-common-4.2.2.jar (24 kB) | netty-common-4.1.72.Final.jar (16/646 kB)Progress (4): arc-processor-2.6.1.Final.jar (388 kB) | vertx-auth-common-4.2.2.jar (74/133 kB) | vertx-web-common-4.2.2.jar (24 kB) | netty-common-4.1.72.Final.jar (19/646 kB)Progress (4): arc-processor-2.6.1.Final.jar (388 kB) | vertx-auth-common-4.2.2.jar (78/133 kB) | vertx-web-common-4.2.2.jar (24 kB) | netty-common-4.1.72.Final.jar (19/646 kB)Progress (4): arc-processor-2.6.1.Final.jar (388 kB) | vertx-auth-common-4.2.2.jar (82/133 kB) | vertx-web-common-4.2.2.jar (24 kB) | netty-common-4.1.72.Final.jar (19/646 kB)Progress (4): arc-processor-2.6.1.Final.jar (388 kB) | vertx-auth-common-4.2.2.jar (86/133 kB) | vertx-web-common-4.2.2.jar (24 kB) | netty-common-4.1.72.Final.jar (19/646 kB)Progress (4): arc-processor-2.6.1.Final.jar (388 kB) | vertx-auth-common-4.2.2.jar (90/133 kB) | vertx-web-common-4.2.2.jar (24 kB) | netty-common-4.1.72.Final.jar (19/646 kB)Progress (4): arc-processor-2.6.1.Final.jar (388 kB) | vertx-auth-common-4.2.2.jar (90/133 kB) | vertx-web-common-4.2.2.jar (24 kB) | netty-common-4.1.72.Final.jar (22/646 kB)Progress (4): arc-processor-2.6.1.Final.jar (388 kB) | vertx-auth-common-4.2.2.jar (90/133 kB) | vertx-web-common-4.2.2.jar (24 kB) | netty-common-4.1.72.Final.jar (25/646 kB)                                                                                                                                                                               Downloaded from central: https://repo.maven.apache.org/maven2/io/vertx/vertx-web-common/4.2.2/vertx-web-common-4.2.2.jar (24 kB at 20 kB/s)
Downloading from central: https://repo.maven.apache.org/maven2/io/netty/netty-transport/4.1.72.Final/netty-transport-4.1.72.Final.jar
Progress (3): arc-processor-2.6.1.Final.jar (388 kB) | vertx-auth-common-4.2.2.jar (90/133 kB) | netty-common-4.1.72.Final.jar (27/646 kB)Progress (3): arc-processor-2.6.1.Final.jar (388 kB) | vertx-auth-common-4.2.2.jar (90/133 kB) | netty-common-4.1.72.Final.jar (30/646 kB)Progress (3): arc-processor-2.6.1.Final.jar (388 kB) | vertx-auth-common-4.2.2.jar (90/133 kB) | netty-common-4.1.72.Final.jar (33/646 kB)Progress (3): arc-processor-2.6.1.Final.jar (388 kB) | vertx-auth-common-4.2.2.jar (94/133 kB) | netty-common-4.1.72.Final.jar (33/646 kB)Progress (3): arc-processor-2.6.1.Final.jar (388 kB) | vertx-auth-common-4.2.2.jar (99/133 kB) | netty-common-4.1.72.Final.jar (33/646 kB)Progress (3): arc-processor-2.6.1.Final.jar (388 kB) | vertx-auth-common-4.2.2.jar (103/133 kB) | netty-common-4.1.72.Final.jar (33/646 kB)Progress (3): arc-processor-2.6.1.Final.jar (388 kB) | vertx-auth-common-4.2.2.jar (107/133 kB) | netty-common-4.1.72.Final.jar (33/646 kB)                                                                                                                                           Downloaded from central: https://repo.maven.apache.org/maven2/io/quarkus/arc/arc-processor/2.6.1.Final/arc-processor-2.6.1.Final.jar (388 kB at 309 kB/s)
Downloading from central: https://repo.maven.apache.org/maven2/io/netty/netty-codec/4.1.72.Final/netty-codec-4.1.72.Final.jar
Progress (2): vertx-auth-common-4.2.2.jar (111/133 kB) | netty-common-4.1.72.Final.jar (33/646 kB)Progress (2): vertx-auth-common-4.2.2.jar (115/133 kB) | netty-common-4.1.72.Final.jar (33/646 kB)Progress (2): vertx-auth-common-4.2.2.jar (119/133 kB) | netty-common-4.1.72.Final.jar (33/646 kB)Progress (2): vertx-auth-common-4.2.2.jar (123/133 kB) | netty-common-4.1.72.Final.jar (33/646 kB)Progress (2): vertx-auth-common-4.2.2.jar (127/133 kB) | netty-common-4.1.72.Final.jar (33/646 kB)Progress (2): vertx-auth-common-4.2.2.jar (131/133 kB) | netty-common-4.1.72.Final.jar (33/646 kB)Progress (2): vertx-auth-common-4.2.2.jar (133 kB) | netty-common-4.1.72.Final.jar (33/646 kB)    Progress (2): vertx-auth-common-4.2.2.jar (133 kB) | netty-common-4.1.72.Final.jar (37/646 kB)Progress (2): vertx-auth-common-4.2.2.jar (133 kB) | netty-common-4.1.72.Final.jar (41/646 kB)Progress (2): vertx-auth-common-4.2.2.jar (133 kB) | netty-common-4.1.72.Final.jar (45/646 kB)Progress (2): vertx-auth-common-4.2.2.jar (133 kB) | netty-common-4.1.72.Final.jar (49/646 kB)Progress (2): vertx-auth-common-4.2.2.jar (133 kB) | netty-common-4.1.72.Final.jar (53/646 kB)Progress (2): vertx-auth-common-4.2.2.jar (133 kB) | netty-common-4.1.72.Final.jar (57/646 kB)Progress (2): vertx-auth-common-4.2.2.jar (133 kB) | netty-common-4.1.72.Final.jar (62/646 kB)Progress (2): vertx-auth-common-4.2.2.jar (133 kB) | netty-common-4.1.72.Final.jar (66/646 kB)Progress (3): vertx-auth-common-4.2.2.jar (133 kB) | netty-common-4.1.72.Final.jar (66/646 kB) | netty-buffer-4.1.72.Final.jar (4.1/302 kB)Progress (3): vertx-auth-common-4.2.2.jar (133 kB) | netty-common-4.1.72.Final.jar (66/646 kB) | netty-buffer-4.1.72.Final.jar (8.2/302 kB)Progress (3): vertx-auth-common-4.2.2.jar (133 kB) | netty-common-4.1.72.Final.jar (66/646 kB) | netty-buffer-4.1.72.Final.jar (12/302 kB) Progress (3): vertx-auth-common-4.2.2.jar (133 kB) | netty-common-4.1.72.Final.jar (66/646 kB) | netty-buffer-4.1.72.Final.jar (16/302 kB)Progress (3): vertx-auth-common-4.2.2.jar (133 kB) | netty-common-4.1.72.Final.jar (70/646 kB) | netty-buffer-4.1.72.Final.jar (16/302 kB)Progress (3): vertx-auth-common-4.2.2.jar (133 kB) | netty-common-4.1.72.Final.jar (74/646 kB) | netty-buffer-4.1.72.Final.jar (16/302 kB)Progress (3): vertx-auth-common-4.2.2.jar (133 kB) | netty-common-4.1.72.Final.jar (78/646 kB) | netty-buffer-4.1.72.Final.jar (16/302 kB)Progress (3): vertx-auth-common-4.2.2.jar (133 kB) | netty-common-4.1.72.Final.jar (82/646 kB) | netty-buffer-4.1.72.Final.jar (16/302 kB)Progress (3): vertx-auth-common-4.2.2.jar (133 kB) | netty-common-4.1.72.Final.jar (82/646 kB) | netty-buffer-4.1.72.Final.jar (20/302 kB)Progress (3): vertx-auth-common-4.2.2.jar (133 kB) | netty-common-4.1.72.Final.jar (82/646 kB) | netty-buffer-4.1.72.Final.jar (25/302 kB)Progress (3): vertx-auth-common-4.2.2.jar (133 kB) | netty-common-4.1.72.Final.jar (82/646 kB) | netty-buffer-4.1.72.Final.jar (29/302 kB)Progress (3): vertx-auth-common-4.2.2.jar (133 kB) | netty-common-4.1.72.Final.jar (82/646 kB) | netty-buffer-4.1.72.Final.jar (33/302 kB)Progress (3): vertx-auth-common-4.2.2.jar (133 kB) | netty-common-4.1.72.Final.jar (86/646 kB) | netty-buffer-4.1.72.Final.jar (33/302 kB)Progress (3): vertx-auth-common-4.2.2.jar (133 kB) | netty-common-4.1.72.Final.jar (90/646 kB) | netty-buffer-4.1.72.Final.jar (33/302 kB)Progress (3): vertx-auth-common-4.2.2.jar (133 kB) | netty-common-4.1.72.Final.jar (94/646 kB) | netty-buffer-4.1.72.Final.jar (33/302 kB)Progress (3): vertx-auth-common-4.2.2.jar (133 kB) | netty-common-4.1.72.Final.jar (98/646 kB) | netty-buffer-4.1.72.Final.jar (33/302 kB)Progress (3): vertx-auth-common-4.2.2.jar (133 kB) | netty-common-4.1.72.Final.jar (98/646 kB) | netty-buffer-4.1.72.Final.jar (37/302 kB)Progress (3): vertx-auth-common-4.2.2.jar (133 kB) | netty-common-4.1.72.Final.jar (98/646 kB) | netty-buffer-4.1.72.Final.jar (41/302 kB)Progress (3): vertx-auth-common-4.2.2.jar (133 kB) | netty-common-4.1.72.Final.jar (98/646 kB) | netty-buffer-4.1.72.Final.jar (45/302 kB)Progress (3): vertx-auth-common-4.2.2.jar (133 kB) | netty-common-4.1.72.Final.jar (98/646 kB) | netty-buffer-4.1.72.Final.jar (49/302 kB)Progress (4): vertx-auth-common-4.2.2.jar (133 kB) | netty-common-4.1.72.Final.jar (98/646 kB) | netty-buffer-4.1.72.Final.jar (49/302 kB) | netty-transport-4.1.72.Final.jar (2.7/481 kB)Progress (4): vertx-auth-common-4.2.2.jar (133 kB) | netty-common-4.1.72.Final.jar (103/646 kB) | netty-buffer-4.1.72.Final.jar (49/302 kB) | netty-transport-4.1.72.Final.jar (2.7/481 kB)Progress (4): vertx-auth-common-4.2.2.jar (133 kB) | netty-common-4.1.72.Final.jar (107/646 kB) | netty-buffer-4.1.72.Final.jar (49/302 kB) | netty-transport-4.1.72.Final.jar (2.7/481 kB)Progress (4): vertx-auth-common-4.2.2.jar (133 kB) | netty-common-4.1.72.Final.jar (111/646 kB) | netty-buffer-4.1.72.Final.jar (49/302 kB) | netty-transport-4.1.72.Final.jar (2.7/481 kB)Progress (4): vertx-auth-common-4.2.2.jar (133 kB) | netty-common-4.1.72.Final.jar (115/646 kB) | netty-buffer-4.1.72.Final.jar (49/302 kB) | netty-transport-4.1.72.Final.jar (2.7/481 kB)Progress (4): vertx-auth-common-4.2.2.jar (133 kB) | netty-common-4.1.72.Final.jar (115/646 kB) | netty-buffer-4.1.72.Final.jar (53/302 kB) | netty-transport-4.1.72.Final.jar (2.7/481 kB)Progress (4): vertx-auth-common-4.2.2.jar (133 kB) | netty-common-4.1.72.Final.jar (115/646 kB) | netty-buffer-4.1.72.Final.jar (57/302 kB) | netty-transport-4.1.72.Final.jar (2.7/481 kB)Progress (4): vertx-auth-common-4.2.2.jar (133 kB) | netty-common-4.1.72.Final.jar (115/646 kB) | netty-buffer-4.1.72.Final.jar (61/302 kB) | netty-transport-4.1.72.Final.jar (2.7/481 kB)Progress (4): vertx-auth-common-4.2.2.jar (133 kB) | netty-common-4.1.72.Final.jar (115/646 kB) | netty-buffer-4.1.72.Final.jar (66/302 kB) | netty-transport-4.1.72.Final.jar (2.7/481 kB)Progress (4): vertx-auth-common-4.2.2.jar (133 kB) | netty-common-4.1.72.Final.jar (115/646 kB) | netty-buffer-4.1.72.Final.jar (66/302 kB) | netty-transport-4.1.72.Final.jar (5.5/481 kB)Progress (5): vertx-auth-common-4.2.2.jar (133 kB) | netty-common-4.1.72.Final.jar (115/646 kB) | netty-buffer-4.1.72.Final.jar (66/302 kB) | netty-transport-4.1.72.Final.jar (5.5/481 kB) | netty-codec-4.1.72.Final.jar (4.1/337 kB)Progress (5): vertx-auth-common-4.2.2.jar (133 kB) | netty-common-4.1.72.Final.jar (115/646 kB) | netty-buffer-4.1.72.Final.jar (66/302 kB) | netty-transport-4.1.72.Final.jar (5.5/481 kB) | netty-codec-4.1.72.Final.jar (8.2/337 kB)Progress (5): vertx-auth-common-4.2.2.jar (133 kB) | netty-common-4.1.72.Final.jar (115/646 kB) | netty-buffer-4.1.72.Final.jar (66/302 kB) | netty-transport-4.1.72.Final.jar (5.5/481 kB) | netty-codec-4.1.72.Final.jar (12/337 kB) Progress (5): vertx-auth-common-4.2.2.jar (133 kB) | netty-common-4.1.72.Final.jar (115/646 kB) | netty-buffer-4.1.72.Final.jar (66/302 kB) | netty-transport-4.1.72.Final.jar (5.5/481 kB) | netty-codec-4.1.72.Final.jar (16/337 kB)Progress (5): vertx-auth-common-4.2.2.jar (133 kB) | netty-common-4.1.72.Final.jar (119/646 kB) | netty-buffer-4.1.72.Final.jar (66/302 kB) | netty-transport-4.1.72.Final.jar (5.5/481 kB) | netty-codec-4.1.72.Final.jar (16/337 kB)Progress (5): vertx-auth-common-4.2.2.jar (133 kB) | netty-common-4.1.72.Final.jar (123/646 kB) | netty-buffer-4.1.72.Final.jar (66/302 kB) | netty-transport-4.1.72.Final.jar (5.5/481 kB) | netty-codec-4.1.72.Final.jar (16/337 kB)Progress (5): vertx-auth-common-4.2.2.jar (133 kB) | netty-common-4.1.72.Final.jar (127/646 kB) | netty-buffer-4.1.72.Final.jar (66/302 kB) | netty-transport-4.1.72.Final.jar (5.5/481 kB) | netty-codec-4.1.72.Final.jar (16/337 kB)Progress (5): vertx-auth-common-4.2.2.jar (133 kB) | netty-common-4.1.72.Final.jar (127/646 kB) | netty-buffer-4.1.72.Final.jar (66/302 kB) | netty-transport-4.1.72.Final.jar (5.5/481 kB) | netty-codec-4.1.72.Final.jar (20/337 kB)Progress (5): vertx-auth-common-4.2.2.jar (133 kB) | netty-common-4.1.72.Final.jar (127/646 kB) | netty-buffer-4.1.72.Final.jar (66/302 kB) | netty-transport-4.1.72.Final.jar (5.5/481 kB) | netty-codec-4.1.72.Final.jar (25/337 kB)Progress (5): vertx-auth-common-4.2.2.jar (133 kB) | netty-common-4.1.72.Final.jar (127/646 kB) | netty-buffer-4.1.72.Final.jar (66/302 kB) | netty-transport-4.1.72.Final.jar (5.5/481 kB) | netty-codec-4.1.72.Final.jar (29/337 kB)Progress (5): vertx-auth-common-4.2.2.jar (133 kB) | netty-common-4.1.72.Final.jar (127/646 kB) | netty-buffer-4.1.72.Final.jar (66/302 kB) | netty-transport-4.1.72.Final.jar (5.5/481 kB) | netty-codec-4.1.72.Final.jar (33/337 kB)Progress (5): vertx-auth-common-4.2.2.jar (133 kB) | netty-common-4.1.72.Final.jar (127/646 kB) | netty-buffer-4.1.72.Final.jar (66/302 kB) | netty-transport-4.1.72.Final.jar (5.5/481 kB) | netty-codec-4.1.72.Final.jar (37/337 kB)Progress (5): vertx-auth-common-4.2.2.jar (133 kB) | netty-common-4.1.72.Final.jar (127/646 kB) | netty-buffer-4.1.72.Final.jar (66/302 kB) | netty-transport-4.1.72.Final.jar (8.2/481 kB) | netty-codec-4.1.72.Final.jar (37/337 kB)Progress (5): vertx-auth-common-4.2.2.jar (133 kB) | netty-common-4.1.72.Final.jar (127/646 kB) | netty-buffer-4.1.72.Final.jar (66/302 kB) | netty-transport-4.1.72.Final.jar (8.2/481 kB) | netty-codec-4.1.72.Final.jar (41/337 kB)Progress (5): vertx-auth-common-4.2.2.jar (133 kB) | netty-common-4.1.72.Final.jar (127/646 kB) | netty-buffer-4.1.72.Final.jar (66/302 kB) | netty-transport-4.1.72.Final.jar (8.2/481 kB) | netty-codec-4.1.72.Final.jar (45/337 kB)Progress (5): vertx-auth-common-4.2.2.jar (133 kB) | netty-common-4.1.72.Final.jar (127/646 kB) | netty-buffer-4.1.72.Final.jar (66/302 kB) | netty-transport-4.1.72.Final.jar (8.2/481 kB) | netty-codec-4.1.72.Final.jar (49/337 kB)Progress (5): vertx-auth-common-4.2.2.jar (133 kB) | netty-common-4.1.72.Final.jar (127/646 kB) | netty-buffer-4.1.72.Final.jar (66/302 kB) | netty-transport-4.1.72.Final.jar (8.2/481 kB) | netty-codec-4.1.72.Final.jar (53/337 kB)                                                                                                                                                                                                                                      Downloaded from central: https://repo.maven.apache.org/maven2/io/vertx/vertx-auth-common/4.2.2/vertx-auth-common-4.2.2.jar (133 kB at 95 kB/s)
Progress (4): netty-common-4.1.72.Final.jar (127/646 kB) | netty-buffer-4.1.72.Final.jar (66/302 kB) | netty-transport-4.1.72.Final.jar (8.2/481 kB) | netty-codec-4.1.72.Final.jar (57/337 kB)Progress (4): netty-common-4.1.72.Final.jar (127/646 kB) | netty-buffer-4.1.72.Final.jar (66/302 kB) | netty-transport-4.1.72.Final.jar (8.2/481 kB) | netty-codec-4.1.72.Final.jar (61/337 kB)Progress (4): netty-common-4.1.72.Final.jar (127/646 kB) | netty-buffer-4.1.72.Final.jar (66/302 kB) | netty-transport-4.1.72.Final.jar (8.2/481 kB) | netty-codec-4.1.72.Final.jar (66/337 kB)Progress (4): netty-common-4.1.72.Final.jar (131/646 kB) | netty-buffer-4.1.72.Final.jar (66/302 kB) | netty-transport-4.1.72.Final.jar (8.2/481 kB) | netty-codec-4.1.72.Final.jar (66/337 kB)                                                                                                                                                                                               Downloading from central: https://repo.maven.apache.org/maven2/io/netty/netty-tcnative-classes/2.0.46.Final/netty-tcnative-classes-2.0.46.Final.jar
Progress (4): netty-common-4.1.72.Final.jar (131/646 kB) | netty-buffer-4.1.72.Final.jar (66/302 kB) | netty-transport-4.1.72.Final.jar (8.2/481 kB) | netty-codec-4.1.72.Final.jar (70/337 kB)Progress (4): netty-common-4.1.72.Final.jar (131/646 kB) | netty-buffer-4.1.72.Final.jar (66/302 kB) | netty-transport-4.1.72.Final.jar (8.2/481 kB) | netty-codec-4.1.72.Final.jar (74/337 kB)Progress (4): netty-common-4.1.72.Final.jar (131/646 kB) | netty-buffer-4.1.72.Final.jar (66/302 kB) | netty-transport-4.1.72.Final.jar (8.2/481 kB) | netty-codec-4.1.72.Final.jar (78/337 kB)Progress (4): netty-common-4.1.72.Final.jar (131/646 kB) | netty-buffer-4.1.72.Final.jar (70/302 kB) | netty-transport-4.1.72.Final.jar (8.2/481 kB) | netty-codec-4.1.72.Final.jar (78/337 kB)Progress (4): netty-common-4.1.72.Final.jar (131/646 kB) | netty-buffer-4.1.72.Final.jar (74/302 kB) | netty-transport-4.1.72.Final.jar (8.2/481 kB) | netty-codec-4.1.72.Final.jar (78/337 kB)Progress (4): netty-common-4.1.72.Final.jar (131/646 kB) | netty-buffer-4.1.72.Final.jar (78/302 kB) | netty-transport-4.1.72.Final.jar (8.2/481 kB) | netty-codec-4.1.72.Final.jar (78/337 kB)Progress (4): netty-common-4.1.72.Final.jar (131/646 kB) | netty-buffer-4.1.72.Final.jar (78/302 kB) | netty-transport-4.1.72.Final.jar (11/481 kB) | netty-codec-4.1.72.Final.jar (78/337 kB) Progress (4): netty-common-4.1.72.Final.jar (131/646 kB) | netty-buffer-4.1.72.Final.jar (82/302 kB) | netty-transport-4.1.72.Final.jar (11/481 kB) | netty-codec-4.1.72.Final.jar (78/337 kB)Progress (4): netty-common-4.1.72.Final.jar (135/646 kB) | netty-buffer-4.1.72.Final.jar (82/302 kB) | netty-transport-4.1.72.Final.jar (11/481 kB) | netty-codec-4.1.72.Final.jar (78/337 kB)Progress (4): netty-common-4.1.72.Final.jar (139/646 kB) | netty-buffer-4.1.72.Final.jar (82/302 kB) | netty-transport-4.1.72.Final.jar (11/481 kB) | netty-codec-4.1.72.Final.jar (78/337 kB)Progress (4): netty-common-4.1.72.Final.jar (143/646 kB) | netty-buffer-4.1.72.Final.jar (82/302 kB) | netty-transport-4.1.72.Final.jar (11/481 kB) | netty-codec-4.1.72.Final.jar (78/337 kB)Progress (4): netty-common-4.1.72.Final.jar (148/646 kB) | netty-buffer-4.1.72.Final.jar (82/302 kB) | netty-transport-4.1.72.Final.jar (11/481 kB) | netty-codec-4.1.72.Final.jar (78/337 kB)Progress (4): netty-common-4.1.72.Final.jar (148/646 kB) | netty-buffer-4.1.72.Final.jar (82/302 kB) | netty-transport-4.1.72.Final.jar (11/481 kB) | netty-codec-4.1.72.Final.jar (82/337 kB)Progress (4): netty-common-4.1.72.Final.jar (148/646 kB) | netty-buffer-4.1.72.Final.jar (82/302 kB) | netty-transport-4.1.72.Final.jar (11/481 kB) | netty-codec-4.1.72.Final.jar (86/337 kB)Progress (4): netty-common-4.1.72.Final.jar (148/646 kB) | netty-buffer-4.1.72.Final.jar (82/302 kB) | netty-transport-4.1.72.Final.jar (11/481 kB) | netty-codec-4.1.72.Final.jar (90/337 kB)Progress (4): netty-common-4.1.72.Final.jar (148/646 kB) | netty-buffer-4.1.72.Final.jar (82/302 kB) | netty-transport-4.1.72.Final.jar (11/481 kB) | netty-codec-4.1.72.Final.jar (94/337 kB)Progress (4): netty-common-4.1.72.Final.jar (148/646 kB) | netty-buffer-4.1.72.Final.jar (82/302 kB) | netty-transport-4.1.72.Final.jar (11/481 kB) | netty-codec-4.1.72.Final.jar (98/337 kB)Progress (4): netty-common-4.1.72.Final.jar (148/646 kB) | netty-buffer-4.1.72.Final.jar (82/302 kB) | netty-transport-4.1.72.Final.jar (11/481 kB) | netty-codec-4.1.72.Final.jar (102/337 kB)Progress (4): netty-common-4.1.72.Final.jar (148/646 kB) | netty-buffer-4.1.72.Final.jar (82/302 kB) | netty-transport-4.1.72.Final.jar (11/481 kB) | netty-codec-4.1.72.Final.jar (106/337 kB)Progress (4): netty-common-4.1.72.Final.jar (148/646 kB) | netty-buffer-4.1.72.Final.jar (82/302 kB) | netty-transport-4.1.72.Final.jar (11/481 kB) | netty-codec-4.1.72.Final.jar (111/337 kB)Progress (4): netty-common-4.1.72.Final.jar (148/646 kB) | netty-buffer-4.1.72.Final.jar (82/302 kB) | netty-transport-4.1.72.Final.jar (14/481 kB) | netty-codec-4.1.72.Final.jar (111/337 kB)Progress (4): netty-common-4.1.72.Final.jar (148/646 kB) | netty-buffer-4.1.72.Final.jar (82/302 kB) | netty-transport-4.1.72.Final.jar (14/481 kB) | netty-codec-4.1.72.Final.jar (115/337 kB)Progress (4): netty-common-4.1.72.Final.jar (148/646 kB) | netty-buffer-4.1.72.Final.jar (82/302 kB) | netty-transport-4.1.72.Final.jar (14/481 kB) | netty-codec-4.1.72.Final.jar (119/337 kB)Progress (4): netty-common-4.1.72.Final.jar (148/646 kB) | netty-buffer-4.1.72.Final.jar (86/302 kB) | netty-transport-4.1.72.Final.jar (14/481 kB) | netty-codec-4.1.72.Final.jar (119/337 kB)Progress (4): netty-common-4.1.72.Final.jar (148/646 kB) | netty-buffer-4.1.72.Final.jar (90/302 kB) | netty-transport-4.1.72.Final.jar (14/481 kB) | netty-codec-4.1.72.Final.jar (119/337 kB)Progress (4): netty-common-4.1.72.Final.jar (148/646 kB) | netty-buffer-4.1.72.Final.jar (90/302 kB) | netty-transport-4.1.72.Final.jar (14/481 kB) | netty-codec-4.1.72.Final.jar (123/337 kB)Progress (4): netty-common-4.1.72.Final.jar (148/646 kB) | netty-buffer-4.1.72.Final.jar (90/302 kB) | netty-transport-4.1.72.Final.jar (14/481 kB) | netty-codec-4.1.72.Final.jar (127/337 kB)Progress (4): netty-common-4.1.72.Final.jar (148/646 kB) | netty-buffer-4.1.72.Final.jar (94/302 kB) | netty-transport-4.1.72.Final.jar (14/481 kB) | netty-codec-4.1.72.Final.jar (127/337 kB)Progress (4): netty-common-4.1.72.Final.jar (148/646 kB) | netty-buffer-4.1.72.Final.jar (94/302 kB) | netty-transport-4.1.72.Final.jar (14/481 kB) | netty-codec-4.1.72.Final.jar (131/337 kB)Progress (4): netty-common-4.1.72.Final.jar (148/646 kB) | netty-buffer-4.1.72.Final.jar (94/302 kB) | netty-transport-4.1.72.Final.jar (16/481 kB) | netty-codec-4.1.72.Final.jar (131/337 kB)Progress (4): netty-common-4.1.72.Final.jar (148/646 kB) | netty-buffer-4.1.72.Final.jar (94/302 kB) | netty-transport-4.1.72.Final.jar (16/481 kB) | netty-codec-4.1.72.Final.jar (135/337 kB)Progress (4): netty-common-4.1.72.Final.jar (148/646 kB) | netty-buffer-4.1.72.Final.jar (94/302 kB) | netty-transport-4.1.72.Final.jar (19/481 kB) | netty-codec-4.1.72.Final.jar (135/337 kB)Progress (4): netty-common-4.1.72.Final.jar (148/646 kB) | netty-buffer-4.1.72.Final.jar (94/302 kB) | netty-transport-4.1.72.Final.jar (19/481 kB) | netty-codec-4.1.72.Final.jar (139/337 kB)Progress (4): netty-common-4.1.72.Final.jar (148/646 kB) | netty-buffer-4.1.72.Final.jar (94/302 kB) | netty-transport-4.1.72.Final.jar (22/481 kB) | netty-codec-4.1.72.Final.jar (139/337 kB)Progress (4): netty-common-4.1.72.Final.jar (148/646 kB) | netty-buffer-4.1.72.Final.jar (94/302 kB) | netty-transport-4.1.72.Final.jar (22/481 kB) | netty-codec-4.1.72.Final.jar (143/337 kB)Progress (4): netty-common-4.1.72.Final.jar (148/646 kB) | netty-buffer-4.1.72.Final.jar (98/302 kB) | netty-transport-4.1.72.Final.jar (22/481 kB) | netty-codec-4.1.72.Final.jar (143/337 kB)Progress (4): netty-common-4.1.72.Final.jar (148/646 kB) | netty-buffer-4.1.72.Final.jar (98/302 kB) | netty-transport-4.1.72.Final.jar (22/481 kB) | netty-codec-4.1.72.Final.jar (147/337 kB)Progress (4): netty-common-4.1.72.Final.jar (148/646 kB) | netty-buffer-4.1.72.Final.jar (98/302 kB) | netty-transport-4.1.72.Final.jar (22/481 kB) | netty-codec-4.1.72.Final.jar (152/337 kB)Progress (4): netty-common-4.1.72.Final.jar (148/646 kB) | netty-buffer-4.1.72.Final.jar (98/302 kB) | netty-transport-4.1.72.Final.jar (22/481 kB) | netty-codec-4.1.72.Final.jar (156/337 kB)Progress (4): netty-common-4.1.72.Final.jar (148/646 kB) | netty-buffer-4.1.72.Final.jar (98/302 kB) | netty-transport-4.1.72.Final.jar (22/481 kB) | netty-codec-4.1.72.Final.jar (160/337 kB)Progress (4): netty-common-4.1.72.Final.jar (148/646 kB) | netty-buffer-4.1.72.Final.jar (98/302 kB) | netty-transport-4.1.72.Final.jar (22/481 kB) | netty-codec-4.1.72.Final.jar (164/337 kB)Progress (4): netty-common-4.1.72.Final.jar (148/646 kB) | netty-buffer-4.1.72.Final.jar (98/302 kB) | netty-transport-4.1.72.Final.jar (22/481 kB) | netty-codec-4.1.72.Final.jar (168/337 kB)Progress (4): netty-common-4.1.72.Final.jar (148/646 kB) | netty-buffer-4.1.72.Final.jar (98/302 kB) | netty-transport-4.1.72.Final.jar (22/481 kB) | netty-codec-4.1.72.Final.jar (172/337 kB)Progress (4): netty-common-4.1.72.Final.jar (148/646 kB) | netty-buffer-4.1.72.Final.jar (102/302 kB) | netty-transport-4.1.72.Final.jar (22/481 kB) | netty-codec-4.1.72.Final.jar (172/337 kB)Progress (4): netty-common-4.1.72.Final.jar (148/646 kB) | netty-buffer-4.1.72.Final.jar (102/302 kB) | netty-transport-4.1.72.Final.jar (22/481 kB) | netty-codec-4.1.72.Final.jar (176/337 kB)Progress (4): netty-common-4.1.72.Final.jar (148/646 kB) | netty-buffer-4.1.72.Final.jar (106/302 kB) | netty-transport-4.1.72.Final.jar (22/481 kB) | netty-codec-4.1.72.Final.jar (176/337 kB)Progress (4): netty-common-4.1.72.Final.jar (148/646 kB) | netty-buffer-4.1.72.Final.jar (106/302 kB) | netty-transport-4.1.72.Final.jar (22/481 kB) | netty-codec-4.1.72.Final.jar (180/337 kB)Progress (4): netty-common-4.1.72.Final.jar (148/646 kB) | netty-buffer-4.1.72.Final.jar (111/302 kB) | netty-transport-4.1.72.Final.jar (22/481 kB) | netty-codec-4.1.72.Final.jar (180/337 kB)Progress (4): netty-common-4.1.72.Final.jar (148/646 kB) | netty-buffer-4.1.72.Final.jar (111/302 kB) | netty-transport-4.1.72.Final.jar (22/481 kB) | netty-codec-4.1.72.Final.jar (184/337 kB)Progress (4): netty-common-4.1.72.Final.jar (148/646 kB) | netty-buffer-4.1.72.Final.jar (111/302 kB) | netty-transport-4.1.72.Final.jar (22/481 kB) | netty-codec-4.1.72.Final.jar (188/337 kB)Progress (4): netty-common-4.1.72.Final.jar (148/646 kB) | netty-buffer-4.1.72.Final.jar (111/302 kB) | netty-transport-4.1.72.Final.jar (25/481 kB) | netty-codec-4.1.72.Final.jar (188/337 kB)Progress (4): netty-common-4.1.72.Final.jar (148/646 kB) | netty-buffer-4.1.72.Final.jar (115/302 kB) | netty-transport-4.1.72.Final.jar (25/481 kB) | netty-codec-4.1.72.Final.jar (188/337 kB)Progress (4): netty-common-4.1.72.Final.jar (148/646 kB) | netty-buffer-4.1.72.Final.jar (115/302 kB) | netty-transport-4.1.72.Final.jar (25/481 kB) | netty-codec-4.1.72.Final.jar (193/337 kB)Progress (4): netty-common-4.1.72.Final.jar (148/646 kB) | netty-buffer-4.1.72.Final.jar (115/302 kB) | netty-transport-4.1.72.Final.jar (25/481 kB) | netty-codec-4.1.72.Final.jar (197/337 kB)Progress (4): netty-common-4.1.72.Final.jar (148/646 kB) | netty-buffer-4.1.72.Final.jar (115/302 kB) | netty-transport-4.1.72.Final.jar (27/481 kB) | netty-codec-4.1.72.Final.jar (197/337 kB)Progress (4): netty-common-4.1.72.Final.jar (148/646 kB) | netty-buffer-4.1.72.Final.jar (115/302 kB) | netty-transport-4.1.72.Final.jar (27/481 kB) | netty-codec-4.1.72.Final.jar (201/337 kB)Progress (4): netty-common-4.1.72.Final.jar (148/646 kB) | netty-buffer-4.1.72.Final.jar (115/302 kB) | netty-transport-4.1.72.Final.jar (27/481 kB) | netty-codec-4.1.72.Final.jar (205/337 kB)Progress (4): netty-common-4.1.72.Final.jar (148/646 kB) | netty-b
[...]
 (156 kB) | vertx-core-4.2.2.jar (0.7/1.5 MB)Progress (2): netty-resolver-dns-4.1.72.Final.jar (156 kB) | vertx-core-4.2.2.jar (0.7/1.5 MB)Progress (2): netty-resolver-dns-4.1.72.Final.jar (156 kB) | vertx-core-4.2.2.jar (0.7/1.5 MB)Progress (2): netty-resolver-dns-4.1.72.Final.jar (156 kB) | vertx-core-4.2.2.jar (0.7/1.5 MB)Progress (2): netty-resolver-dns-4.1.72.Final.jar (156 kB) | vertx-core-4.2.2.jar (0.7/1.5 MB)Progress (2): netty-resolver-dns-4.1.72.Final.jar (156 kB) | vertx-core-4.2.2.jar (0.7/1.5 MB)Progress (2): netty-resolver-dns-4.1.72.Final.jar (156 kB) | vertx-core-4.2.2.jar (0.8/1.5 MB)Progress (2): netty-resolver-dns-4.1.72.Final.jar (156 kB) | vertx-core-4.2.2.jar (0.8/1.5 MB)Progress (2): netty-resolver-dns-4.1.72.Final.jar (156 kB) | vertx-core-4.2.2.jar (0.8/1.5 MB)Progress (2): netty-resolver-dns-4.1.72.Final.jar (156 kB) | vertx-core-4.2.2.jar (0.8/1.5 MB)Progress (2): netty-resolver-dns-4.1.72.Final.jar (156 kB) | vertx-core-4.2.2.jar (0.8/1.5 MB)Progress (2): netty-resolver-dns-4.1.72.Final.jar (156 kB) | vertx-core-4.2.2.jar (0.8/1.5 MB)Progress (2): netty-resolver-dns-4.1.72.Final.jar (156 kB) | vertx-core-4.2.2.jar (0.8/1.5 MB)Progress (2): netty-resolver-dns-4.1.72.Final.jar (156 kB) | vertx-core-4.2.2.jar (0.8/1.5 MB)Progress (2): netty-resolver-dns-4.1.72.Final.jar (156 kB) | vertx-core-4.2.2.jar (0.8/1.5 MB)Progress (2): netty-resolver-dns-4.1.72.Final.jar (156 kB) | vertx-core-4.2.2.jar (0.8/1.5 MB)Progress (2): netty-resolver-dns-4.1.72.Final.jar (156 kB) | vertx-core-4.2.2.jar (0.8/1.5 MB)Progress (2): netty-resolver-dns-4.1.72.Final.jar (156 kB) | vertx-core-4.2.2.jar (0.8/1.5 MB)Progress (2): netty-resolver-dns-4.1.72.Final.jar (156 kB) | vertx-core-4.2.2.jar (0.9/1.5 MB)Progress (2): netty-resolver-dns-4.1.72.Final.jar (156 kB) | vertx-core-4.2.2.jar (0.9/1.5 MB)Progress (2): netty-resolver-dns-4.1.72.Final.jar (156 kB) | vertx-core-4.2.2.jar (0.9/1.5 MB)Progress (2): netty-resolver-dns-4.1.72.Final.jar (156 kB) | vertx-core-4.2.2.jar (0.9/1.5 MB)Progress (2): netty-resolver-dns-4.1.72.Final.jar (156 kB) | vertx-core-4.2.2.jar (0.9/1.5 MB)Progress (2): netty-resolver-dns-4.1.72.Final.jar (156 kB) | vertx-core-4.2.2.jar (0.9/1.5 MB)Progress (2): netty-resolver-dns-4.1.72.Final.jar (156 kB) | vertx-core-4.2.2.jar (0.9/1.5 MB)Progress (2): netty-resolver-dns-4.1.72.Final.jar (156 kB) | vertx-core-4.2.2.jar (0.9/1.5 MB)                                                                                              Downloaded from central: https://repo.maven.apache.org/maven2/io/netty/netty-resolver-dns/4.1.72.Final/netty-resolver-dns-4.1.72.Final.jar (156 kB at 63 kB/s)
Downloading from central: https://repo.maven.apache.org/maven2/io/quarkus/quarkus-amazon-lambda-deployment/2.6.1.Final/quarkus-amazon-lambda-deployment-2.6.1.Final.jar
Progress (1): vertx-core-4.2.2.jar (0.9/1.5 MB)Progress (1): vertx-core-4.2.2.jar (0.9/1.5 MB)Progress (1): vertx-core-4.2.2.jar (0.9/1.5 MB)Progress (1): vertx-core-4.2.2.jar (0.9/1.5 MB)Progress (1): vertx-core-4.2.2.jar (0.9/1.5 MB)Progress (1): vertx-core-4.2.2.jar (1.0/1.5 MB)Progress (1): vertx-core-4.2.2.jar (1.0/1.5 MB)Progress (1): vertx-core-4.2.2.jar (1.0/1.5 MB)Progress (2): vertx-core-4.2.2.jar (1.0/1.5 MB) | vertx-web-4.2.2.jar (4.1/354 kB)Progress (2): vertx-core-4.2.2.jar (1.0/1.5 MB) | vertx-web-4.2.2.jar (8.2/354 kB)Progress (2): vertx-core-4.2.2.jar (1.0/1.5 MB) | vertx-web-4.2.2.jar (8.2/354 kB)Progress (2): vertx-core-4.2.2.jar (1.0/1.5 MB) | vertx-web-4.2.2.jar (12/354 kB) Progress (2): vertx-core-4.2.2.jar (1.0/1.5 MB) | vertx-web-4.2.2.jar (16/354 kB)Progress (2): vertx-core-4.2.2.jar (1.0/1.5 MB) | vertx-web-4.2.2.jar (16/354 kB)Progress (2): vertx-core-4.2.2.jar (1.0/1.5 MB) | vertx-web-4.2.2.jar (20/354 kB)Progress (2): vertx-core-4.2.2.jar (1.0/1.5 MB) | vertx-web-4.2.2.jar (25/354 kB)Progress (2): vertx-core-4.2.2.jar (1.0/1.5 MB) | vertx-web-4.2.2.jar (25/354 kB)Progress (2): vertx-core-4.2.2.jar (1.0/1.5 MB) | vertx-web-4.2.2.jar (29/354 kB)Progress (2): vertx-core-4.2.2.jar (1.0/1.5 MB) | vertx-web-4.2.2.jar (33/354 kB)Progress (2): vertx-core-4.2.2.jar (1.0/1.5 MB) | vertx-web-4.2.2.jar (33/354 kB)Progress (2): vertx-core-4.2.2.jar (1.0/1.5 MB) | vertx-web-4.2.2.jar (37/354 kB)Progress (2): vertx-core-4.2.2.jar (1.0/1.5 MB) | vertx-web-4.2.2.jar (37/354 kB)Progress (2): vertx-core-4.2.2.jar (1.0/1.5 MB) | vertx-web-4.2.2.jar (41/354 kB)Progress (2): vertx-core-4.2.2.jar (1.0/1.5 MB) | vertx-web-4.2.2.jar (45/354 kB)Progress (2): vertx-core-4.2.2.jar (1.0/1.5 MB) | vertx-web-4.2.2.jar (45/354 kB)Progress (2): vertx-core-4.2.2.jar (1.0/1.5 MB) | vertx-web-4.2.2.jar (49/354 kB)Progress (2): vertx-core-4.2.2.jar (1.0/1.5 MB) | vertx-web-4.2.2.jar (53/354 kB)Progress (2): vertx-core-4.2.2.jar (1.0/1.5 MB) | vertx-web-4.2.2.jar (57/354 kB)Progress (2): vertx-core-4.2.2.jar (1.0/1.5 MB) | vertx-web-4.2.2.jar (61/354 kB)Progress (2): vertx-core-4.2.2.jar (1.0/1.5 MB) | vertx-web-4.2.2.jar (66/354 kB)Progress (2): vertx-core-4.2.2.jar (1.0/1.5 MB) | vertx-web-4.2.2.jar (70/354 kB)Progress (2): vertx-core-4.2.2.jar (1.0/1.5 MB) | vertx-web-4.2.2.jar (74/354 kB)Progress (2): vertx-core-4.2.2.jar (1.0/1.5 MB) | vertx-web-4.2.2.jar (74/354 kB)Progress (2): vertx-core-4.2.2.jar (1.0/1.5 MB) | vertx-web-4.2.2.jar (78/354 kB)Progress (2): vertx-core-4.2.2.jar (1.0/1.5 MB) | vertx-web-4.2.2.jar (82/354 kB)Progress (2): vertx-core-4.2.2.jar (1.0/1.5 MB) | vertx-web-4.2.2.jar (82/354 kB)Progress (2): vertx-core-4.2.2.jar (1.0/1.5 MB) | vertx-web-4.2.2.jar (86/354 kB)Progress (2): vertx-core-4.2.2.jar (1.0/1.5 MB) | vertx-web-4.2.2.jar (90/354 kB)Progress (2): vertx-core-4.2.2.jar (1.0/1.5 MB) | vertx-web-4.2.2.jar (90/354 kB)Progress (2): vertx-core-4.2.2.jar (1.0/1.5 MB) | vertx-web-4.2.2.jar (94/354 kB)Progress (2): vertx-core-4.2.2.jar (1.0/1.5 MB) | vertx-web-4.2.2.jar (98/354 kB)Progress (2): vertx-core-4.2.2.jar (1.1/1.5 MB) | vertx-web-4.2.2.jar (98/354 kB)Progress (2): vertx-core-4.2.2.jar (1.1/1.5 MB) | vertx-web-4.2.2.jar (102/354 kB)Progress (2): vertx-core-4.2.2.jar (1.1/1.5 MB) | vertx-web-4.2.2.jar (106/354 kB)Progress (2): vertx-core-4.2.2.jar (1.1/1.5 MB) | vertx-web-4.2.2.jar (111/354 kB)Progress (2): vertx-core-4.2.2.jar (1.1/1.5 MB) | vertx-web-4.2.2.jar (111/354 kB)Progress (2): vertx-core-4.2.2.jar (1.1/1.5 MB) | vertx-web-4.2.2.jar (115/354 kB)Progress (2): vertx-core-4.2.2.jar (1.1/1.5 MB) | vertx-web-4.2.2.jar (119/354 kB)Progress (2): vertx-core-4.2.2.jar (1.1/1.5 MB) | vertx-web-4.2.2.jar (119/354 kB)Progress (2): vertx-core-4.2.2.jar (1.1/1.5 MB) | vertx-web-4.2.2.jar (123/354 kB)Progress (2): vertx-core-4.2.2.jar (1.1/1.5 MB) | vertx-web-4.2.2.jar (123/354 kB)Progress (2): vertx-core-4.2.2.jar (1.1/1.5 MB) | vertx-web-4.2.2.jar (127/354 kB)Progress (2): vertx-core-4.2.2.jar (1.1/1.5 MB) | vertx-web-4.2.2.jar (131/354 kB)Progress (2): vertx-core-4.2.2.jar (1.1/1.5 MB) | vertx-web-4.2.2.jar (135/354 kB)Progress (2): vertx-core-4.2.2.jar (1.1/1.5 MB) | vertx-web-4.2.2.jar (135/354 kB)Progress (2): vertx-core-4.2.2.jar (1.1/1.5 MB) | vertx-web-4.2.2.jar (135/354 kB)Progress (2): vertx-core-4.2.2.jar (1.1/1.5 MB) | vertx-web-4.2.2.jar (139/354 kB)Progress (2): vertx-core-4.2.2.jar (1.1/1.5 MB) | vertx-web-4.2.2.jar (143/354 kB)Progress (2): vertx-core-4.2.2.jar (1.1/1.5 MB) | vertx-web-4.2.2.jar (147/354 kB)Progress (2): vertx-core-4.2.2.jar (1.1/1.5 MB) | vertx-web-4.2.2.jar (147/354 kB)Progress (2): vertx-core-4.2.2.jar (1.1/1.5 MB) | vertx-web-4.2.2.jar (152/354 kB)Progress (2): vertx-core-4.2.2.jar (1.1/1.5 MB) | vertx-web-4.2.2.jar (152/354 kB)Progress (2): vertx-core-4.2.2.jar (1.1/1.5 MB) | vertx-web-4.2.2.jar (156/354 kB)Progress (2): vertx-core-4.2.2.jar (1.1/1.5 MB) | vertx-web-4.2.2.jar (160/354 kB)Progress (2): vertx-core-4.2.2.jar (1.1/1.5 MB) | vertx-web-4.2.2.jar (164/354 kB)Progress (2): vertx-core-4.2.2.jar (1.1/1.5 MB) | vertx-web-4.2.2.jar (164/354 kB)Progress (2): vertx-core-4.2.2.jar (1.1/1.5 MB) | vertx-web-4.2.2.jar (168/354 kB)Progress (2): vertx-core-4.2.2.jar (1.1/1.5 MB) | vertx-web-4.2.2.jar (172/354 kB)Progress (2): vertx-core-4.2.2.jar (1.1/1.5 MB) | vertx-web-4.2.2.jar (172/354 kB)Progress (2): vertx-core-4.2.2.jar (1.1/1.5 MB) | vertx-web-4.2.2.jar (176/354 kB)Progress (2): vertx-core-4.2.2.jar (1.1/1.5 MB) | vertx-web-4.2.2.jar (180/354 kB)Progress (2): vertx-core-4.2.2.jar (1.1/1.5 MB) | vertx-web-4.2.2.jar (180/354 kB)Progress (2): vertx-core-4.2.2.jar (1.1/1.5 MB) | vertx-web-4.2.2.jar (184/354 kB)Progress (2): vertx-core-4.2.2.jar (1.1/1.5 MB) | vertx-web-4.2.2.jar (188/354 kB)Progress (2): vertx-core-4.2.2.jar (1.1/1.5 MB) | vertx-web-4.2.2.jar (193/354 kB)Progress (2): vertx-core-4.2.2.jar (1.1/1.5 MB) | vertx-web-4.2.2.jar (193/354 kB)Progress (2): vertx-core-4.2.2.jar (1.1/1.5 MB) | vertx-web-4.2.2.jar (197/354 kB)Progress (2): vertx-core-4.2.2.jar (1.1/1.5 MB) | vertx-web-4.2.2.jar (201/354 kB)Progress (2): vertx-core-4.2.2.jar (1.1/1.5 MB) | vertx-web-4.2.2.jar (205/354 kB)Progress (2): vertx-core-4.2.2.jar (1.2/1.5 MB) | vertx-web-4.2.2.jar (205/354 kB)Progress (2): vertx-core-4.2.2.jar (1.2/1.5 MB) | vertx-web-4.2.2.jar (209/354 kB)Progress (2): vertx-core-4.2.2.jar (1.2/1.5 MB) | vertx-web-4.2.2.jar (213/354 kB)Progress (2): vertx-core-4.2.2.jar (1.2/1.5 MB) | vertx-web-4.2.2.jar (213/354 kB)Progress (2): vertx-core-4.2.2.jar (1.2/1.5 MB) | vertx-web-4.2.2.jar (213/354 kB)Progress (2): vertx-core-4.2.2.jar (1.2/1.5 MB) | vertx-web-4.2.2.jar (217/354 kB)Progress (2): vertx-core-4.2.2.jar (1.2/1.5 MB) | vertx-web-4.2.2.jar (221/354 kB)Progress (2): vertx-core-4.2.2.jar (1.2/1.5 MB) | vertx-web-4.2.2.jar (221/354 kB)Progress (2): vertx-core-4.2.2.jar (1.2/1.5 MB) | vertx-web-4.2.2.jar (225/354 kB)Progress (2): vertx-core-4.2.2.jar (1.2/1.5 MB) | vertx-web-4.2.2.jar (225/354 kB)Progress (2): vertx-core-4.2.2.jar (1.2/1.5 MB) | vertx-web-4.2.2.jar (229/354 kB)Progress (2): vertx-core-4.2.2.jar (1.2/1.5 MB) | vertx-web-4.2.2.jar (233/354 kB)Progress (2): vertx-core-4.2.2.jar (1.2/1.5 MB) | vertx-web-4.2.2.jar (233/354 kB)Progress (2): vertx-core-4.2.2.jar (1.2/1.5 MB) | vertx-web-4.2.2.jar (238/354 kB)Progress (2): vertx-core-4.2.2.jar (1.2/1.5 MB) | vertx-web-4.2.2.jar (242/354 kB)Progress (2): vertx-core-4.2.2.jar (1.2/1.5 MB) | vertx-web-4.2.2.jar (246/354 kB)Progress (2): vertx-core-4.2.2.jar (1.2/1.5 MB) | vertx-web-4.2.2.jar (250/354 kB)Progress (2): vertx-core-4.2.2.jar (1.2/1.5 MB) | vertx-web-4.2.2.jar (254/354 kB)Progress (2): vertx-core-4.2.2.jar (1.2/1.5 MB) | vertx-web-4.2.2.jar (258/354 kB)Progress (2): vertx-core-4.2.2.jar (1.2/1.5 MB) | vertx-web-4.2.2.jar (258/354 kB)Progress (2): vertx-core-4.2.2.jar (1.2/1.5 MB) | vertx-web-4.2.2.jar (262/354 kB)Progress (2): vertx-core-4.2.2.jar (1.2/1.5 MB) | vertx-web-4.2.2.jar (266/354 kB)Progress (2): vertx-core-4.2.2.jar (1.2/1.5 MB) | vertx-web-4.2.2.jar (266/354 kB)Progress (2): vertx-core-4.2.2.jar (1.2/1.5 MB) | vertx-web-4.2.2.jar (270/354 kB)Progress (2): vertx-core-4.2.2.jar (1.2/1.5 MB) | vertx-web-4.2.2.jar (274/354 kB)Progress (2): vertx-core-4.2.2.jar (1.2/1.5 MB) | vertx-web-4.2.2.jar (274/354 kB)Progress (2): vertx-core-4.2.2.jar (1.2/1.5 MB) | vertx-web-4.2.2.jar (279/354 kB)Progress (2): vertx-core-4.2.2.jar (1.2/1.5 MB) | vertx-web-4.2.2.jar (283/354 kB)Progress (2): vertx-core-4.2.2.jar (1.2/1.5 MB) | vertx-web-4.2.2.jar (283/354 kB)Progress (2): vertx-core-4.2.2.jar (1.2/1.5 MB) | vertx-web-4.2.2.jar (287/354 kB)Progress (2): vertx-core-4.2.2.jar (1.2/1.5 MB) | vertx-web-4.2.2.jar (287/354 kB)Progress (2): vertx-core-4.2.2.jar (1.2/1.5 MB) | vertx-web-4.2.2.jar (291/354 kB)Progress (2): vertx-core-4.2.2.jar (1.2/1.5 MB) | vertx-web-4.2.2.jar (295/354 kB)Progress (2): vertx-core-4.2.2.jar (1.2/1.5 MB) | vertx-web-4.2.2.jar (295/354 kB)Progress (2): vertx-core-4.2.2.jar (1.2/1.5 MB) | vertx-web-4.2.2.jar (299/354 kB)Progress (2): vertx-core-4.2.2.jar (1.2/1.5 MB) | vertx-web-4.2.2.jar (303/354 kB)Progress (2): vertx-core-4.2.2.jar (1.3/1.5 MB) | vertx-web-4.2.2.jar (303/354 kB)Progress (2): vertx-core-4.2.2.jar (1.3/1.5 MB) | vertx-web-4.2.2.jar (307/354 kB)Progress (2): vertx-core-4.2.2.jar (1.3/1.5 MB) | vertx-web-4.2.2.jar (311/354 kB)Progress (2): vertx-core-4.2.2.jar (1.3/1.5 MB) | vertx-web-4.2.2.jar (311/354 kB)Progress (2): vertx-core-4.2.2.jar (1.3/1.5 MB) | vertx-web-4.2.2.jar (315/354 kB)Progress (2): vertx-core-4.2.2.jar (1.3/1.5 MB) | vertx-web-4.2.2.jar (319/354 kB)Progress (2): vertx-core-4.2.2.jar (1.3/1.5 MB) | vertx-web-4.2.2.jar (324/354 kB)Progress (2): vertx-core-4.2.2.jar (1.3/1.5 MB) | vertx-web-4.2.2.jar (328/354 kB)Progress (2): vertx-core-4.2.2.jar (1.3/1.5 MB) | vertx-web-4.2.2.jar (332/354 kB)Progress (2): vertx-core-4.2.2.jar (1.3/1.5 MB) | vertx-web-4.2.2.jar (336/354 kB)Progress (2): vertx-core-4.2.2.jar (1.3/1.5 MB) | vertx-web-4.2.2.jar (340/354 kB)Progress (2): vertx-core-4.2.2.jar (1.3/1.5 MB) | vertx-web-4.2.2.jar (344/354 kB)Progress (2): vertx-core-4.2.2.jar (1.3/1.5 MB) | vertx-web-4.2.2.jar (348/354 kB)Progress (2): vertx-core-4.2.2.jar (1.3/1.5 MB) | vertx-web-4.2.2.jar (352/354 kB)Progress (2): vertx-core-4.2.2.jar (1.3/1.5 MB) | vertx-web-4.2.2.jar (354 kB)    Progress (2): vertx-core-4.2.2.jar (1.3/1.5 MB) | vertx-web-4.2.2.jar (354 kB)Progress (2): vertx-core-4.2.2.jar (1.3/1.5 MB) | vertx-web-4.2.2.jar (354 kB)Progress (2): vertx-core-4.2.2.jar (1.3/1.5 MB) | vertx-web-4.2.2.jar (354 kB)Progress (2): vertx-core-4.2.2.jar (1.3/1.5 MB) | vertx-web-4.2.2.jar (354 kB)Progress (2): vertx-core-4.2.2.jar (1.3/1.5 MB) | vertx-web-4.2.2.jar (354 kB)Progress (2): vertx-core-4.2.2.jar (1.3/1.5 MB) | vertx-web-4.2.2.jar (354 kB)Progress (2): vertx-core-4.2.2.jar (1.3/1.5 MB) | vertx-web-4.2.2.jar (354 kB)Progress (2): vertx-core-4.2.2.jar (1.3/1.5 MB) | vertx-web-4.2.2.jar (354 kB)Progress (2): vertx-core-4.2.2.jar (1.3/1.5 MB) | vertx-web-4.2.2.jar (354 kB)Progress (2): vertx-core-4.2.2.jar (1.3/1.5 MB) | vertx-web-4.2.2.jar (354 kB)Progress (2): vertx-core-4.2.2.jar (1.3/1.5 MB) | vertx-web-4.2.2.jar (354 kB)Progress (2): vertx-core-4.2.2.jar (1.4/1.5 MB) | vertx-web-4.2.2.jar (354 kB)Progress (2): vertx-core-4.2.2.jar (1.4/1.5 MB) | vertx-web-4.2.2.jar (354 kB)Progress (2): vertx-core-4.2.2.jar (1.4/1.5 MB) | vertx-web-4.2.2.jar (354 kB)Progress (2): vertx-core-4.2.2.jar (1.4/1.5 MB) | vertx-web-4.2.2.jar (354 kB)Progress (2): vertx-core-4.2.2.jar (1.4/1.5 MB) | vertx-web-4.2.2.jar (354 kB)Progress (2): vertx-core-4.2.2.jar (1.4/1.5 MB) | vertx-web-4.2.2.jar (354 kB)Progress (2): vertx-core-4.2.2.jar (1.4/1.5 MB) | vertx-web-4.2.2.jar (354 kB)Progress (2): vertx-core-4.2.2.jar (1.4/1.5 MB) | vertx-web-4.2.2.jar (354 kB)Progress (2): vertx-core-4.2.2.jar (1.4/1.5 MB) | vertx-web-4.2.2.jar (354 kB)Progress (2): vertx-core-4.2.2.jar (1.4/1.5 MB) | vertx-web-4.2.2.jar (354 kB)Progress (2): vertx-core-4.2.2.jar (1.4/1.5 MB) | vertx-web-4.2.2.jar (354 kB)Progress (2): vertx-core-4.2.2.jar (1.4/1.5 MB) | vertx-web-4.2.2.jar (354 kB)Progress (2): vertx-core-4.2.2.jar (1.5/1.5 MB) | vertx-web-4.2.2.jar (354 kB)Progress (2): vertx-core-4.2.2.jar (1.5 MB) | vertx-web-4.2.2.jar (354 kB)    Progress (3): vertx-core-4.2.2.jar (1.5 MB) | vertx-web-4.2.2.jar (354 kB) | quarkus-amazon-lambda-event-server-2.6.1.Final.jar (4.1/10 kB)Progress (3): vertx-core-4.2.2.jar (1.5 MB) | vertx-web-4.2.2.jar (354 kB) | quarkus-amazon-lambda-event-server-2.6.1.Final.jar (8.2/10 kB)Progress (3): vertx-core-4.2.2.jar (1.5 MB) | vertx-web-4.2.2.jar (354 kB) | quarkus-amazon-lambda-event-server-2.6.1.Final.jar (10 kB)    Progress (4): vertx-core-4.2.2.jar (1.5 MB) | vertx-web-4.2.2.jar (354 kB) | quarkus-amazon-lambda-event-server-2.6.1.Final.jar (10 kB) | quarkus-amazon-lambda-common-deployment-2.6.1.Final.jar (4.1/22 kB)Progress (4): vertx-core-4.2.2.jar (1.5 MB) | vertx-web-4.2.2.jar (354 kB) | quarkus-amazon-lambda-event-server-2.6.1.Final.jar (10 kB) | quarkus-amazon-lambda-common-deployment-2.6.1.Final.jar (8.2/22 kB)Progress (4): vertx-core-4.2.2.jar (1.5 MB) | vertx-web-4.2.2.jar (354 kB) | quarkus-amazon-lambda-event-server-2.6.1.Final.jar (10 kB) | quarkus-amazon-lambda-common-deployment-2.6.1.Final.jar (12/22 kB) Progress (4): vertx-core-4.2.2.jar (1.5 MB) | vertx-web-4.2.2.jar (354 kB) | quarkus-amazon-lambda-event-server-2.6.1.Final.jar (10 kB) | quarkus-amazon-lambda-common-deployment-2.6.1.Final.jar (16/22 kB)Progress (4): vertx-core-4.2.2.jar (1.5 MB) | vertx-web-4.2.2.jar (354 kB) | quarkus-amazon-lambda-event-server-2.6.1.Final.jar (10 kB) | quarkus-amazon-lambda-common-deployment-2.6.1.Final.jar (20/22 kB)Progress (4): vertx-core-4.2.2.jar (1.5 MB) | vertx-web-4.2.2.jar (354 kB) | quarkus-amazon-lambda-event-server-2.6.1.Final.jar (10 kB) | quarkus-amazon-lambda-common-deployment-2.6.1.Final.jar (22 kB)   Progress (5): vertx-core-4.2.2.jar (1.5 MB) | vertx-web-4.2.2.jar (354 kB) | quarkus-amazon-lambda-event-server-2.6.1.Final.jar (10 kB) | quarkus-amazon-lambda-common-deployment-2.6.1.Final.jar (22 kB) | quarkus-amazon-lambda-deployment-2.6.1.Final.jar (4.1/11 kB)Progress (5): vertx-core-4.2.2.jar (1.5 MB) | vertx-web-4.2.2.jar (354 kB) | quarkus-amazon-lambda-event-server-2.6.1.Final.jar (10 kB) | quarkus-amazon-lambda-common-deployment-2.6.1.Final.jar (22 kB) | quarkus-amazon-lambda-deployment-2.6.1.Final.jar (8.2/11 kB)Progress (5): vertx-core-4.2.2.jar (1.5 MB) | vertx-web-4.2.2.jar (354 kB) | quarkus-amazon-lambda-event-server-2.6.1.Final.jar (10 kB) | quarkus-amazon-lambda-common-deployment-2.6.1.Final.jar (22 kB) | quarkus-amazon-lambda-deployment-2.6.1.Final.jar (11 kB)                                                                                                                                                                                                                                                                        Downloaded from central: https://repo.maven.apache.org/maven2/io/vertx/vertx-web/4.2.2/vertx-web-4.2.2.jar (354 kB at 133 kB/s)
Downloaded from central: https://repo.maven.apache.org/maven2/io/vertx/vertx-core/4.2.2/vertx-core-4.2.2.jar (1.5 MB at 543 kB/s)
Downloaded from central: https://repo.maven.apache.org/maven2/io/quarkus/quarkus-amazon-lambda-event-server/2.6.1.Final/quarkus-amazon-lambda-event-server-2.6.1.Final.jar (10 kB at 3.8 kB/s)
Downloaded from central: https://repo.maven.apache.org/maven2/io/quarkus/quarkus-amazon-lambda-common-deployment/2.6.1.Final/quarkus-amazon-lambda-common-deployment-2.6.1.Final.jar (22 kB at 8.0 kB/s)
Downloaded from central: https://repo.maven.apache.org/maven2/io/quarkus/quarkus-amazon-lambda-deployment/2.6.1.Final/quarkus-amazon-lambda-deployment-2.6.1.Final.jar (11 kB at 3.8 kB/s)
Downloading from central: https://repo.maven.apache.org/maven2/io/quarkus/quarkus-bom-quarkus-platform-properties/2.6.1.Final/quarkus-bom-quarkus-platform-properties-2.6.1.Final.properties
Progress (1): quarkus-bom-quarkus-platform-properties-2.6.1.Final.properties (90 B)                                                                                   Downloaded from central: https://repo.maven.apache.org/maven2/io/quarkus/quarkus-bom-quarkus-platform-properties/2.6.1.Final/quarkus-bom-quarkus-platform-properties-2.6.1.Final.properties (90 B at 258 B/s)
2022-01-04 08:32:19,452 INFO  [io.qua.ama.lam.run.MockEventServer] (build-7) Mock Lambda Event Server Started
2022-01-04 08:32:20,489 INFO  [io.qua.ama.lam.run.AbstractLambdaPollLoop] (Lambda Thread (TEST)) Listening on: http://localhost:8081/_lambda_/2018-06-01/runtime/invocation/next
2022-01-04 08:32:20,512 INFO  [io.quarkus] (main) Quarkus 2.6.1.Final on JVM started in 2.828s. 
2022-01-04 08:32:20,513 INFO  [io.quarkus] (main) Profile test activated. 
2022-01-04 08:32:20,513 INFO  [io.quarkus] (main) Installed features: [amazon-lambda, cdi]
]]></system-out>
  </testcase>
</testsuite>