<?xml version="1.0" encoding="UTF-8"?>
<testsuite xmlns:xsi="http://www.w3.org/2001/XMLSchema-instance" xsi:noNamespaceSchemaLocation="https://maven.apache.org/surefire/maven-surefire-plugin/xsd/surefire-test-report-3.0.xsd" version="3.0" name="br.com.quarkuslambdarest.GreetingTest" time="23.108" tests="4" errors="0" skipped="0" failures="0">
  <properties>
[...]
</properties>
  <testcase name="testFunqy" classname="br.com.quarkuslambdarest.GreetingTest" time="1.787">
    <system-out><![CDATA[Downloading from central: https://repo.maven.apache.org/maven2/io/quarkus/quarkus-resteasy-deployment/2.6.1.Final/quarkus-resteasy-deployment-2.6.1.Final.pom
Progress (1): quarkus-resteasy-deployment-2.6.1.Final.pom (2.7/3.7 kB)Progress (1): quarkus-resteasy-deployment-2.6.1.Final.pom (3.7 kB)                                                                      Downloaded from central: https://repo.maven.apache.org/maven2/io/quarkus/quarkus-resteasy-deployment/2.6.1.Final/quarkus-resteasy-deployment-2.6.1.Final.pom (3.7 kB at 2.7 kB/s)
Downloading from central: https://repo.maven.apache.org/maven2/io/quarkus/quarkus-resteasy-server-common-deployment/2.6.1.Final/quarkus-resteasy-server-common-deployment-2.6.1.Final.pom
Progress (1): quarkus-resteasy-server-common-deployment-2.6.1.Final.pom (2.3 kB)                                                                                Downloaded from central: https://repo.maven.apache.org/maven2/io/quarkus/quarkus-resteasy-server-common-deployment/2.6.1.Final/quarkus-resteasy-server-common-deployment-2.6.1.Final.pom (2.3 kB at 6.0 kB/s)
Downloading from central: https://repo.maven.apache.org/maven2/io/quarkus/quarkus-resteasy-common-deployment/2.6.1.Final/quarkus-resteasy-common-deployment-2.6.1.Final.pom
Progress (1): quarkus-resteasy-common-deployment-2.6.1.Final.pom (1.8 kB)                                                                         Downloaded from central: https://repo.maven.apache.org/maven2/io/quarkus/quarkus-resteasy-common-deployment/2.6.1.Final/quarkus-resteasy-common-deployment-2.6.1.Final.pom (1.8 kB at 6.0 kB/s)
Downloading from central: https://repo.maven.apache.org/maven2/io/quarkus/quarkus-resteasy-common-spi/2.6.1.Final/quarkus-resteasy-common-spi-2.6.1.Final.pom
Progress (1): quarkus-resteasy-common-spi-2.6.1.Final.pom (776 B)                                                                 Downloaded from central: https://repo.maven.apache.org/maven2/io/quarkus/quarkus-resteasy-common-spi/2.6.1.Final/quarkus-resteasy-common-spi-2.6.1.Final.pom (776 B at 2.3 kB/s)
Downloading from central: https://repo.maven.apache.org/maven2/io/quarkus/quarkus-jaxrs-spi-deployment/2.6.1.Final/quarkus-jaxrs-spi-deployment-2.6.1.Final.pom
Progress (1): quarkus-jaxrs-spi-deployment-2.6.1.Final.pom (779 B)                                                                  Downloaded from central: https://repo.maven.apache.org/maven2/io/quarkus/quarkus-jaxrs-spi-deployment/2.6.1.Final/quarkus-jaxrs-spi-deployment-2.6.1.Final.pom (779 B at 2.6 kB/s)
Downloading from central: https://repo.maven.apache.org/maven2/io/quarkus/quarkus-jaxrs-spi-parent/2.6.1.Final/quarkus-jaxrs-spi-parent-2.6.1.Final.pom
Progress (1): quarkus-jaxrs-spi-parent-2.6.1.Final.pom (723 B)                                                              Downloaded from central: https://repo.maven.apache.org/maven2/io/quarkus/quarkus-jaxrs-spi-parent/2.6.1.Final/quarkus-jaxrs-spi-parent-2.6.1.Final.pom (723 B at 2.4 kB/s)
Downloading from central: https://repo.maven.apache.org/maven2/io/quarkus/quarkus-resteasy-server-common-spi/2.6.1.Final/quarkus-resteasy-server-common-spi-2.6.1.Final.pom
Progress (1): quarkus-resteasy-server-common-spi-2.6.1.Final.pom (889 B)                                                                        Downloaded from central: https://repo.maven.apache.org/maven2/io/quarkus/quarkus-resteasy-server-common-spi/2.6.1.Final/quarkus-resteasy-server-common-spi-2.6.1.Final.pom (889 B at 2.6 kB/s)
Downloading from central: https://repo.maven.apache.org/maven2/io/quarkus/quarkus-undertow-spi/2.6.1.Final/quarkus-undertow-spi-2.6.1.Final.pom
Progress (1): quarkus-undertow-spi-2.6.1.Final.pom (2.0 kB)                                                           Downloaded from central: https://repo.maven.apache.org/maven2/io/quarkus/quarkus-undertow-spi/2.6.1.Final/quarkus-undertow-spi-2.6.1.Final.pom (2.0 kB at 6.2 kB/s)
Downloading from central: https://repo.maven.apache.org/maven2/io/quarkus/quarkus-vertx-http-deployment/2.6.1.Final/quarkus-vertx-http-deployment-2.6.1.Final.pom
Progress (1): quarkus-vertx-http-deployment-2.6.1.Final.pom (2.7/16 kB)Progress (1): quarkus-vertx-http-deployment-2.6.1.Final.pom (5.5/16 kB)Progress (1): quarkus-vertx-http-deployment-2.6.1.Final.pom (8.2/16 kB)Progress (1): quarkus-vertx-http-deployment-2.6.1.Final.pom (11/16 kB) Progress (1): quarkus-vertx-http-deployment-2.6.1.Final.pom (14/16 kB)Progress (1): quarkus-vertx-http-deployment-2.6.1.Final.pom (16 kB)                                                                      Downloaded from central: https://repo.maven.apache.org/maven2/io/quarkus/quarkus-vertx-http-deployment/2.6.1.Final/quarkus-vertx-http-deployment-2.6.1.Final.pom (16 kB at 37 kB/s)
Downloading from central: https://repo.maven.apache.org/maven2/io/quarkus/quarkus-vertx-deployment/2.6.1.Final/quarkus-vertx-deployment-2.6.1.Final.pom
Progress (1): quarkus-vertx-deployment-2.6.1.Final.pom (2.5 kB)                                                               Downloaded from central: https://repo.maven.apache.org/maven2/io/quarkus/quarkus-vertx-deployment/2.6.1.Final/quarkus-vertx-deployment-2.6.1.Final.pom (2.5 kB at 8.6 kB/s)
Downloading from central: https://repo.maven.apache.org/maven2/io/quarkus/quarkus-netty-deployment/2.6.1.Final/quarkus-netty-deployment-2.6.1.Final.pom
Progress (1): quarkus-netty-deployment-2.6.1.Final.pom (1.5 kB)                                                               Downloaded from central: https://repo.maven.apache.org/maven2/io/quarkus/quarkus-netty-deployment/2.6.1.Final/quarkus-netty-deployment-2.6.1.Final.pom (1.5 kB at 3.9 kB/s)
Downloading from central: https://repo.maven.apache.org/maven2/io/quarkus/quarkus-mutiny-deployment/2.6.1.Final/quarkus-mutiny-deployment-2.6.1.Final.pom
Progress (1): quarkus-mutiny-deployment-2.6.1.Final.pom (2.0 kB)                                                                Downloaded from central: https://repo.maven.apache.org/maven2/io/quarkus/quarkus-mutiny-deployment/2.6.1.Final/quarkus-mutiny-deployment-2.6.1.Final.pom (2.0 kB at 5.2 kB/s)
Downloading from central: https://repo.maven.apache.org/maven2/io/quarkus/quarkus-smallrye-context-propagation-deployment/2.6.1.Final/quarkus-smallrye-context-propagation-deployment-2.6.1.Final.pom
Progress (1): quarkus-smallrye-context-propagation-deployment-2.6.1.Final.pom (1.9 kB)                                                                                      Downloaded from central: https://repo.maven.apache.org/maven2/io/quarkus/quarkus-smallrye-context-propagation-deployment/2.6.1.Final/quarkus-smallrye-context-propagation-deployment-2.6.1.Final.pom (1.9 kB at 4.9 kB/s)
Downloading from central: https://repo.maven.apache.org/maven2/io/quarkus/quarkus-vertx-http-deployment-spi/2.6.1.Final/quarkus-vertx-http-deployment-spi-2.6.1.Final.pom
Progress (1): quarkus-vertx-http-deployment-spi-2.6.1.Final.pom (831 B)                                                                       Downloaded from central: https://repo.maven.apache.org/maven2/io/quarkus/quarkus-vertx-http-deployment-spi/2.6.1.Final/quarkus-vertx-http-deployment-spi-2.6.1.Final.pom (831 B at 2.2 kB/s)
Downloading from central: https://repo.maven.apache.org/maven2/io/quarkus/quarkus-kubernetes-spi/2.6.1.Final/quarkus-kubernetes-spi-2.6.1.Final.pom
Progress (1): quarkus-kubernetes-spi-2.6.1.Final.pom (1.2 kB)                                                             Downloaded from central: https://repo.maven.apache.org/maven2/io/quarkus/quarkus-kubernetes-spi/2.6.1.Final/quarkus-kubernetes-spi-2.6.1.Final.pom (1.2 kB at 4.3 kB/s)
Downloading from central: https://repo.maven.apache.org/maven2/io/quarkus/quarkus-kubernetes-parent/2.6.1.Final/quarkus-kubernetes-parent-2.6.1.Final.pom
Progress (1): quarkus-kubernetes-parent-2.6.1.Final.pom (809 B)                                                               Downloaded from central: https://repo.maven.apache.org/maven2/io/quarkus/quarkus-kubernetes-parent/2.6.1.Final/quarkus-kubernetes-parent-2.6.1.Final.pom (809 B at 2.0 kB/s)
Downloading from central: https://repo.maven.apache.org/maven2/io/quarkus/quarkus-security-spi/2.6.1.Final/quarkus-security-spi-2.6.1.Final.pom
Progress (1): quarkus-security-spi-2.6.1.Final.pom (1.5 kB)                                                           Downloaded from central: https://repo.maven.apache.org/maven2/io/quarkus/quarkus-security-spi/2.6.1.Final/quarkus-security-spi-2.6.1.Final.pom (1.5 kB at 3.3 kB/s)
Downloading from central: https://repo.maven.apache.org/maven2/io/quarkus/quarkus-undertow-deployment/2.6.1.Final/quarkus-undertow-deployment-2.6.1.Final.pom
Progress (1): quarkus-undertow-deployment-2.6.1.Final.pom (2.7/3.5 kB)Progress (1): quarkus-undertow-deployment-2.6.1.Final.pom (3.5 kB)                                                                      Downloaded from central: https://repo.maven.apache.org/maven2/io/quarkus/quarkus-undertow-deployment/2.6.1.Final/quarkus-undertow-deployment-2.6.1.Final.pom (3.5 kB at 8.1 kB/s)
Downloading from central: https://repo.maven.apache.org/maven2/io/quarkus/quarkus-reactive-routes-deployment/2.6.1.Final/quarkus-reactive-routes-deployment-2.6.1.Final.pom
Progress (1): quarkus-reactive-routes-deployment-2.6.1.Final.pom (3.0 kB)                                                                         Downloaded from central: https://repo.maven.apache.org/maven2/io/quarkus/quarkus-reactive-routes-deployment/2.6.1.Final/quarkus-reactive-routes-deployment-2.6.1.Final.pom (3.0 kB at 7.2 kB/s)
Downloading from central: https://repo.maven.apache.org/maven2/io/quarkus/quarkus-hibernate-validator-spi/2.6.1.Final/quarkus-hibernate-validator-spi-2.6.1.Final.pom
Progress (1): quarkus-hibernate-validator-spi-2.6.1.Final.pom (883 B)                                                                     Downloaded from central: https://repo.maven.apache.org/maven2/io/quarkus/quarkus-hibernate-validator-spi/2.6.1.Final/quarkus-hibernate-validator-spi-2.6.1.Final.pom (883 B at 2.3 kB/s)
Downloading from central: https://repo.maven.apache.org/maven2/io/quarkus/quarkus-hibernate-validator-parent/2.6.1.Final/quarkus-hibernate-validator-parent-2.6.1.Final.pom
Progress (1): quarkus-hibernate-validator-parent-2.6.1.Final.pom (794 B)                                                                        Downloaded from central: https://repo.maven.apache.org/maven2/io/quarkus/quarkus-hibernate-validator-parent/2.6.1.Final/quarkus-hibernate-validator-parent-2.6.1.Final.pom (794 B at 2.0 kB/s)
Downloading from central: https://repo.maven.apache.org/maven2/io/quarkus/quarkus-funqy-http-deployment/2.6.1.Final/quarkus-funqy-http-deployment-2.6.1.Final.pom
Progress (1): quarkus-funqy-http-deployment-2.6.1.Final.pom (2.3 kB)                                                                    Downloaded from central: https://repo.maven.apache.org/maven2/io/quarkus/quarkus-funqy-http-deployment/2.6.1.Final/quarkus-funqy-http-deployment-2.6.1.Final.pom (2.3 kB at 6.6 kB/s)
Downloading from central: https://repo.maven.apache.org/maven2/io/quarkus/quarkus-funqy-server-common-deployment/2.6.1.Final/quarkus-funqy-server-common-deployment-2.6.1.Final.pom
Progress (1): quarkus-funqy-server-common-deployment-2.6.1.Final.pom (1.7 kB)                                                                             Downloaded from central: https://repo.maven.apache.org/maven2/io/quarkus/quarkus-funqy-server-common-deployment/2.6.1.Final/quarkus-funqy-server-common-deployment-2.6.1.Final.pom (1.7 kB at 3.8 kB/s)
Downloading from central: https://repo.maven.apache.org/maven2/io/quarkus/quarkus-amazon-lambda-rest-deployment/2.6.1.Final/quarkus-amazon-lambda-rest-deployment-2.6.1.Final.pom
Progress (1): quarkus-amazon-lambda-rest-deployment-2.6.1.Final.pom (2.4 kB)                                                                            Downloaded from central: https://repo.maven.apache.org/maven2/io/quarkus/quarkus-amazon-lambda-rest-deployment/2.6.1.Final/quarkus-amazon-lambda-rest-deployment-2.6.1.Final.pom (2.4 kB at 6.2 kB/s)
Downloading from central: https://repo.maven.apache.org/maven2/io/quarkus/quarkus-security-deployment/2.6.1.Final/quarkus-security-deployment-2.6.1.Final.pom
Progress (1): quarkus-security-deployment-2.6.1.Final.pom (2.5 kB)                                                                  Downloaded from central: https://repo.maven.apache.org/maven2/io/quarkus/quarkus-security-deployment/2.6.1.Final/quarkus-security-deployment-2.6.1.Final.pom (2.5 kB at 6.9 kB/s)
Downloading from central: https://repo.maven.apache.org/maven2/io/quarkus/quarkus-apache-httpclient-deployment/2.6.1.Final/quarkus-apache-httpclient-deployment-2.6.1.Final.pom
Progress (1): quarkus-apache-httpclient-deployment-2.6.1.Final.pom (1.5 kB)                                                                           Downloaded from central: https://repo.maven.apache.org/maven2/io/quarkus/quarkus-apache-httpclient-deployment/2.6.1.Final/quarkus-apache-httpclient-deployment-2.6.1.Final.pom (1.5 kB at 4.6 kB/s)
Downloading from central: https://repo.maven.apache.org/maven2/io/quarkus/quarkus-amazon-lambda-rest-event-server/2.6.1.Final/quarkus-amazon-lambda-rest-event-server-2.6.1.Final.pom
Progress (1): quarkus-amazon-lambda-rest-event-server-2.6.1.Final.pom (2.2 kB)                                                                              Downloaded from central: https://repo.maven.apache.org/maven2/io/quarkus/quarkus-amazon-lambda-rest-event-server/2.6.1.Final/quarkus-amazon-lambda-rest-event-server-2.6.1.Final.pom (2.2 kB at 4.9 kB/s)
Downloading from central: https://repo.maven.apache.org/maven2/io/quarkus/quarkus-resteasy-common-spi/2.6.1.Final/quarkus-resteasy-common-spi-2.6.1.Final.jar
Downloading from central: https://repo.maven.apache.org/maven2/io/quarkus/quarkus-resteasy-common-deployment/2.6.1.Final/quarkus-resteasy-common-deployment-2.6.1.Final.jar
Downloading from central: https://repo.maven.apache.org/maven2/io/quarkus/quarkus-jaxrs-spi-deployment/2.6.1.Final/quarkus-jaxrs-spi-deployment-2.6.1.Final.jar
Downloading from central: https://repo.maven.apache.org/maven2/io/quarkus/quarkus-resteasy-server-common-spi/2.6.1.Final/quarkus-resteasy-server-common-spi-2.6.1.Final.jar
Downloading from central: https://repo.maven.apache.org/maven2/io/quarkus/quarkus-resteasy-server-common-deployment/2.6.1.Final/quarkus-resteasy-server-common-deployment-2.6.1.Final.jar
Progress (1): quarkus-resteasy-common-spi-2.6.1.Final.jar (4.1/9.0 kB)Progress (1): quarkus-resteasy-common-spi-2.6.1.Final.jar (8.2/9.0 kB)Progress (1): quarkus-resteasy-common-spi-2.6.1.Final.jar (9.0 kB)                                                                      Downloaded from central: https://repo.maven.apache.org/maven2/io/quarkus/quarkus-resteasy-common-spi/2.6.1.Final/quarkus-resteasy-common-spi-2.6.1.Final.jar (9.0 kB at 20 kB/s)
Downloading from central: https://repo.maven.apache.org/maven2/io/quarkus/quarkus-vertx-http-deployment-spi/2.6.1.Final/quarkus-vertx-http-deployment-spi-2.6.1.Final.jar
Progress (1): quarkus-jaxrs-spi-deployment-2.6.1.Final.jar (2.7/3.4 kB)Progress (2): quarkus-jaxrs-spi-deployment-2.6.1.Final.jar (2.7/3.4 kB) | quarkus-resteasy-common-deployment-2.6.1.Final.jar (2.7/21 kB)Progress (3): quarkus-jaxrs-spi-deployment-2.6.1.Final.jar (2.7/3.4 kB) | quarkus-resteasy-common-deployment-2.6.1.Final.jar (2.7/21 kB) | quarkus-vertx-http-deployment-spi-2.6.1.Final.jar (3.5 kB)Progress (3): quarkus-jaxrs-spi-deployment-2.6.1.Final.jar (2.7/3.4 kB) | quarkus-resteasy-common-deployment-2.6.1.Final.jar (5.5/21 kB) | quarkus-vertx-http-deployment-spi-2.6.1.Final.jar (3.5 kB)Progress (4): quarkus-jaxrs-spi-deployment-2.6.1.Final.jar (2.7/3.4 kB) | quarkus-resteasy-common-deployment-2.6.1.Final.jar (5.5/21 kB) | quarkus-vertx-http-deployment-spi-2.6.1.Final.jar (3.5 kB) | quarkus-resteasy-server-common-deployment-2.6.1.Final.jar (2.7/33 kB)Progress (4): quarkus-jaxrs-spi-deployment-2.6.1.Final.jar (2.7/3.4 kB) | quarkus-resteasy-common-deployment-2.6.1.Final.jar (8.2/21 kB) | quarkus-vertx-http-deployment-spi-2.6.1.Final.jar (3.5 kB) | quarkus-resteasy-server-common-deployment-2.6.1.Final.jar (2.7/33 kB)Progress (4): quarkus-jaxrs-spi-deployment-2.6.1.Final.jar (2.7/3.4 kB) | quarkus-resteasy-common-deployment-2.6.1.Final.jar (8.2/21 kB) | quarkus-vertx-http-deployment-spi-2.6.1.Final.jar (3.5 kB) | quarkus-resteasy-server-common-deployment-2.6.1.Final.jar (5.5/33 kB)Progress (4): quarkus-jaxrs-spi-deployment-2.6.1.Final.jar (3.4 kB) | quarkus-resteasy-common-deployment-2.6.1.Final.jar (8.2/21 kB) | quarkus-vertx-http-deployment-spi-2.6.1.Final.jar (3.5 kB) | quarkus-resteasy-server-common-deployment-2.6.1.Final.jar (5.5/33 kB)    Progress (5): quarkus-jaxrs-spi-deployment-2.6.1.Final.jar (3.4 kB) | quarkus-resteasy-common-deployment-2.6.1.Final.jar (8.2/21 kB) | quarkus-vertx-http-deployment-spi-2.6.1.Final.jar (3.5 kB) | quarkus-resteasy-server-common-deployment-2.6.1.Final.jar (5.5/33 kB) | quarkus-resteasy-server-common-spi-2.6.1.Final.jar (2.7/5.6 kB)Progress (5): quarkus-jaxrs-spi-deployment-2.6.1.Final.jar (3.4 kB) | quarkus-resteasy-common-deployment-2.6.1.Final.jar (8.2/21 kB) | quarkus-vertx-http-deployment-spi-2.6.1.Final.jar (3.5 kB) | quarkus-resteasy-server-common-deployment-2.6.1.Final.jar (5.5/33 kB) | quarkus-resteasy-server-common-spi-2.6.1.Final.jar (5.5/5.6 kB)Progress (5): quarkus-jaxrs-spi-deployment-2.6.1.Final.jar (3.4 kB) | quarkus-resteasy-common-deployment-2.6.1.Final.jar (11/21 kB) | quarkus-vertx-http-deployment-spi-2.6.1.Final.jar (3.5 kB) | quarkus-resteasy-server-common-deployment-2.6.1.Final.jar (5.5/33 kB) | quarkus-resteasy-server-common-spi-2.6.1.Final.jar (5.5/5.6 kB) Progress (5): quarkus-jaxrs-spi-deployment-2.6.1.Final.jar (3.4 kB) | quarkus-resteasy-common-deployment-2.6.1.Final.jar (11/21 kB) | quarkus-vertx-http-deployment-spi-2.6.1.Final.jar (3.5 kB) | quarkus-resteasy-server-common-deployment-2.6.1.Final.jar (8.2/33 kB) | quarkus-resteasy-server-common-spi-2.6.1.Final.jar (5.5/5.6 kB)Progress (5): quarkus-jaxrs-spi-deployment-2.6.1.Final.jar (3.4 kB) | quarkus-resteasy-common-deployment-2.6.1.Final.jar (11/21 kB) | quarkus-vertx-http-deployment-spi-2.6.1.Final.jar (3.5 kB) | quarkus-resteasy-server-common-deployment-2.6.1.Final.jar (8.2/33 kB) | quarkus-resteasy-server-common-spi-2.6.1.Final.jar (5.6 kB)    Progress (5): quarkus-jaxrs-spi-deployment-2.6.1.Final.jar (3.4 kB) | quarkus-resteasy-common-deployment-2.6.1.Final.jar (11/21 kB) | quarkus-vertx-http-deployment-spi-2.6.1.Final.jar (3.5 kB) | quarkus-resteasy-server-common-deployment-2.6.1.Final.jar (11/33 kB) | quarkus-resteasy-server-common-spi-2.6.1.Final.jar (5.6 kB) Progress (5): quarkus-jaxrs-spi-deployment-2.6.1.Final.jar (3.4 kB) | quarkus-resteasy-common-deployment-2.6.1.Final.jar (14/21 kB) | quarkus-vertx-http-deployment-spi-2.6.1.Final.jar (3.5 kB) | quarkus-resteasy-server-common-deployment-2.6.1.Final.jar (11/33 kB) | quarkus-resteasy-server-common-spi-2.6.1.Final.jar (5.6 kB)Progress (5): quarkus-jaxrs-spi-deployment-2.6.1.Final.jar (3.4 kB) | quarkus-resteasy-common-deployment-2.6.1.Final.jar (16/21 kB) | quarkus-vertx-http-deployment-spi-2.6.1.Final.jar (3.5 kB) | quarkus-resteasy-server-common-deployment-2.6.1.Final.jar (11/33 kB) | quarkus-resteasy-server-common-spi-2.6.1.Final.jar (5.6 kB)Progress (5): quarkus-jaxrs-spi-deployment-2.6.1.Final.jar (3.4 kB) | quarkus-resteasy-common-deployment-2.6.1.Final.jar (16/21 kB) | quarkus-vertx-http-deployment-spi-2.6.1.Final.jar (3.5 kB) | quarkus-resteasy-server-common-deployment-2.6.1.Final.jar (14/33 kB) | quarkus-resteasy-server-common-spi-2.6.1.Final.jar (5.6 kB)Progress (5): quarkus-jaxrs-spi-deployment-2.6.1.Final.jar (3.4 kB) | quarkus-resteasy-common-deployment-2.6.1.Final.jar (19/21 kB) | quarkus-vertx-http-deployment-spi-2.6.1.Final.jar (3.5 kB) | quarkus-resteasy-server-common-deployment-2.6.1.Final.jar (14/33 kB) | quarkus-resteasy-server-common-spi-2.6.1.Final.jar (5.6 kB)Progress (5): quarkus-jaxrs-spi-deployment-2.6.1.Final.jar (3.4 kB) | quarkus-resteasy-common-deployment-2.6.1.Final.jar (19/21 kB) | quarkus-vertx-http-deployment-spi-2.6.1.Final.jar (3.5 kB) | quarkus-resteasy-server-common-deployment-2.6.1.Final.jar (16/33 kB) | quarkus-resteasy-server-common-spi-2.6.1.Final.jar (5.6 kB)Progress (5): quarkus-jaxrs-spi-deployment-2.6.1.Final.jar (3.4 kB) | quarkus-resteasy-common-deployment-2.6.1.Final.jar (21 kB) | quarkus-vertx-http-deployment-spi-2.6.1.Final.jar (3.5 kB) | quarkus-resteasy-server-common-deployment-2.6.1.Final.jar (16/33 kB) | quarkus-resteasy-server-common-spi-2.6.1.Final.jar (5.6 kB)   Progress (5): quarkus-jaxrs-spi-deployment-2.6.1.Final.jar (3.4 kB) | quarkus-resteasy-common-deployment-2.6.1.Final.jar (21 kB) | quarkus-vertx-http-deployment-spi-2.6.1.Final.jar (3.5 kB) | quarkus-resteasy-server-common-deployment-2.6.1.Final.jar (19/33 kB) | quarkus-resteasy-server-common-spi-2.6.1.Final.jar (5.6 kB)Progress (5): quarkus-jaxrs-spi-deployment-2.6.1.Final.jar (3.4 kB) | quarkus-resteasy-common-deployment-2.6.1.Final.jar (21 kB) | quarkus-vertx-http-deployment-spi-2.6.1.Final.jar (3.5 kB) | quarkus-resteasy-server-common-deployment-2.6.1.Final.jar (22/33 kB) | quarkus-resteasy-server-common-spi-2.6.1.Final.jar (5.6 kB)Progress (5): quarkus-jaxrs-spi-deployment-2.6.1.Final.jar (3.4 kB) | quarkus-resteasy-common-deployment-2.6.1.Final.jar (21 kB) | quarkus-vertx-http-deployment-spi-2.6.1.Final.jar (3.5 kB) | quarkus-resteasy-server-common-deployment-2.6.1.Final.jar (25/33 kB) | quarkus-resteasy-server-common-spi-2.6.1.Final.jar (5.6 kB)                                                                                                                                                                                                                                                                                                                                  Downloaded from central: https://repo.maven.apache.org/maven2/io/quarkus/quarkus-vertx-http-deployment-spi/2.6.1.Final/quarkus-vertx-http-deployment-spi-2.6.1.Final.jar (3.5 kB at 4.4 kB/s)
Downloading from central: https://repo.maven.apache.org/maven2/io/quarkus/quarkus-smallrye-context-propagation-deployment/2.6.1.Final/quarkus-smallrye-context-propagation-deployment-2.6.1.Final.jar
Downloaded from central: https://repo.maven.apache.org/maven2/io/quarkus/quarkus-jaxrs-spi-deployment/2.6.1.Final/quarkus-jaxrs-spi-deployment-2.6.1.Final.jar (3.4 kB at 4.2 kB/s)
Downloading from central: https://repo.maven.apache.org/maven2/io/quarkus/quarkus-mutiny-deployment/2.6.1.Final/quarkus-mutiny-deployment-2.6.1.Final.jar
Downloaded from central: https://repo.maven.apache.org/maven2/io/quarkus/quarkus-resteasy-server-common-spi/2.6.1.Final/quarkus-resteasy-server-common-spi-2.6.1.Final.jar (5.6 kB at 6.6 kB/s)
Downloading from central: https://repo.maven.apache.org/maven2/io/quarkus/quarkus-vertx-http-deployment/2.6.1.Final/quarkus-vertx-http-deployment-2.6.1.Final.jar
Downloaded from central: https://repo.maven.apache.org/maven2/io/quarkus/quarkus-resteasy-common-deployment/2.6.1.Final/quarkus-resteasy-common-deployment-2.6.1.Final.jar (21 kB at 24 kB/s)
Downloading from central: https://repo.maven.apache.org/maven2/io/quarkus/quarkus-security-spi/2.6.1.Final/quarkus-security-spi-2.6.1.Final.jar
Progress (1): quarkus-resteasy-server-common-deployment-2.6.1.Final.jar (27/33 kB)Progress (2): quarkus-resteasy-server-common-deployment-2.6.1.Final.jar (27/33 kB) | quarkus-smallrye-context-propagation-deployment-2.6.1.Final.jar (4.1/6.9 kB)Progress (2): quarkus-resteasy-server-common-deployment-2.6.1.Final.jar (27/33 kB) | quarkus-smallrye-context-propagation-deployment-2.6.1.Final.jar (6.9 kB)    Progress (3): quarkus-resteasy-server-common-deployment-2.6.1.Final.jar (27/33 kB) | quarkus-smallrye-context-propagation-deployment-2.6.1.Final.jar (6.9 kB) | quarkus-mutiny-deployment-2.6.1.Final.jar (2.7/4.0 kB)Progress (3): quarkus-resteasy-server-common-deployment-2.6.1.Final.jar (27/33 kB) | quarkus-smallrye-context-propagation-deployment-2.6.1.Final.jar (6.9 kB) | quarkus-mutiny-deployment-2.6.1.Final.jar (4.0 kB)    Progress (4): quarkus-resteasy-server-common-deployment-2.6.1.Final.jar (27/33 kB) | quarkus-smallrye-context-propagation-deployment-2.6.1.Final.jar (6.9 kB) | quarkus-mutiny-deployment-2.6.1.Final.jar (4.0 kB) | quarkus-security-spi-2.6.1.Final.jar (2.7/4.7 kB)Progress (4): quarkus-resteasy-server-common-deployment-2.6.1.Final.jar (27/33 kB) | quarkus-smallrye-context-propagation-deployment-2.6.1.Final.jar (6.9 kB) | quarkus-mutiny-deployment-2.6.1.Final.jar (4.0 kB) | quarkus-security-spi-2.6.1.Final.jar (4.7 kB)    Progress (5): quarkus-resteasy-server-common-deployment-2.6.1.Final.jar (27/33 kB) | quarkus-smallrye-context-propagation-deployment-2.6.1.Final.jar (6.9 kB) | quarkus-mutiny-deployment-2.6.1.Final.jar (4.0 kB) | quarkus-security-spi-2.6.1.Final.jar (4.7 kB) | quarkus-vertx-http-deployment-2.6.1.Final.jar (0/3.0 MB)Progress (5): quarkus-resteasy-server-common-deployment-2.6.1.Final.jar (27/33 kB) | quarkus-smallrye-context-propagation-deployment-2.6.1.Final.jar (6.9 kB) | quarkus-mutiny-deployment-2.6.1.Final.jar (4.0 kB) | quarkus-security-spi-2.6.1.Final.jar (4.7 kB) | quarkus-vertx-http-deployment-2.6.1.Final.jar (0/3.0 MB)Progress (5): quarkus-resteasy-server-common-deployment-2.6.1.Final.jar (30/33 kB) | quarkus-smallrye-context-propagation-deployment-2.6.1.Final.jar (6.9 kB) | quarkus-mutiny-deployment-2.6.1.Final.jar (4.0 kB) | quarkus-security-spi-2.6.1.Final.jar (4.7 kB) | quarkus-vertx-http-deployment-2.6.1.Final.jar (0/3.0 MB)Progress (5): quarkus-resteasy-server-common-deployment-2.6.1.Final.jar (33/33 kB) | quarkus-smallrye-context-propagation-deployment-2.6.1.Final.jar (6.9 kB) | quarkus-mutiny-deployment-2.6.1.Final.jar (4.0 kB) | quarkus-security-spi-2.6.1.Final.jar (4.7 kB) | quarkus-vertx-http-deployment-2.6.1.Final.jar (0/3.0 MB)Progress (5): quarkus-resteasy-server-common-deployment-2.6.1.Final.jar (33 kB) | quarkus-smallrye-context-propagation-deployment-2.6.1.Final.jar (6.9 kB) | quarkus-mutiny-deployment-2.6.1.Final.jar (4.0 kB) | quarkus-security-spi-2.6.1.Final.jar (4.7 kB) | quarkus-vertx-http-deployment-2.6.1.Final.jar (0/3.0 MB)                                                                                                                                                                                                                                                                                                                             Downloaded from central: https://repo.maven.apache.org/maven2/io/quarkus/quarkus-mutiny-deployment/2.6.1.Final/quarkus-mutiny-deployment-2.6.1.Final.jar (4.0 kB at 3.6 kB/s)
Downloading from central: https://repo.maven.apache.org/maven2/io/quarkus/quarkus-resteasy-deployment/2.6.1.Final/quarkus-resteasy-deployment-2.6.1.Final.jar
Downloaded from central: https://repo.maven.apache.org/maven2/io/quarkus/quarkus-smallrye-context-propagation-deployment/2.6.1.Final/quarkus-smallrye-context-propagation-deployment-2.6.1.Final.jar (6.9 kB at 6.3 kB/s)
Downloading from central: https://repo.maven.apache.org/maven2/io/quarkus/quarkus-undertow-spi/2.6.1.Final/quarkus-undertow-spi-2.6.1.Final.jar
Progress (3): quarkus-resteasy-server-common-deployment-2.6.1.Final.jar (33 kB) | quarkus-security-spi-2.6.1.Final.jar (4.7 kB) | quarkus-vertx-http-deployment-2.6.1.Final.jar (0/3.0 MB)                                                                                                                                                                                          Downloaded from central: https://repo.maven.apache.org/maven2/io/quarkus/quarkus-security-spi/2.6.1.Final/quarkus-security-spi-2.6.1.Final.jar (4.7 kB at 4.1 kB/s)
Downloading from central: https://repo.maven.apache.org/maven2/io/quarkus/quarkus-kubernetes-spi/2.6.1.Final/quarkus-kubernetes-spi-2.6.1.Final.jar
Progress (2): quarkus-resteasy-server-common-deployment-2.6.1.Final.jar (33 kB) | quarkus-vertx-http-deployment-2.6.1.Final.jar (0.1/3.0 MB)Progress (2): quarkus-resteasy-server-common-deployment-2.6.1.Final.jar (33 kB) | quarkus-vertx-http-deployment-2.6.1.Final.jar (0.1/3.0 MB)Progress (3): quarkus-resteasy-server-common-deployment-2.6.1.Final.jar (33 kB) | quarkus-vertx-http-deployment-2.6.1.Final.jar (0.1/3.0 MB) | quarkus-resteasy-deployment-2.6.1.Final.jar (2.7/22 kB)                                                                                                                                                                                                      Downloaded from central: https://repo.maven.apache.org/maven2/io/quarkus/quarkus-resteasy-server-common-deployment/2.6.1.Final/quarkus-resteasy-server-common-deployment-2.6.1.Final.jar (33 kB at 27 kB/s)
Downloading from central: https://repo.maven.apache.org/maven2/io/quarkus/quarkus-undertow-deployment/2.6.1.Final/quarkus-undertow-deployment-2.6.1.Final.jar
Progress (2): quarkus-vertx-http-deployment-2.6.1.Final.jar (0.1/3.0 MB) | quarkus-resteasy-deployment-2.6.1.Final.jar (5.5/22 kB)Progress (2): quarkus-vertx-http-deployment-2.6.1.Final.jar (0.1/3.0 MB) | quarkus-resteasy-deployment-2.6.1.Final.jar (8.2/22 kB)Progress (2): quarkus-vertx-http-deployment-2.6.1.Final.jar (0.1/3.0 MB) | quarkus-resteasy-deployment-2.6.1.Final.jar (11/22 kB) Progress (2): quarkus-vertx-http-deployment-2.6.1.Final.jar (0.1/3.0 MB) | quarkus-resteasy-deployment-2.6.1.Final.jar (14/22 kB)Progress (2): quarkus-vertx-http-deployment-2.6.1.Final.jar (0.1/3.0 MB) | quarkus-resteasy-deployment-2.6.1.Final.jar (14/22 kB)Progress (2): quarkus-vertx-http-deployment-2.6.1.Final.jar (0.1/3.0 MB) | quarkus-resteasy-deployment-2.6.1.Final.jar (16/22 kB)Progress (2): quarkus-vertx-http-deployment-2.6.1.Final.jar (0.1/3.0 MB) | quarkus-resteasy-deployment-2.6.1.Final.jar (19/22 kB)Progress (2): quarkus-vertx-http-deployment-2.6.1.Final.jar (0.1/3.0 MB) | quarkus-resteasy-deployment-2.6.1.Final.jar (19/22 kB)Progress (3): quarkus-vertx-http-deployment-2.6.1.Final.jar (0.1/3.0 MB) | quarkus-resteasy-deployment-2.6.1.Final.jar (19/22 kB) | quarkus-undertow-spi-2.6.1.Final.jar (4.1/23 kB)Progress (3): quarkus-vertx-http-deployment-2.6.1.Final.jar (0.1/3.0 MB) | quarkus-resteasy-deployment-2.6.1.Final.jar (22/22 kB) | quarkus-undertow-spi-2.6.1.Final.jar (4.1/23 kB)Progress (3): quarkus-vertx-http-deployment-2.6.1.Final.jar (0.1/3.0 MB) | quarkus-resteasy-deployment-2.6.1.Final.jar (22/22 kB) | quarkus-undertow-spi-2.6.1.Final.jar (8.2/23 kB)Progress (3): quarkus-vertx-http-deployment-2.6.1.Final.jar (0.1/3.0 MB) | quarkus-resteasy-deployment-2.6.1.Final.jar (22 kB) | quarkus-undertow-spi-2.6.1.Final.jar (8.2/23 kB)   Progress (3): quarkus-vertx-http-deployment-2.6.1.Final.jar (0.1/3.0 MB) | quarkus-resteasy-deployment-2.6.1.Final.jar (22 kB) | quarkus-undertow-spi-2.6.1.Final.jar (12/23 kB) Progress (3): quarkus-vertx-http-deployment-2.6.1.Final.jar (0.1/3.0 MB) | quarkus-resteasy-deployment-2.6.1.Final.jar (22 kB) | quarkus-undertow-spi-2.6.1.Final.jar (16/23 kB)Progress (3): quarkus-vertx-http-deployment-2.6.1.Final.jar (0.1/3.0 MB) | quarkus-resteasy-deployment-2.6.1.Final.jar (22 kB) | quarkus-undertow-spi-2.6.1.Final.jar (16/23 kB)Progress (3): quarkus-vertx-http-deployment-2.6.1.Final.jar (0.1/3.0 MB) | quarkus-resteasy-deployment-2.6.1.Final.jar (22 kB) | quarkus-undertow-spi-2.6.1.Final.jar (20/23 kB)Progress (3): quarkus-vertx-http-deployment-2.6.1.Final.jar (0.1/3.0 MB) | quarkus-resteasy-deployment-2.6.1.Final.jar (22 kB) | quarkus-undertow-spi-2.6.1.Final.jar (23 kB)   Progress (4): quarkus-vertx-http-deployment-2.6.1.Final.jar (0.1/3.0 MB) | quarkus-resteasy-deployment-2.6.1.Final.jar (22 kB) | quarkus-undertow-spi-2.6.1.Final.jar (23 kB) | quarkus-kubernetes-spi-2.6.1.Final.jar (2.7/22 kB)Progress (4): quarkus-vertx-http-deployment-2.6.1.Final.jar (0.1/3.0 MB) | quarkus-resteasy-deployment-2.6.1.Final.jar (22 kB) | quarkus-undertow-spi-2.6.1.Final.jar (23 kB) | quarkus-kubernetes-spi-2.6.1.Final.jar (5.5/22 kB)Progress (4): quarkus-vertx-http-deployment-2.6.1.Final.jar (0.1/3.0 MB) | quarkus-resteasy-deployment-2.6.1.Final.jar (22 kB) | quarkus-undertow-spi-2.6.1.Final.jar (23 kB) | quarkus-kubernetes-spi-2.6.1.Final.jar (8.2/22 kB)Progress (4): quarkus-vertx-http-deployment-2.6.1.Final.jar (0.1/3.0 MB) | quarkus-resteasy-deployment-2.6.1.Final.jar (22 kB) | quarkus-undertow-spi-2.6.1.Final.jar (23 kB) | quarkus-kubernetes-spi-2.6.1.Final.jar (8.2/22 kB)Progress (4): quarkus-vertx-http-deployment-2.6.1.Final.jar (0.2/3.0 MB) | quarkus-resteasy-deployment-2.6.1.Final.jar (22 kB) | quarkus-undertow-spi-2.6.1.Final.jar (23 kB) | quarkus-kubernetes-spi-2.6.1.Final.jar (8.2/22 kB)Progress (4): quarkus-vertx-http-deployment-2.6.1.Final.jar (0.2/3.0 MB) | quarkus-resteasy-deployment-2.6.1.Final.jar (22 kB) | quarkus-undertow-spi-2.6.1.Final.jar (23 kB) | quarkus-kubernetes-spi-2.6.1.Final.jar (8.2/22 kB)Progress (4): quarkus-vertx-http-deployment-2.6.1.Final.jar (0.2/3.0 MB) | quarkus-resteasy-deployment-2.6.1.Final.jar (22 kB) | quarkus-undertow-spi-2.6.1.Final.jar (23 kB) | quarkus-kubernetes-spi-2.6.1.Final.jar (11/22 kB) Progress (4): quarkus-vertx-http-deployment-2.6.1.Final.jar (0.2/3.0 MB) | quarkus-resteasy-deployment-2.6.1.Final.jar (22 kB) | quarkus-undertow-spi-2.6.1.Final.jar (23 kB) | quarkus-kubernetes-spi-2.6.1.Final.jar (14/22 kB)Progress (4): quarkus-vertx-http-deployment-2.6.1.Final.jar (0.2/3.0 MB) | quarkus-resteasy-deployment-2.6.1.Final.jar (22 kB) | quarkus-undertow-spi-2.6.1.Final.jar (23 kB) | quarkus-kubernetes-spi-2.6.1.Final.jar (16/22 kB)Progress (4): quarkus-vertx-http-deployment-2.6.1.Final.jar (0.2/3.0 MB) | quarkus-resteasy-deployment-2.6.1.Final.jar (22 kB) | quarkus-undertow-spi-2.6.1.Final.jar (23 kB) | quarkus-kubernetes-spi-2.6.1.Final.jar (19/22 kB)Progress (4): quarkus-vertx-http-deployment-2.6.1.Final.jar (0.2/3.0 MB) | quarkus-resteasy-deployment-2.6.1.Final.jar (22 kB) | quarkus-undertow-spi-2.6.1.Final.jar (23 kB) | quarkus-kubernetes-spi-2.6.1.Final.jar (22 kB)   Progress (4): quarkus-vertx-http-deployment-2.6.1.Final.jar (0.2/3.0 MB) | quarkus-resteasy-deployment-2.6.1.Final.jar (22 kB) | quarkus-undertow-spi-2.6.1.Final.jar (23 kB) | quarkus-kubernetes-spi-2.6.1.Final.jar (22 kB)Progress (4): quarkus-vertx-http-deployment-2.6.1.Final.jar (0.2/3.0 MB) | quarkus-resteasy-deployment-2.6.1.Final.jar (22 kB) | quarkus-undertow-spi-2.6.1.Final.jar (23 kB) | quarkus-kubernetes-spi-2.6.1.Final.jar (22 kB)Progress (4): quarkus-vertx-http-deployment-2.6.1.Final.jar (0.2/3.0 MB) | quarkus-resteasy-deployment-2.6.1.Final.jar (22 kB) | quarkus-undertow-spi-2.6.1.Final.jar (23 kB) | quarkus-kubernetes-spi-2.6.1.Final.jar (22 kB)Progress (4): quarkus-vertx-http-deployment-2.6.1.Final.jar (0.2/3.0 MB) | quarkus-resteasy-deployment-2.6.1.Final.jar (22 kB) | quarkus-undertow-spi-2.6.1.Final.jar (23 kB) | quarkus-kubernetes-spi-2.6.1.Final.jar (22 kB)Progress (4): quarkus-vertx-http-deployment-2.6.1.Final.jar (0.3/3.0 MB) | quarkus-resteasy-deployment-2.6.1.Final.jar (22 kB) | quarkus-undertow-spi-2.6.1.Final.jar (23 kB) | quarkus-kubernetes-spi-2.6.1.Final.jar (22 kB)Progress (4): quarkus-vertx-http-deployment-2.6.1.Final.jar (0.3/3.0 MB) | quarkus-resteasy-deployment-2.6.1.Final.jar (22 kB) | quarkus-undertow-spi-2.6.1.Final.jar (23 kB) | quarkus-kubernetes-spi-2.6.1.Final.jar (22 kB)Progress (4): quarkus-vertx-http-deployment-2.6.1.Final.jar (0.3/3.0 MB) | quarkus-resteasy-deployment-2.6.1.Final.jar (22 kB) | quarkus-undertow-spi-2.6.1.Final.jar (23 kB) | quarkus-kubernetes-spi-2.6.1.Final.jar (22 kB)Progress (4): quarkus-vertx-http-deployment-2.6.1.Final.jar (0.3/3.0 MB) | quarkus-resteasy-deployment-2.6.1.Final.jar (22 kB) | quarkus-undertow-spi-2.6.1.Final.jar (23 kB) | quarkus-kubernetes-spi-2.6.1.Final.jar (22 kB)                                                                                                                                                                                                                              Downloaded from central: https://repo.maven.apache.org/maven2/io/quarkus/quarkus-resteasy-deployment/2.6.1.Final/quarkus-resteasy-deployment-2.6.1.Final.jar (22 kB at 16 kB/s)
Downloading from central: https://repo.maven.apache.org/maven2/io/quarkus/quarkus-netty-deployment/2.6.1.Final/quarkus-netty-deployment-2.6.1.Final.jar
Progress (3): quarkus-vertx-http-deployment-2.6.1.Final.jar (0.3/3.0 MB) | quarkus-undertow-spi-2.6.1.Final.jar (23 kB) | quarkus-kubernetes-spi-2.6.1.Final.jar (22 kB)Progress (3): quarkus-vertx-http-deployment-2.6.1.Final.jar (0.3/3.0 MB) | quarkus-undertow-spi-2.6.1.Final.jar (23 kB) | quarkus-kubernetes-spi-2.6.1.Final.jar (22 kB)Progress (3): quarkus-vertx-http-deployment-2.6.1.Final.jar (0.4/3.0 MB) | quarkus-undertow-spi-2.6.1.Final.jar (23 kB) | quarkus-kubernetes-spi-2.6.1.Final.jar (22 kB)Progress (3): quarkus-vertx-http-deployment-2.6.1.Final.jar (0.4/3.0 MB) | quarkus-undertow-spi-2.6.1.Final.jar (23 kB) | quarkus-kubernetes-spi-2.6.1.Final.jar (22 kB)Progress (3): quarkus-vertx-http-deployment-2.6.1.Final.jar (0.4/3.0 MB) | quarkus-undertow-spi-2.6.1.Final.jar (23 kB) | quarkus-kubernetes-spi-2.6.1.Final.jar (22 kB)Progress (4): quarkus-vertx-http-deployment-2.6.1.Final.jar (0.4/3.0 MB) | quarkus-undertow-spi-2.6.1.Final.jar (23 kB) | quarkus-kubernetes-spi-2.6.1.Final.jar (22 kB) | quarkus-undertow-deployment-2.6.1.Final.jar (2.7/35 kB)Progress (4): quarkus-vertx-http-deployment-2.6.1.Final.jar (0.4/3.0 MB) | quarkus-undertow-spi-2.6.1.Final.jar (23 kB) | quarkus-kubernetes-spi-2.6.1.Final.jar (22 kB) | quarkus-undertow-deployment-2.6.1.Final.jar (2.7/35 kB)Progress (4): quarkus-vertx-http-deployment-2.6.1.Final.jar (0.4/3.0 MB) | quarkus-undertow-spi-2.6.1.Final.jar (23 kB) | quarkus-kubernetes-spi-2.6.1.Final.jar (22 kB) | quarkus-undertow-deployment-2.6.1.Final.jar (2.7/35 kB)Progress (4): quarkus-vertx-http-deployment-2.6.1.Final.jar (0.4/3.0 MB) | quarkus-undertow-spi-2.6.1.Final.jar (23 kB) | quarkus-kubernetes-spi-2.6.1.Final.jar (22 kB) | quarkus-undertow-deployment-2.6.1.Final.jar (5.5/35 kB)Progress (4): quarkus-vertx-http-deployment-2.6.1.Final.jar (0.4/3.0 MB) | quarkus-undertow-spi-2.6.1.Final.jar (23 kB) | quarkus-kubernetes-spi-2.6.1.Final.jar (22 kB) | quarkus-undertow-deployment-2.6.1.Final.jar (5.5/35 kB)Progress (4): quarkus-vertx-http-deployment-2.6.1.Final.jar (0.4/3.0 MB) | quarkus-undertow-spi-2.6.1.Final.jar (23 kB) | quarkus-kubernetes-spi-2.6.1.Final.jar (22 kB) | quarkus-undertow-deployment-2.6.1.Final.jar (8.2/35 kB)Progress (4): quarkus-vertx-http-deployment-2.6.1.Final.jar (0.4/3.0 MB) | quarkus-undertow-spi-2.6.1.Final.jar (23 kB) | quarkus-kubernetes-spi-2.6.1.Final.jar (22 kB) | quarkus-undertow-deployment-2.6.1.Final.jar (11/35 kB) Progress (4): quarkus-vertx-http-deployment-2.6.1.Final.jar (0.4/3.0 MB) | quarkus-undertow-spi-2.6.1.Final.jar (23 kB) | quarkus-kubernetes-spi-2.6.1.Final.jar (22 kB) | quarkus-undertow-deployment-2.6.1.Final.jar (14/35 kB)Progress (4): quarkus-vertx-http-deployment-2.6.1.Final.jar (0.5/3.0 MB) | quarkus-undertow-spi-2.6.1.Final.jar (23 kB) | quarkus-kubernetes-spi-2.6.1.Final.jar (22 kB) | quarkus-undertow-deployment-2.6.1.Final.jar (14/35 kB)Progress (4): quarkus-vertx-http-deployment-2.6.1.Final.jar (0.5/3.0 MB) | quarkus-undertow-spi-2.6.1.Final.jar (23 kB) | quarkus-kubernetes-spi-2.6.1.Final.jar (22 kB) | quarkus-undertow-deployment-2.6.1.Final.jar (14/35 kB)Progress (4): quarkus-vertx-http-deployment-2.6.1.Final.jar (0.5/3.0 MB) | quarkus-undertow-spi-2.6.1.Final.jar (23 kB) | quarkus-kubernetes-spi-2.6.1.Final.jar (22 kB) | quarkus-undertow-deployment-2.6.1.Final.jar (16/35 kB)Progress (4): quarkus-vertx-http-deployment-2.6.1.Final.jar (0.5/3.0 MB) | quarkus-undertow-spi-2.6.1.Final.jar (23 kB) | quarkus-kubernetes-spi-2.6.1.Final.jar (22 kB) | quarkus-undertow-deployment-2.6.1.Final.jar (19/35 kB)Progress (4): quarkus-vertx-http-deployment-2.6.1.Final.jar (0.5/3.0 MB) | quarkus-undertow-spi-2.6.1.Final.jar (23 kB) | quarkus-kubernetes-spi-2.6.1.Final.jar (22 kB) | quarkus-undertow-deployment-2.6.1.Final.jar (19/35 kB)Progress (4): quarkus-vertx-http-deployment-2.6.1.Final.jar (0.5/3.0 MB) | quarkus-undertow-spi-2.6.1.Final.jar (23 kB) | quarkus-kubernetes-spi-2.6.1.Final.jar (22 kB) | quarkus-undertow-deployment-2.6.1.Final.jar (22/35 kB)Progress (4): quarkus-vertx-http-deployment-2.6.1.Final.jar (0.5/3.0 MB) | quarkus-undertow-spi-2.6.1.Final.jar (23 kB) | quarkus-kubernetes-spi-2.6.1.Final.jar (22 kB) | quarkus-undertow-deployment-2.6.1.Final.jar (22/35 kB)Progress (4): quarkus-vertx-http-deployment-2.6.1.Final.jar (0.5/3.0 MB) | quarkus-undertow-spi-2.6.1.Final.jar (23 kB) | quarkus-kubernetes-spi-2.6.1.Final.jar (22 kB) | quarkus-undertow-deployment-2.6.1.Final.jar (22/35 kB)Progress (4): quarkus-vertx-http-deployment-2.6.1.Final.jar (0.5/3.0 MB) | quarkus-undertow-spi-2.6.1.Final.jar (23 kB) | quarkus-kubernetes-spi-2.6.1.Final.jar (22 kB) | quarkus-undertow-deployment-2.6.1.Final.jar (25/35 kB)Progress (4): quarkus-vertx-http-deployment-2.6.1.Final.jar (0.5/3.0 MB) | quarkus-undertow-spi-2.6.1.Final.jar (23 kB) | quarkus-kubernetes-spi-2.6.1.Final.jar (22 kB) | quarkus-undertow-deployment-2.6.1.Final.jar (27/35 kB)                                                                                                                                                                                                                                 Downloaded from central: https://repo.maven.apache.org/maven2/io/quarkus/quarkus-kubernetes-spi/2.6.1.Final/quarkus-kubernetes-spi-2.6.1.Final.jar (22 kB at 14 kB/s)
Downloading from central: https://repo.maven.apache.org/maven2/io/quarkus/quarkus-vertx-deployment/2.6.1.Final/quarkus-vertx-deployment-2.6.1.Final.jar
Progress (3): quarkus-vertx-http-deployment-2.6.1.Final.jar (0.5/3.0 MB) | quarkus-undertow-spi-2.6.1.Final.jar (23 kB) | quarkus-undertow-deployment-2.6.1.Final.jar (30/35 kB)Progress (3): quarkus-vertx-http-deployment-2.6.1.Final.jar (0.5/3.0 MB) | quarkus-undertow-spi-2.6.1.Final.jar (23 kB) | quarkus-undertow-deployment-2.6.1.Final.jar (30/35 kB)Progress (4): quarkus-vertx-http-deployment-2.6.1.Final.jar (0.5/3.0 MB) | quarkus-undertow-spi-2.6.1.Final.jar (23 kB) | quarkus-undertow-deployment-2.6.1.Final.jar (30/35 kB) | quarkus-netty-deployment-2.6.1.Final.jar (2.7/14 kB)Progress (4): quarkus-vertx-http-deployment-2.6.1.Final.jar (0.5/3.0 MB) | quarkus-undertow-spi-2.6.1.Final.jar (23 kB) | quarkus-undertow-deployment-2.6.1.Final.jar (30/35 kB) | quarkus-netty-deployment-2.6.1.Final.jar (5.5/14 kB)                                                                                                                                                                                                                                       Downloaded from central: https://repo.maven.apache.org/maven2/io/quarkus/quarkus-undertow-spi/2.6.1.Final/quarkus-undertow-spi-2.6.1.Final.jar (23 kB at 15 kB/s)
Downloading from central: https://repo.maven.apache.org/maven2/io/quarkus/quarkus-hibernate-validator-spi/2.6.1.Final/quarkus-hibernate-validator-spi-2.6.1.Final.jar
Progress (3): quarkus-vertx-http-deployment-2.6.1.Final.jar (0.5/3.0 MB) | quarkus-undertow-deployment-2.6.1.Final.jar (34/35 kB) | quarkus-netty-deployment-2.6.1.Final.jar (5.5/14 kB)Progress (3): quarkus-vertx-http-deployment-2.6.1.Final.jar (0.5/3.0 MB) | quarkus-undertow-deployment-2.6.1.Final.jar (35 kB) | quarkus-netty-deployment-2.6.1.Final.jar (5.5/14 kB)   Progress (3): quarkus-vertx-http-deployment-2.6.1.Final.jar (0.5/3.0 MB) | quarkus-undertow-deployment-2.6.1.Final.jar (35 kB) | quarkus-netty-deployment-2.6.1.Final.jar (8.2/14 kB)Progress (3): quarkus-vertx-http-deployment-2.6.1.Final.jar (0.5/3.0 MB) | quarkus-undertow-deployment-2.6.1.Final.jar (35 kB) | quarkus-netty-deployment-2.6.1.Final.jar (11/14 kB) Progress (3): quarkus-vertx-http-deployment-2.6.1.Final.jar (0.5/3.0 MB) | quarkus-undertow-deployment-2.6.1.Final.jar (35 kB) | quarkus-netty-deployment-2.6.1.Final.jar (14 kB)   Progress (3): quarkus-vertx-http-deployment-2.6.1.Final.jar (0.6/3.0 MB) | quarkus-undertow-deployment-2.6.1.Final.jar (35 kB) | quarkus-netty-deployment-2.6.1.Final.jar (14 kB)Progress (3): quarkus-vertx-http-deployment-2.6.1.Final.jar (0.6/3.0 MB) | quarkus-undertow-deployment-2.6.1.Final.jar (35 kB) | quarkus-netty-deployment-2.6.1.Final.jar (14 kB)Progress (3): quarkus-vertx-http-deployment-2.6.1.Final.jar (0.6/3.0 MB) | quarkus-undertow-deployment-2.6.1.Final.jar (35 kB) | quarkus-netty-deployment-2.6.1.Final.jar (14 kB)Progress (3): quarkus-vertx-http-deployment-2.6.1.Final.jar (0.6/3.0 MB) | quarkus-undertow-deployment-2.6.1.Final.jar (35 kB) | quarkus-netty-deployment-2.6.1.Final.jar (14 kB)Progress (3): quarkus-vertx-http-deployment-2.6.1.Final.jar (0.6/3.0 MB) | quarkus-undertow-deployment-2.6.1.Final.jar (35 kB) | quarkus-netty-deployment-2.6.1.Final.jar (14 kB)Progress (3): quarkus-vertx-http-deployment-2.6.1.Final.jar (0.6/3.0 MB) | quarkus-undertow-deployment-2.6.1.Final.jar (35 kB) | quarkus-netty-deployment-2.6.1.Final.jar (14 kB)Progress (3): quarkus-vertx-http-deployment-2.6.1.Final.jar (0.7/3.0 MB) | quarkus-undertow-deployment-2.6.1.Final.jar (35 kB) | quarkus-netty-deployment-2.6.1.Final.jar (14 kB)Progress (3): quarkus-vertx-http-deployment-2.6.1.Final.jar (0.7/3.0 MB) | quarkus-undertow-deployment-2.6.1.Final.jar (35 kB) | quarkus-netty-deployment-2.6.1.Final.jar (14 kB)Progress (3): quarkus-vertx-http-deployment-2.6.1.Final.jar (0.7/3.0 MB) | quarkus-undertow-deployment-2.6.1.Final.jar (35 kB) | quarkus-netty-deployment-2.6.1.Final.jar (14 kB)Progress (3): quarkus-vertx-http-deployment-2.6.1.Final.jar (0.7/3.0 MB) | quarkus-undertow-deployment-2.6.1.Final.jar (35 kB) | quarkus-netty-deployment-2.6.1.Final.jar (14 kB)Progress (3): quarkus-vertx-http-deployment-2.6.1.Final.jar (0.7/3.0 MB) | quarkus-undertow-deployment-2.6.1.Final.jar (35 kB) | quarkus-netty-deployment-2.6.1.Final.jar (14 kB)Progress (3): quarkus-vertx-http-deployment-2.6.1.Final.jar (0.7/3.0 MB) | quarkus-undertow-deployment-2.6.1.Final.jar (35 kB) | quarkus-netty-deployment-2.6.1.Final.jar (14 kB)Progress (3): quarkus-vertx-http-deployment-2.6.1.Final.jar (0.8/3.0 MB) | quarkus-undertow-deployment-2.6.1.Final.jar (35 kB) | quarkus-netty-deployment-2.6.1.Final.jar (14 kB)Progress (3): quarkus-vertx-http-deployment-2.6.1.Final.jar (0.8/3.0 MB) | quarkus-undertow-deployment-2.6.1.Final.jar (35 kB) | quarkus-netty-deployment-2.6.1.Final.jar (14 kB)Progress (3): quarkus-vertx-http-deployment-2.6.1.Final.jar (0.8/3.0 MB) | quarkus-undertow-deployment-2.6.1.Final.jar (35 kB) | quarkus-netty-deployment-2.6.1.Final.jar (14 kB)Progress (3): quarkus-vertx-http-deployment-2.6.1.Final.jar (0.8/3.0 MB) | quarkus-undertow-deployment-2.6.1.Final.jar (35 kB) | quarkus-netty-deployment-2.6.1.Final.jar (14 kB)Progress (3): quarkus-vertx-http-deployment-2.6.1.Final.jar (0.8/3.0 MB) | quarkus-undertow-deployment-2.6.1.Final.jar (35 kB) | quarkus-netty-deployment-2.6.1.Final.jar (14 kB)Progress (3): quarkus-vertx-http-deployment-2.6.1.Final.jar (0.8/3.0 MB) | quarkus-undertow-deployment-2.6.1.Final.jar (35 kB) | quarkus-netty-deployment-2.6.1.Final.jar (14 kB)Progress (3): quarkus-vertx-http-deployment-2.6.1.Final.jar (0.9/3.0 MB) | quarkus-undertow-deployment-2.6.1.Final.jar (35 kB) | quarkus-netty-deployment-2.6.1.Final.jar (14 kB)Progress (3): quarkus-vertx-http-deployment-2.6.1.Final.jar (0.9/3.0 MB) | quarkus-undertow-deployment-2.6.1.Final.jar (35 kB) | quarkus-netty-deployment-2.6.1.Final.jar (14 kB)Progress (3): quarkus-vertx-http-deployment-2.6.1.Final.jar (0.9/3.0 MB) | quarkus-undertow-deployment-2.6.1.Final.jar (35 kB) | quarkus-netty-deployment-2.6.1.Final.jar (14 kB)Progress (3): quarkus-vertx-http-deployment-2.6.1.Final.jar (0.9/3.0 MB) | quarkus-undertow-deployment-2.6.1.Final.jar (35 kB) | quarkus-netty-deployment-2.6.1.Final.jar (14 kB)Progress (3): quarkus-vertx-http-deployment-2.6.1.Final.jar (0.9/3.0 MB) | quarkus-undertow-deployment-2.6.1.Final.jar (35 kB) | quarkus-netty-deployment-2.6.1.Final.jar (14 kB)Progress (3): quarkus-vertx-http-deployment-2.6.1.Final.jar (0.9/3.0 MB) | quarkus-undertow-deployment-2.6.1.Final.jar (35 kB) | quarkus-netty-deployment-2.6.1.Final.jar (14 kB)Progress (3): quarkus-vertx-http-deployment-2.6.1.Final.jar (1.0/3.0 MB) | quarkus-undertow-deployment-2.6.1.Final.jar (35 kB) | quarkus-netty-deployment-2.6.1.Final.jar (14 kB)Progress (3): quarkus-vertx-http-deployment-2.6.1.Final.jar (1.0/3.0 MB) | quarkus-undertow-deployment-2.6.1.Final.jar (35 kB) | quarkus-netty-deployment-2.6.1.Final.jar (14 kB)Progress (3): quarkus-vertx-http-deployment-2.6.1.Final.jar (1.0/3.0 MB) | quarkus-undertow-deployment-2.6.1.Final.jar (35 kB) | quarkus-netty-deployment-2.6.1.Final.jar (14 kB)Progress (3): quarkus-vertx-http-deployment-2.6.1.Final.jar (1.0/3.0 MB) | quarkus-undertow-deployment-2.6.1.Final.jar (35 kB) | quarkus-netty-deployment-2.6.1.Final.jar (14 kB)Progress (3): quarkus-vertx-http-deployment-2.6.1.Final.jar (1.0/3.0 MB) | quarkus-undertow-deployment-2.6.1.Final.jar (35 kB) | quarkus-netty-deployment-2.6.1.Final.jar (14 kB)Progress (3): quarkus-vertx-http-deployment-2.6.1.Final.jar (1.0/3.0 MB) | quarkus-undertow-deployment-2.6.1.Final.jar (35 kB) | quarkus-netty-deployment-2.6.1.Final.jar (14 kB)Progress (3): quarkus-vertx-http-deployment-2.6.1.Final.jar (1.0/3.0 MB) | quarkus-undertow-deployment-2.6.1.Final.jar (35 kB) | quarkus-netty-deployment-2.6.1.Final.jar (14 kB)Progress (3): quarkus-vertx-http-deployment-2.6.1.Final.jar (1.1/3.0 MB) | quarkus-undertow-deployment-2.6.1.Final.jar (35 kB) | quarkus-netty-deployment-2.6.1.Final.jar (14 kB)Progress (3): quarkus-vertx-http-deployment-2.6.1.Final.jar (1.1/3.0 MB) | quarkus-undertow-deployment-2.6.1.Final.jar (35 kB) | quarkus-netty-deployment-2.6.1.Final.jar (14 kB)Progress (4): quarkus-vertx-http-deployment-2.6.1.Final.jar (1.1/3.0 MB) | quarkus-undertow-deployment-2.6.1.Final.jar (35 kB) | quarkus-netty-deployment-2.6.1.Final.jar (14 kB) | quarkus-vertx-deployment-2.6.1.Final.jar (2.7/32 kB)Progress (4): quarkus-vertx-http-deployment-2.6.1.Final.jar (1.1/3.0 MB) | quarkus-undertow-deployment-2.6.1.Final.jar (35 kB) | quarkus-netty-deployment-2.6.1.Final.jar (14 kB) | quarkus-vertx-deployment-2.6.1.Final.jar (2.7/32 kB)Progress (4): quarkus-vertx-http-deployment-2.6.1.Final.jar (1.1/3.0 MB) | quarkus-undertow-deployment-2.6.1.Final.jar (35 kB) | quarkus-netty-deployment-2.6.1.Final.jar (14 kB) | quarkus-vertx-deployment-2.6.1.Final.jar (2.7/32 kB)Progress (4): quarkus-vertx-http-deployment-2.6.1.Final.jar (1.1/3.0 MB) | quarkus-undertow-deployment-2.6.1.Final.jar (35 kB) | quarkus-netty-deployment-2.6.1.Final.jar (14 kB) | quarkus-vertx-deployment-2.6.1.Final.jar (2.7/32 kB)Progress (4): quarkus-vertx-http-deployment-2.6.1.Final.jar (1.1/3.0 MB) | quarkus-undertow-deployment-2.6.1.Final.jar (35 kB) | quarkus-netty-deployment-2.6.1.Final.jar (14 kB) | quarkus-vertx-deployment-2.6.1.Final.jar (2.7/32 kB)Progress (4): quarkus-vertx-http-deployment-2.6.1.Final.jar (1.1/3.0 MB) | quarkus-undertow-deployment-2.6.1.Final.jar (35 kB) | quarkus-netty-deployment-2.6.1.Final.jar (14 kB) | quarkus-vertx-deployment-2.6.1.Final.jar (5.5/32 kB)Progress (4): quarkus-vertx-http-deployment-2.6.1.Final.jar (1.2/3.0 MB) | quarkus-undertow-deployment-2.6.1.Final.jar (35 kB) | quarkus-netty-deployment-2.6.1.Final.jar (14 kB) | quarkus-vertx-deployment-2.6.1.Final.jar (5.5/32 kB)Progress (4): quarkus-vertx-http-deployment-2.6.1.Final.jar (1.2/3.0 MB) | quarkus-undertow-deployment-2.6.1.Final.jar (35 kB) | quarkus-netty-deployment-2.6.1.Final.jar (14 kB) | quarkus-vertx-deployment-2.6.1.Final.jar (5.5/32 kB)Progress (4): quarkus-vertx-http-deployment-2.6.1.Final.jar (1.2/3.0 MB) | quarkus-undertow-deployment-2.6.1.Final.jar (35 kB) | quarkus-netty-deployment-2.6.1.Final.jar (14 kB) | quarkus-vertx-deployment-2.6.1.Final.jar (5.5/32 kB)Progress (4): quarkus-vertx-http-deployment-2.6.1.Final.jar (1.2/3.0 MB) | quarkus-undertow-deployment-2.6.1.Final.jar (35 kB) | quarkus-netty-deployment-2.6.1.Final.jar (14 kB) | quarkus-vertx-deployment-2.6.1.Final.jar (8.2/32 kB)Progress (4): quarkus-vertx-http-deployment-2.6.1.Final.jar (1.2/3.0 MB) | quarkus-undertow-deployment-2.6.1.Final.jar (35 kB) | quarkus-netty-deployment-2.6.1.Final.jar (14 kB) | quarkus-vertx-deployment-2.6.1.Final.jar (8.2/32 kB)Progress (4): quarkus-vertx-http-deployment-2.6.1.Final.jar (1.2/3.0 MB) | quarkus-undertow-deployment-2.6.1.Final.jar (35 kB) | quarkus-netty-deployment-2.6.1.Final.jar (14 kB) | quarkus-vertx-deployment-2.6.1.Final.jar (8.2/32 kB)Progress (4): quarkus-vertx-http-deployment-2.6.1.Final.jar (1.2/3.0 MB) | quarkus-undertow-deployment-2.6.1.Final.jar (35 kB) | quarkus-netty-deployment-2.6.1.Final.jar (14 kB) | quarkus-vertx-deployment-2.6.1.Final.jar (8.2/32 kB)Progress (4): quarkus-vertx-http-deployment-2.6.1.Final.jar (1.2/3.0 MB) | quarkus-undertow-deployment-2.6.1.Final.jar (35 kB) | quarkus-netty-deployment-2.6.1.Final.jar (14 kB) | quarkus-vertx-deployment-2.6.1.Final.jar (11/32 kB) Progress (4): quarkus-vertx-http-deployment-2.6.1.Final.jar (1.3/3.0 MB) | quarkus-undertow-deployment-2.6.1.Final.jar (35 kB) | quarkus-netty-deployment-2.6.1.Final.jar (14 kB) | quarkus-vertx-deployment-2.6.1.Final.jar (11/32 kB)Progress (4): quarkus-vertx-http-deployment-2.6.1.Final.jar (1.3/3.0 MB) | quarkus-undertow-deployment-2.6.1.Final.jar (35 kB) | quarkus-netty-deployment-2.6.1.Final.jar (14 kB) | quarkus-vertx-deployment-2.6.1.Final.jar (11/32 kB)Progress (4): quarkus-vertx-http-deployment-2.6.1.Final.jar (1.3/3.0 MB) | quarkus-undertow-deployment-2.6.1.Final.jar (35 kB) | quarkus-netty-deployment-2.6.1.Final.jar (14 kB) | quarkus-vertx-deployment-2.6.1.Final.jar (11/32 kB)Progress (4): quarkus-vertx-http-deployment-2.6.1.Final.jar (1.3/3.0 MB) | quarkus-undertow-deployment-2.6.1.Final.jar (35 kB) | quarkus-netty-deployment-2.6.1.Final.jar (14 kB) | quarkus-vertx-deployment-2.6.1.Final.jar (14/32 kB)Progress (4): quarkus-vertx-http-deployment-2.6.1.Final.jar (1.3/3.0 MB) | quarkus-undertow-deployment-2.6.1.Final.jar (35 kB) | quarkus-netty-deployment-2.6.1.Final.jar (14 kB) | quarkus-vertx-deployment-2.6.1.Final.jar (14/32 kB)Progress (4): quarkus-vertx-http-deployment-2.6.1.Final.jar (1.3/3.0 MB) | quarkus-undertow-deployment-2.6.1.Final.jar (35 kB) | quarkus-netty-deployment-2.6.1.Final.jar (14 kB) | quarkus-vertx-deployment-2.6.1.Final.jar (14/32 kB)Progress (4): quarkus-vertx-http-deployment-2.6.1.Final.jar (1.3/3.0 MB) | quarkus-undertow-deployment-2.6.1.Final.jar (35 kB) | quarkus-netty-deployment-2.6.1.Final.jar (14 kB) | quarkus-vertx-deployment-2.6.1.Final.jar (14/32 kB)Progress (4): quarkus-vertx-http-deployment-2.6.1.Final.jar (1.4/3.0 MB) | quarkus-undertow-deployment-2.6.1.Final.jar (35 kB) | quarkus-netty-deployment-2.6.1.Final.jar (14 kB) | quarkus-vertx-deployment-2.6.1.Final.jar (14/32 kB)Progress (4): quarkus-vertx-http-deployment-2.6.1.Final.jar (1.4/3.0 MB) | quarkus-undertow-deployment-2.6.1.Final.jar (35 kB) | quarkus-netty-deployment-2.6.1.Final.jar (14 kB) | quarkus-vertx-deployment-2.6.1.Final.jar (14/32 kB)Progress (4): quarkus-vertx-http-deployment-2.6.1.Final.jar (1.4/3.0 MB) | quarkus-undertow-deployment-2.6.1.Final.jar (35 kB) | quarkus-netty-deployment-2.6.1.Final.jar (14 kB) | quarkus-vertx-deployment-2.6.1.Final.jar (14/32 kB)Progress (4): quarkus-vertx-http-deployment-2.6.1.Final.jar (1.4/3.0 MB) | quarkus-undertow-deployment-2.6.1.Final.jar (35 kB) | quarkus-netty-deployment-2.6.1.Final.jar (14 kB) | quarkus-vertx-deployment-2.6.1.Final.jar (14/32 kB)Progress (4): quarkus-vertx-http-deployment-2.6.1.Final.jar (1.4/3.0 MB) | quarkus-undertow-deployment-2.6.1.Final.jar (35 kB) | quarkus-netty-deployment-2.6.1.Final.jar (14 kB) | quarkus-vertx-deployment-2.6.1.Final.jar (14/32 kB)Progress (4): quarkus-vertx-http-deployment-2.6.1.Final.jar (1.4/3.0 MB) | quarkus-undertow-deployment-2.6.1.Final.jar (35 kB) | quarkus-netty-deployment-2.6.1.Final.jar (14 kB) | quarkus-vertx-deployment-2.6.1.Final.jar (14/32 kB)                                                                                                                                                                                                                                       Downloaded from central: https://repo.maven.apache.org/maven2/io/quarkus/quarkus-undertow-deployment/2.6.1.Final/quarkus-undertow-deployment-2.6.1.Final.jar (35 kB at 21 kB/s)
Downloading from central: https://repo.maven.apache.org/maven2/io/quarkus/quarkus-reactive-routes-deployment/2.6.1.Final/quarkus-reactive-routes-deployment-2.6.1.Final.jar
Progress (4): quarkus-vertx-http-deployment-2.6.1.Final.jar (1.4/3.0 MB) | quarkus-netty-deployment-2.6.1.Final.jar (14 kB) | quarkus-vertx-deployment-2.6.1.Final.jar (14/32 kB) | quarkus-hibernate-validator-spi-2.6.1.Final.jar (3.6 kB)Progress (4): quarkus-vertx-http-deployment-2.6.1.Final.jar (1.5/3.0 MB) | quarkus-netty-deployment-2.6.1.Final.jar (14 kB) | quarkus-vertx-deployment-2.6.1.Final.jar (14/32 kB) | quarkus-hibernate-validator-spi-2.6.1.Final.jar (3.6 kB)                                                                                                                                                                                                                                            Downloaded from central: https://repo.maven.apache.org/maven2/io/quarkus/quarkus-netty-deployment/2.6.1.Final/quarkus-netty-deployment-2.6.1.Final.jar (14 kB at 8.0 kB/s)
Downloading from central: https://repo.maven.apache.org/maven2/io/quarkus/quarkus-funqy-server-common-deployment/2.6.1.Final/quarkus-funqy-server-common-deployment-2.6.1.Final.jar
Progress (3): quarkus-vertx-http-deployment-2.6.1.Final.jar (1.5/3.0 MB) | quarkus-vertx-deployment-2.6.1.Final.jar (14/32 kB) | quarkus-hibernate-validator-spi-2.6.1.Final.jar (3.6 kB)Progress (3): quarkus-vertx-http-deployment-2.6.1.Final.jar (1.5/3.0 MB) | quarkus-vertx-deployment-2.6.1.Final.jar (14/32 kB) | quarkus-hibernate-validator-spi-2.6.1.Final.jar (3.6 kB)Progress (3): quarkus-vertx-http-deployment-2.6.1.Final.jar (1.5/3.0 MB) | quarkus-vertx-deployment-2.6.1.Final.jar (14/32 kB) | quarkus-hibernate-validator-spi-2.6.1.Final.jar (3.6 kB)Progress (3): quarkus-vertx-http-deployment-2.6.1.Final.jar (1.5/3.0 MB) | quarkus-vertx-deployment-2.6.1.Final.jar (14/32 kB) | quarkus-hibernate-validator-spi-2.6.1.Final.jar (3.6 kB)Progress (3): quarkus-vertx-http-deployment-2.6.1.Final.jar (1.5/3.0 MB) | quarkus-vertx-deployment-2.6.1.Final.jar (14/32 kB) | quarkus-hibernate-validator-spi-2.6.1.Final.jar (3.6 kB)Progress (3): quarkus-vertx-http-deployment-2.6.1.Final.jar (1.6/3.0 MB) | quarkus-vertx-deployment-2.6.1.Final.jar (14/32 kB) | quarkus-hibernate-validator-spi-2.6.1.Final.jar (3.6 kB)Progress (3): quarkus-vertx-http-deployment-2.6.1.Final.jar (1.6/3.0 MB) | quarkus-vertx-deployment-2.6.1.Final.jar (18/32 kB) | quarkus-hibernate-validator-spi-2.6.1.Final.jar (3.6 kB)Progress (3): quarkus-vertx-http-deployment-2.6.1.Final.jar (1.6/3.0 MB) | quarkus-vertx-deployment-2.6.1.Final.jar (18/32 kB) | quarkus-hibernate-validator-spi-2.6.1.Final.jar (3.6 kB)Progress (3): quarkus-vertx-http-deployment-2.6.1.Final.jar (1.6/3.0 MB) | quarkus-vertx-deployment-2.6.1.Final.jar (22/32 kB) | quarkus-hibernate-validator-spi-2.6.1.Final.jar (3.6 kB)Progress (3): quarkus-vertx-http-deployment-2.6.1.Final.jar (1.6/3.0 MB) | quarkus-vertx-deployment-2.6.1.Final.jar (26/32 kB) | quarkus-hibernate-validator-spi-2.6.1.Final.jar (3.6 kB)Progress (3): quarkus-vertx-http-deployment-2.6.1.Final.jar (1.6/3.0 MB) | quarkus-vertx-deployment-2.6.1.Final.jar (30/32 kB) | quarkus-hibernate-validator-spi-2.6.1.Final.jar (3.6 kB)Progress (3): quarkus-vertx-http-deployment-2.6.1.Final.jar (1.6/3.0 MB) | quarkus-vertx-deployment-2.6.1.Final.jar (32 kB) | quarkus-hibernate-validator-spi-2.6.1.Final.jar (3.6 kB)   Progress (3): quarkus-vertx-http-deployment-2.6.1.Final.jar (1.6/3.0 MB) | quarkus-vertx-deployment-2.6.1.Final.jar (32 kB) | quarkus-hibernate-validator-spi-2.6.1.Final.jar (3.6 kB)Progress (3): quarkus-vertx-http-deployment-2.6.1.Final.jar (1.6/3.0 MB) | quarkus-vertx-deployment-2.6.1.Final.jar (32 kB) | quarkus-hibernate-validator-spi-2.6.1.Final.jar (3.6 kB)Progress (3): quarkus-vertx-http-deployment-2.6.1.Final.jar (1.6/3.0 MB) | quarkus-vertx-deployment-2.6.1.Final.jar (32 kB) | quarkus-hibernate-validator-spi-2.6.1.Final.jar (3.6 kB)Progress (3): quarkus-vertx-http-deployment-2.6.1.Final.jar (1.6/3.0 MB) | quarkus-vertx-deployment-2.6.1.Final.jar (32 kB) | quarkus-hibernate-validator-spi-2.6.1.Final.jar (3.6 kB)Progress (3): quarkus-vertx-http-deployment-2.6.1.Final.jar (1.7/3.0 MB) | quarkus-vertx-deployment-2.6.1.Final.jar (32 kB) | quarkus-hibernate-validator-spi-2.6.1.Final.jar (3.6 kB)Progress (3): quarkus-vertx-http-deployment-2.6.1.Final.jar (1.7/3.0 MB) | quarkus-vertx-deployment-2.6.1.Final.jar (32 kB) | quarkus-hibernate-validator-spi-2.6.1.Final.jar (3.6 kB)Progress (3): quarkus-vertx-http-deployment-2.6.1.Final.jar (1.7/3.0 MB) | quarkus-vertx-deployment-2.6.1.Final.jar (32 kB) | quarkus-hibernate-validator-spi-2.6.1.Final.jar (3.6 kB)Progress (3): quarkus-vertx-http-deployment-2.6.1.Final.jar (1.7/3.0 MB) | quarkus-vertx-deployment-2.6.1.Final.jar (32 kB) | quarkus-hibernate-validator-spi-2.6.1.Final.jar (3.6 kB)Progress (3): quarkus-vertx-http-deployment-2.6.1.Final.jar (1.7/3.0 MB) | quarkus-vertx-deployment-2.6.1.Final.jar (32 kB) | quarkus-hibernate-validator-spi-2.6.1.Final.jar (3.6 kB)Progress (3): quarkus-vertx-http-deployment-2.6.1.Final.jar (1.7/3.0 MB) | quarkus-vertx-deployment-2.6.1.Final.jar (32 kB) | quarkus-hibernate-validator-spi-2.6.1.Final.jar (3.6 kB)Progress (3): quarkus-vertx-http-deployment-2.6.1.Final.jar (1.8/3.0 MB) | quarkus-vertx-deployment-2.6.1.Final.jar (32 kB) | quarkus-hibernate-validator-spi-2.6.1.Final.jar (3.6 kB)Progress (3): quarkus-vertx-http-deployment-2.6.1.Final.jar (1.8/3.0 MB) | quarkus-vertx-deployment-2.6.1.Final.jar (32 kB) | quarkus-hibernate-validator-spi-2.6.1.Final.jar (3.6 kB)Progress (3): quarkus-vertx-http-deployment-2.6.1.Final.jar (1.8/3.0 MB) | quarkus-vertx-deployment-2.6.1.Final.jar (32 kB) | quarkus-hibernate-validator-spi-2.6.1.Final.jar (3.6 kB)Progress (3): quarkus-vertx-http-deployment-2.6.1.Final.jar (1.8/3.0 MB) | quarkus-vertx-deployment-2.6.1.Final.jar (32 kB) | quarkus-hibernate-validator-spi-2.6.1.Final.jar (3.6 kB)Progress (3): quarkus-vertx-http-deployment-2.6.1.Final.jar (1.8/3.0 MB) | quarkus-vertx-deployment-2.6.1.Final.jar (32 kB) | quarkus-hibernate-validator-spi-2.6.1.Final.jar (3.6 kB)Progress (3): quarkus-vertx-http-deployment-2.6.1.Final.jar (1.8/3.0 MB) | quarkus-vertx-deployment-2.6.1.Final.jar (32 kB) | quarkus-hibernate-validator-spi-2.6.1.Final.jar (3.6 kB)Progress (3): quarkus-vertx-http-deployment-2.6.1.Final.jar (1.9/3.0 MB) | quarkus-vertx-deployment-2.6.1.Final.jar (32 kB) | quarkus-hibernate-validator-spi-2.6.1.Final.jar (3.6 kB)Progress (3): quarkus-vertx-http-deployment-2.6.1.Final.jar (1.9/3.0 MB) | quarkus-vertx-deployment-2.6.1.Final.jar (32 kB) | quarkus-hibernate-validator-spi-2.6.1.Final.jar (3.6 kB)Progress (3): quarkus-vertx-http-deployment-2.6.1.Final.jar (1.9/3.0 MB) | quarkus-vertx-deployment-2.6.1.Final.jar (32 kB) | quarkus-hibernate-validator-spi-2.6.1.Final.jar (3.6 kB)Progress (3): quarkus-vertx-http-deployment-2.6.1.Final.jar (1.9/3.0 MB) | quarkus-vertx-deployment-2.6.1.Final.jar (32 kB) | quarkus-hibernate-validator-spi-2.6.1.Final.jar (3.6 kB)Progress (3): quarkus-vertx-http-deployment-2.6.1.Final.jar (1.9/3.0 MB) | quarkus-vertx-deployment-2.6.1.Final.jar (32 kB) | quarkus-hibernate-validator-spi-2.6.1.Final.jar (3.6 kB)Progress (3): quarkus-vertx-http-deployment-2.6.1.Final.jar (1.9/3.0 MB) | quarkus-vertx-deployment-2.6.1.Final.jar (32 kB) | quarkus-hibernate-validator-spi-2.6.1.Final.jar (3.6 kB)Progress (3): quarkus-vertx-http-deployment-2.6.1.Final.jar (2.0/3.0 MB) | quarkus-vertx-deployment-2.6.1.Final.jar (32 kB) | quarkus-hibernate-validator-spi-2.6.1.Final.jar (3.6 kB)Progress (3): quarkus-vertx-http-deployment-2.6.1.Final.jar (2.0/3.0 MB) | quarkus-vertx-deployment-2.6.1.Final.jar (32 kB) | quarkus-hibernate-validator-spi-2.6.1.Final.jar (3.6 kB)Progress (3): quarkus-vertx-http-deployment-2.6.1.Final.jar (2.0/3.0 MB) | quarkus-vertx-deployment-2.6.1.Final.jar (32 kB) | quarkus-hibernate-validator-spi-2.6.1.Final.jar (3.6 kB)Progress (3): quarkus-vertx-http-deployment-2.6.1.Final.jar (2.0/3.0 MB) | quarkus-vertx-deployment-2.6.1.Final.jar (32 kB) | quarkus-hibernate-validator-spi-2.6.1.Final.jar (3.6 kB)Progress (3): quarkus-vertx-http-deployment-2.6.1.Final.jar (2.0/3.0 MB) | quarkus-vertx-deployment-2.6.1.Final.jar (32 kB) | quarkus-hibernate-validator-spi-2.6.1.Final.jar (3.6 kB)Progress (3): quarkus-vertx-http-deployment-2.6.1.Final.jar (2.0/3.0 MB) | quarkus-vertx-deployment-2.6.1.Final.jar (32 kB) | quarkus-hibernate-validator-spi-2.6.1.Final.jar (3.6 kB)Progress (3): quarkus-vertx-http-deployment-2.6.1.Final.jar (2.0/3.0 MB) | quarkus-vertx-deployment-2.6.1.Final.jar (32 kB) | quarkus-hibernate-validator-spi-2.6.1.Final.jar (3.6 kB)Progress (3): quarkus-vertx-http-deployment-2.6.1.Final.jar (2.1/3.0 MB) | quarkus-vertx-deployment-2.6.1.Final.jar (32 kB) | quarkus-hibernate-validator-spi-2.6.1.Final.jar (3.6 kB)Progress (3): quarkus-vertx-http-deployment-2.6.1.Final.jar (2.1/3.0 MB) | quarkus-vertx-deployment-2.6.1.Final.jar (32 kB) | quarkus-hibernate-validator-spi-2.6.1.Final.jar (3.6 kB)Progress (3): quarkus-vertx-http-deployment-2.6.1.Final.jar (2.1/3.0 MB) | quarkus-vertx-deployment-2.6.1.Final.jar (32 kB) | quarkus-hibernate-validator-spi-2.6.1.Final.jar (3.6 kB)Progress (3): quarkus-vertx-http-deployment-2.6.1.Final.jar (2.1/3.0 MB) | quarkus-vertx-deployment-2.6.1.Final.jar (32 kB) | quarkus-hibernate-validator-spi-2.6.1.Final.jar (3.6 kB)Progress (3): quarkus-vertx-http-deployment-2.6.1.Final.jar (2.1/3.0 MB) | quarkus-vertx-deployment-2.6.1.Final.jar (32 kB) | quarkus-hibernate-validator-spi-2.6.1.Final.jar (3.6 kB)Progress (3): quarkus-vertx-http-deployment-2.6.1.Final.jar (2.1/3.0 MB) | quarkus-vertx-deployment-2.6.1.Final.jar (32 kB) | quarkus-hibernate-validator-spi-2.6.1.Final.jar (3.6 kB)Progress (3): quarkus-vertx-http-deployment-2.6.1.Final.jar (2.2/3.0 MB) | quarkus-vertx-deployment-2.6.1.Final.jar (32 kB) | quarkus-hibernate-validator-spi-2.6.1.Final.jar (3.6 kB)Progress (3): quarkus-vertx-http-deployment-2.6.1.Final.jar (2.2/3.0 MB) | quarkus-vertx-deployment-2.6.1.Final.jar (32 kB) | quarkus-hibernate-validator-spi-2.6.1.Final.jar (3.6 kB)Progress (3): quarkus-vertx-http-deployment-2.6.1.Final.jar (2.2/3.0 MB) | quarkus-vertx-deployment-2.6.1.Final.jar (32 kB) | quarkus-hibernate-validator-spi-2.6.1.Final.jar (3.6 kB)Progress (3): quarkus-vertx-http-deployment-2.6.1.Final.jar (2.2/3.0 MB) | quarkus-vertx-deployment-2.6.1.Final.jar (32 kB) | quarkus-hibernate-validator-spi-2.6.1.Final.jar (3.6 kB)Progress (3): quarkus-vertx-http-deployment-2.6.1.Final.jar (2.2/3.0 MB) | quarkus-vertx-deployment-2.6.1.Final.jar (32 kB) | quarkus-hibernate-validator-spi-2.6.1.Final.jar (3.6 kB)Progress (3): quarkus-vertx-http-deployment-2.6.1.Final.jar (2.2/3.0 MB) | quarkus-vertx-deployment-2.6.1.Final.jar (32 kB) | quarkus-hibernate-validator-spi-2.6.1.Final.jar (3.6 kB)Progress (3): quarkus-vertx-http-deployment-2.6.1.Final.jar (2.3/3.0 MB) | quarkus-vertx-deployment-2.6.1.Final.jar (32 kB) | quarkus-hibernate-validator-spi-2.6.1.Final.jar (3.6 kB)Progress (3): quarkus-vertx-http-deployment-2.6.1.Final.jar (2.3/3.0 MB) | quarkus-vertx-deployment-2.6.1.Final.jar (32 kB) | quarkus-hibernate-validator-spi-2.6.1.Final.jar (3.6 kB)Progress (3): quarkus-vertx-http-deployment-2.6.1.Final.jar (2.3/3.0 MB) | quarkus-vertx-deployment-2.6.1.Final.jar (32 kB) | quarkus-hibernate-validator-spi-2.6.1.Final.jar (3.6 kB)Progress (3): quarkus-vertx-http-deployment-2.6.1.Final.jar (2.3/3.0 MB) | quarkus-vertx-deployment-2.6.1.Final.jar (32 kB) | quarkus-hibernate-validator-spi-2.6.1.Final.jar (3.6 kB)Progress (3): quarkus-vertx-http-deployment-2.6.1.Final.jar (2.3/3.0 MB) | quarkus-vertx-deployment-2.6.1.Final.jar (32 kB) | quarkus-hibernate-validator-spi-2.6.1.Final.jar (3.6 kB)Progress (3): quarkus-vertx-http-deployment-2.6.1.Final.jar (2.3/3.0 MB) | quarkus-vertx-deployment-2.6.1.Final.jar (32 kB) | quarkus-hibernate-validator-spi-2.6.1.Final.jar (3.6 kB)Progress (3): quarkus-vertx-http-deployment-2.6.1.Final.jar (2.4/3.0 MB) | quarkus-vertx-deployment-2.6.1.Final.jar (32 kB) | quarkus-hibernate-validator-spi-2.6.1.Final.jar (3.6 kB)Progress (3): quarkus-vertx-http-deployment-2.6.1.Final.jar (2.4/3.0 MB) | quarkus-vertx-deployment-2.6.1.Final.jar (32 kB) | quarkus-hibernate-validator-spi-2.6.1.Final.jar (3.6 kB)Progress (3): quarkus-vertx-http-deployment-2.6.1.Final.jar (2.4/3.0 MB) | quarkus-vertx-deployment-2.6.1.Final.jar (32 kB) | quarkus-hibernate-validator-spi-2.6.1.Final.jar (3.6 kB)Progress (3): quarkus-vertx-http-deployment-2.6.1.Final.jar (2.4/3.0 MB) | quarkus-vertx-deployment-2.6.1.Final.jar (32 kB) | quarkus-hibernate-validator-spi-2.6.1.Final.jar (3.6 kB)Progress (3): quarkus-vertx-http-deployment-2.6.1.Final.jar (2.4/3.0 MB) | quarkus-vertx-deployment-2.6.1.Final.jar (32 kB) | quarkus-hibernate-validator-spi-2.6.1.Final.jar (3.6 kB)Progress (3): quarkus-vertx-http-deployment-2.6.1.Final.jar (2.4/3.0 MB) | quarkus-vertx-deployment-2.6.1.Final.jar (32 kB) | quarkus-hibernate-validator-spi-2.6.1.Final.jar (3.6 kB)Progress (3): quarkus-vertx-http-deployment-2.6.1.Final.jar (2.5/3.0 MB) | quarkus-vertx-deployment-2.6.1.Final.jar (32 kB) | quarkus-hibernate-validator-spi-2.6.1.Final.jar (3.6 kB)Progress (3): quarkus-vertx-http-deployment-2.6.1.Final.jar (2.5/3.0 MB) | quarkus-vertx-deployment-2.6.1.Final.jar (32 kB) | quarkus-hibernate-validator-spi-2.6.1.Final.jar (3.6 kB)Progress (3): quarkus-vertx-http-deployment-2.6.1.Final.jar (2.5/3.0 MB) | quarkus-vertx-deployment-2.6.1.Final.jar (32 kB) | quarkus-hibernate-validator-spi-2.6.1.Final.jar (3.6 kB)Progress (3): quarkus-vertx-http-deployment-2.6.1.Final.jar (2.5/3.0 MB) | quarkus-vertx-deployment-2.6.1.Final.jar (32 kB) | quarkus-hibernate-validator-spi-2.6.1.Final.jar (3.6 kB)Progress (3): quarkus-vertx-http-deployment-2.6.1.Final.jar (2.5/3.0 MB) | quarkus-vertx-deployment-2.6.1.Final.jar (32 kB) | quarkus-hibernate-validator-spi-2.6.1.Final.jar (3.6 kB)Progress (3): quarkus-vertx-http-deployment-2.6.1.Final.jar (2.5/3.0 MB) | quarkus-vertx-deployment-2.6.1.Final.jar (32 kB) | quarkus-hibernate-validator-spi-2.6.1.Final.jar (3.6 kB)Progress (3): quarkus-vertx-http-deployment-2.6.1.Final.jar (2.6/3.0 MB) | quarkus-vertx-deployment-2.6.1.Final.jar (32 kB) | quarkus-hibernate-validator-spi-2.6.1.Final.jar (3.6 kB)Progress (3): quarkus-vertx-http-deployment-2.6.1.Final.jar (2.6/3.0 MB) | quarkus-vertx-deployment-2.6.1.Final.jar (32 kB) | quarkus-hibernate-validator-spi-2.6.1.Final.jar (3.6 kB)                                                                                                                                                                                      Downloaded from central: https://repo.maven.apache.org/maven2/io/quarkus/quarkus-hibernate-validator-spi/2.6.1.Final/quarkus-hibernate-validator-spi-2.6.1.Final.jar (3.6 kB at 1.9 kB/s)
Downloading from central: https://repo.maven.apache.org/maven2/io/quarkus/quarkus-funqy-http-deployment/2.6.1.Final/quarkus-funqy-http-deployment-2.6.1.Final.jar
Downloaded from central: https://repo.maven.apache.org/maven2/io/quarkus/quarkus-vertx-deployment/2.6.1.Final/quarkus-vertx-deployment-2.6.1.Final.jar (32 kB at 17 kB/s)
Downloading from central: https://repo.maven.apache.org/maven2/io/quarkus/quarkus-security-deployment/2.6.1.Final/quarkus-security-deployment-2.6.1.Final.jar
Progress (1): quarkus-vertx-http-deployment-2.6.1.Final.jar (2.6/3.0 MB)Progress (1): quarkus-vertx-http-deployment-2.6.1.Final.jar (2.6/3.0 MB)Progress (1): quarkus-vertx-http-deployment-2.6.1.Final.jar (2.6/3.0 MB)Progress (2): quarkus-vertx-http-deployment-2.6.1.Final.jar (2.6/3.0 MB) | quarkus-funqy-server-common-deployment-2.6.1.Final.jar (2.7/16 kB)Progress (2): quarkus-vertx-http-deployment-2.6.1.Final.jar (2.6/3.0 MB) | quarkus-funqy-server-common-deployment-2.6.1.Final.jar (5.5/16 kB)Progress (2): quarkus-vertx-http-deployment-2.6.1.Final.jar (2.6/3.0 MB) | quarkus-funqy-server-common-deployment-2.6.1.Final.jar (8.2/16 kB)Progress (2): quarkus-vertx-http-deployment-2.6.1.Final.jar (2.6/3.0 MB) | quarkus-funqy-server-common-deployment-2.6.1.Final.jar (11/16 kB) Progress (2): quarkus-vertx-http-deployment-2.6.1.Final.jar (2.6/3.0 MB) | quarkus-funqy-server-common-deployment-2.6.1.Final.jar (14/16 kB)Progress (3): quarkus-vertx-http-deployment-2.6.1.Final.jar (2.6/3.0 MB) | quarkus-funqy-server-common-deployment-2.6.1.Final.jar (14/16 kB) | quarkus-reactive-routes-deployment-2.6.1.Final.jar (4.1/67 kB)Progress (3): quarkus-vertx-http-deployment-2.6.1.Final.jar (2.6/3.0 MB) | quarkus-funqy-server-common-deployment-2.6.1.Final.jar (14/16 kB) | quarkus-reactive-routes-deployment-2.6.1.Final.jar (8.2/67 kB)Progress (3): quarkus-vertx-http-deployment-2.6.1.Final.jar (2.6/3.0 MB) | quarkus-funqy-server-common-deployment-2.6.1.Final.jar (14/16 kB) | quarkus-reactive-routes-deployment-2.6.1.Final.jar (12/67 kB) Progress (3): quarkus-vertx-http-deployment-2.6.1.Final.jar (2.6/3.0 MB) | quarkus-funqy-server-common-deployment-2.6.1.Final.jar (14/16 kB) | quarkus-reactive-routes-deployment-2.6.1.Final.jar (16/67 kB)Progress (3): quarkus-vertx-http-deployment-2.6.1.Final.jar (2.6/3.0 MB) | quarkus-funqy-server-common-deployment-2.6.1.Final.jar (16 kB) | quarkus-reactive-routes-deployment-2.6.1.Final.jar (16/67 kB)   Progress (3): quarkus-vertx-http-deployment-2.6.1.Final.jar (2.6/3.0 MB) | quarkus-funqy-server-common-deployment-2.6.1.Final.jar (16 kB) | quarkus-reactive-routes-deployment-2.6.1.Final.jar (16/67 kB)Progress (3): quarkus-vertx-http-deployment-2.6.1.Final.jar (2.7/3.0 MB) | quarkus-funqy-server-common-deployment-2.6.1.Final.jar (16 kB) | quarkus-reactive-routes-deployment-2.6.1.Final.jar (16/67 kB)Progress (3): quarkus-vertx-http-deployment-2.6.1.Final.jar (2.7/3.0 MB) | quarkus-funqy-server-common-deployment-2.6.1.Final.jar (16 kB) | quarkus-reactive-routes-deployment-2.6.1.Final.jar (16/67 kB)Progress (3): quarkus-vertx-http-deployment-2.6.1.Final.jar (2.7/3.0 MB) | quarkus-funqy-server-common-deployment-2.6.1.Final.jar (16 kB) | quarkus-reactive-routes-deployment-2.6.1.Final.jar (16/67 kB)Progress (3): quarkus-vertx-http-deployment-2.6.1.Final.jar (2.7/3.0 MB) | quarkus-funqy-server-common-deployment-2.6.1.Final.jar (16 kB) | quarkus-reactive-routes-deployment-2.6.1.Final.jar (16/67 kB)Progress (3): quarkus-vertx-http-deployment-2.6.1.Final.jar (2.7/3.0 MB) | quarkus-funqy-server-common-deployment-2.6.1.Final.jar (16 kB) | quarkus-reactive-routes-deployment-2.6.1.Final.jar (16/67 kB)Progress (3): quarkus-vertx-http-deployment-2.6.1.Final.jar (2.7/3.0 MB) | quarkus-funqy-server-common-deployment-2.6.1.Final.jar (16 kB) | quarkus-reactive-routes-deployment-2.6.1.Final.jar (16/67 kB)Progress (3): quarkus-vertx-http-deployment-2.6.1.Final.jar (2.8/3.0 MB) | quarkus-funqy-server-common-deployment-2.6.1.Final.jar (16 kB) | quarkus-reactive-routes-deployment-2.6.1.Final.jar (16/67 kB)Progress (3): quarkus-vertx-http-deployment-2.6.1.Final.jar (2.8/3.0 MB) | quarkus-funqy-server-common-deployment-2.6.1.Final.jar (16 kB) | quarkus-reactive-routes-deployment-2.6.1.Final.jar (16/67 kB)Progress (3): quarkus-vertx-http-deployment-2.6.1.Final.jar (2.8/3.0 MB) | quarkus-funqy-server-common-deployment-2.6.1.Final.jar (16 kB) | quarkus-reactive-routes-deployment-2.6.1.Final.jar (16/67 kB)Progress (3): quarkus-vertx-http-deployment-2.6.1.Final.jar (2.8/3.0 MB) | quarkus-funqy-server-common-deployment-2.6.1.Final.jar (16 kB) | quarkus-reactive-routes-deployment-2.6.1.Final.jar (16/67 kB)Progress (3): quarkus-vertx-http-deployment-2.6.1.Final.jar (2.8/3.0 MB) | quarkus-funqy-server-common-deployment-2.6.1.Final.jar (16 kB) | quarkus-reactive-routes-deployment-2.6.1.Final.jar (16/67 kB)Progress (3): quarkus-vertx-http-deployment-2.6.1.Final.jar (2.8/3.0 MB) | quarkus-funqy-server-common-deployment-2.6.1.Final.jar (16 kB) | quarkus-reactive-routes-deployment-2.6.1.Final.jar (16/67 kB)Progress (3): quarkus-vertx-http-deployment-2.6.1.Final.jar (2.9/3.0 MB) | quarkus-funqy-server-common-deployment-2.6.1.Final.jar (16 kB) | quarkus-reactive-routes-deployment-2.6.1.Final.jar (16/67 kB)Progress (3): quarkus-vertx-http-deployment-2.6.1.Final.jar (2.9/3.0 MB) | quarkus-funqy-server-common-deployment-2.6.1.Final.jar (16 kB) | quarkus-reactive-routes-deployment-2.6.1.Final.jar (16/67 kB)Progress (3): quarkus-vertx-http-deployment-2.6.1.Final.jar (2.9/3.0 MB) | quarkus-funqy-server-common-deployment-2.6.1.Final.jar (16 kB) | quarkus-reactive-routes-deployment-2.6.1.Final.jar (16/67 kB)Progress (3): quarkus-vertx-http-deployment-2.6.1.Final.jar (2.9/3.0 MB) | quarkus-funqy-server-common-deployment-2.6.1.Final.jar (16 kB) | quarkus-reactive-routes-deployment-2.6.1.Final.jar (16/67 kB)Progress (3): quarkus-vertx-http-deployment-2.6.1.Final.jar (2.9/3.0 MB) | quarkus-funqy-server-common-deployment-2.6.1.Final.jar (16 kB) | quarkus-reactive-routes-deployment-2.6.1.Final.jar (16/67 kB)Progress (3): quarkus-vertx-http-deployment-2.6.1.Final.jar (2.9/3.0 MB) | quarkus-funqy-server-common-deployment-2.6.1.Final.jar (16 kB) | quarkus-reactive-routes-deployment-2.6.1.Final.jar (16/67 kB)Progress (3): quarkus-vertx-http-deployment-2.6.1.Final.jar (3.0 MB) | quarkus-funqy-server-common-deployment-2.6.1.Final.jar (16 kB) | quarkus-reactive-routes-deployment-2.6.1.Final.jar (16/67 kB)    Progress (3): quarkus-vertx-http-deployment-2.6.1.Final.jar (3.0 MB) | quarkus-funqy-server-common-deployment-2.6.1.Final.jar (16 kB) | quarkus-reactive-routes-deployment-2.6.1.Final.jar (20/67 kB)Progress (3): quarkus-vertx-http-deployment-2.6.1.Final.jar (3.0 MB) | quarkus-funqy-server-common-deployment-2.6.1.Final.jar (16 kB) | quarkus-reactive-routes-deployment-2.6.1.Final.jar (25/67 kB)Progress (3): quarkus-vertx-http-deployment-2.6.1.Final.jar (3.0 MB) | quarkus-funqy-server-common-deployment-2.6.1.Final.jar (16 kB) | quarkus-reactive-routes-deployment-2.6.1.Final.jar (29/67 kB)Progress (3): quarkus-vertx-http-deployment-2.6.1.Final.jar (3.0 MB) | quarkus-funqy-server-common-deployment-2.6.1.Final.jar (16 kB) | quarkus-reactive-routes-deployment-2.6.1.Final.jar (33/67 kB)Progress (3): quarkus-vertx-http-deployment-2.6.1.Final.jar (3.0 MB) | quarkus-funqy-server-common-deployment-2.6.1.Final.jar (16 kB) | quarkus-reactive-routes-deployment-2.6.1.Final.jar (37/67 kB)Progress (3): quarkus-vertx-http-deployment-2.6.1.Final.jar (3.0 MB) | quarkus-funqy-server-common-deployment-2.6.1.Final.jar (16 kB) | quarkus-reactive-routes-deployment-2.6.1.Final.jar (41/67 kB)Progress (3): quarkus-vertx-http-deployment-2.6.1.Final.jar (3.0 MB) | quarkus-funqy-server-common-deployment-2.6.1.Final.jar (16 kB) | quarkus-reactive-routes-deployment-2.6.1.Final.jar (45/67 kB)Progress (3): quarkus-vertx-http-deployment-2.6.1.Final.jar (3.0 MB) | quarkus-funqy-server-common-deployment-2.6.1.Final.jar (16 kB) | quarkus-reactive-routes-deployment-2.6.1.Final.jar (49/67 kB)                                                                                                                                                                                                     Downloaded from central: https://repo.maven.apache.org/maven2/io/quarkus/quarkus-funqy-server-common-deployment/2.6.1.Final/quarkus-funqy-server-common-deployment-2.6.1.Final.jar (16 kB at 8.2 kB/s)
Downloading from central: https://repo.maven.apache.org/maven2/io/quarkus/quarkus-apache-httpclient-deployment/2.6.1.Final/quarkus-apache-httpclient-deployment-2.6.1.Final.jar
Progress (3): quarkus-vertx-http-deployment-2.6.1.Final.jar (3.0 MB) | quarkus-reactive-routes-deployment-2.6.1.Final.jar (49/67 kB) | quarkus-funqy-http-deployment-2.6.1.Final.jar (4.1/6.2 kB)Progress (3): quarkus-vertx-http-deployment-2.6.1.Final.jar (3.0 MB) | quarkus-reactive-routes-deployment-2.6.1.Final.jar (49/67 kB) | quarkus-funqy-http-deployment-2.6.1.Final.jar (6.2 kB)    Progress (3): quarkus-vertx-http-deployment-2.6.1.Final.jar (3.0 MB) | quarkus-reactive-routes-deployment-2.6.1.Final.jar (53/67 kB) | quarkus-funqy-http-deployment-2.6.1.Final.jar (6.2 kB)Progress (3): quarkus-vertx-http-deployment-2.6.1.Final.jar (3.0 MB) | quarkus-reactive-routes-deployment-2.6.1.Final.jar (57/67 kB) | quarkus-funqy-http-deployment-2.6.1.Final.jar (6.2 kB)Progress (3): quarkus-vertx-http-deployment-2.6.1.Final.jar (3.0 MB) | quarkus-reactive-routes-deployment-2.6.1.Final.jar (61/67 kB) | quarkus-funqy-http-deployment-2.6.1.Final.jar (6.2 kB)Progress (3): quarkus-vertx-http-deployment-2.6.1.Final.jar (3.0 MB) | quarkus-reactive-routes-deployment-2.6.1.Final.jar (66/67 kB) | quarkus-funqy-http-deployment-2.6.1.Final.jar (6.2 kB)Progress (4): quarkus-vertx-http-deployment-2.6.1.Final.jar (3.0 MB) | quarkus-reactive-routes-deployment-2.6.1.Final.jar (66/67 kB) | quarkus-funqy-http-deployment-2.6.1.Final.jar (6.2 kB) | quarkus-security-deployment-2.6.1.Final.jar (4.1/28 kB)Progress (4): quarkus-vertx-http-deployment-2.6.1.Final.jar (3.0 MB) | quarkus-reactive-routes-deployment-2.6.1.Final.jar (66/67 kB) | quarkus-funqy-http-deployment-2.6.1.Final.jar (6.2 kB) | quarkus-security-deployment-2.6.1.Final.jar (8.2/28 kB)Progress (4): quarkus-vertx-http-deployment-2.6.1.Final.jar (3.0 MB) | quarkus-reactive-routes-deployment-2.6.1.Final.jar (67 kB) | quarkus-funqy-http-deployment-2.6.1.Final.jar (6.2 kB) | quarkus-security-deployment-2.6.1.Final.jar (8.2/28 kB)   Progress (4): quarkus-vertx-http-deployment-2.6.1.Final.jar (3.0 MB) | quarkus-reactive-routes-deployment-2.6.1.Final.jar (67 kB) | quarkus-funqy-http-deployment-2.6.1.Final.jar (6.2 kB) | quarkus-security-deployment-2.6.1.Final.jar (12/28 kB) Progress (4): quarkus-vertx-http-deployment-2.6.1.Final.jar (3.0 MB) | quarkus-reactive-routes-deployment-2.6.1.Final.jar (67 kB) | quarkus-funqy-http-deployment-2.6.1.Final.jar (6.2 kB) | quarkus-security-deployment-2.6.1.Final.jar (16/28 kB)Progress (4): quarkus-vertx-http-deployment-2.6.1.Final.jar (3.0 MB) | quarkus-reactive-routes-deployment-2.6.1.Final.jar (67 kB) | quarkus-funqy-http-deployment-2.6.1.Final.jar (6.2 kB) | quarkus-security-deployment-2.6.1.Final.jar (20/28 kB)Progress (4): quarkus-vertx-http-deployment-2.6.1.Final.jar (3.0 MB) | quarkus-reactive-routes-deployment-2.6.1.Final.jar (67 kB) | quarkus-funqy-http-deployment-2.6.1.Final.jar (6.2 kB) | quarkus-security-deployment-2.6.1.Final.jar (25/28 kB)Progress (4): quarkus-vertx-http-deployment-2.6.1.Final.jar (3.0 MB) | quarkus-reactive-routes-deployment-2.6.1.Final.jar (67 kB) | quarkus-funqy-http-deployment-2.6.1.Final.jar (6.2 kB) | quarkus-security-deployment-2.6.1.Final.jar (28 kB)                                                                                                                                                                                                                                                   Downloaded from central: https://repo.maven.apache.org/maven2/io/quarkus/quarkus-vertx-http-deployment/2.6.1.Final/quarkus-vertx-http-deployment-2.6.1.Final.jar (3.0 MB at 1.4 MB/s)
Downloading from central: https://repo.maven.apache.org/maven2/io/quarkus/quarkus-amazon-lambda-rest-event-server/2.6.1.Final/quarkus-amazon-lambda-rest-event-server-2.6.1.Final.jar
Progress (4): quarkus-reactive-routes-deployment-2.6.1.Final.jar (67 kB) | quarkus-funqy-http-deployment-2.6.1.Final.jar (6.2 kB) | quarkus-security-deployment-2.6.1.Final.jar (28 kB) | quarkus-apache-httpclient-deployment-2.6.1.Final.jar (4.1/4.8 kB)Progress (4): quarkus-reactive-routes-deployment-2.6.1.Final.jar (67 kB) | quarkus-funqy-http-deployment-2.6.1.Final.jar (6.2 kB) | quarkus-security-deployment-2.6.1.Final.jar (28 kB) | quarkus-apache-httpclient-deployment-2.6.1.Final.jar (4.8 kB)                                                                                                                                                                                                                                                           Downloaded from central: https://repo.maven.apache.org/maven2/io/quarkus/quarkus-funqy-http-deployment/2.6.1.Final/quarkus-funqy-http-deployment-2.6.1.Final.jar (6.2 kB at 2.9 kB/s)
Downloading from central: https://repo.maven.apache.org/maven2/io/quarkus/quarkus-amazon-lambda-rest-deployment/2.6.1.Final/quarkus-amazon-lambda-rest-deployment-2.6.1.Final.jar
Downloaded from central: https://repo.maven.apache.org/maven2/io/quarkus/quarkus-reactive-routes-deployment/2.6.1.Final/quarkus-reactive-routes-deployment-2.6.1.Final.jar (67 kB at 31 kB/s)
Downloaded from central: https://repo.maven.apache.org/maven2/io/quarkus/quarkus-security-deployment/2.6.1.Final/quarkus-security-deployment-2.6.1.Final.jar (28 kB at 13 kB/s)
Progress (2): quarkus-apache-httpclient-deployment-2.6.1.Final.jar (4.8 kB) | quarkus-amazon-lambda-rest-event-server-2.6.1.Final.jar (4.1/7.8 kB)Progress (2): quarkus-apache-httpclient-deployment-2.6.1.Final.jar (4.8 kB) | quarkus-amazon-lambda-rest-event-server-2.6.1.Final.jar (7.8 kB)                                                                                                                                                  Downloaded from central: https://repo.maven.apache.org/maven2/io/quarkus/quarkus-apache-httpclient-deployment/2.6.1.Final/quarkus-apache-httpclient-deployment-2.6.1.Final.jar (4.8 kB at 2.1 kB/s)
Progress (2): quarkus-amazon-lambda-rest-event-server-2.6.1.Final.jar (7.8 kB) | quarkus-amazon-lambda-rest-deployment-2.6.1.Final.jar (4.1/9.1 kB)Progress (2): quarkus-amazon-lambda-rest-event-server-2.6.1.Final.jar (7.8 kB) | quarkus-amazon-lambda-rest-deployment-2.6.1.Final.jar (8.2/9.1 kB)Progress (2): quarkus-amazon-lambda-rest-event-server-2.6.1.Final.jar (7.8 kB) | quarkus-amazon-lambda-rest-deployment-2.6.1.Final.jar (9.1 kB)                                                                                                                                                   Downloaded from central: https://repo.maven.apache.org/maven2/io/quarkus/quarkus-amazon-lambda-rest-event-server/2.6.1.Final/quarkus-amazon-lambda-rest-event-server-2.6.1.Final.jar (7.8 kB at 3.4 kB/s)
Downloaded from central: https://repo.maven.apache.org/maven2/io/quarkus/quarkus-amazon-lambda-rest-deployment/2.6.1.Final/quarkus-amazon-lambda-rest-deployment-2.6.1.Final.jar (9.1 kB at 3.6 kB/s)
2022-01-04 13:31:44,300 INFO  [io.qua.ama.lam.run.MockEventServer] (build-37) Mock Lambda Event Server Started
2022-01-04 13:31:45,757 INFO  [io.quarkus] (main) Quarkus 2.6.1.Final on JVM started in 3.307s. 
2022-01-04 13:31:45,756 INFO  [io.qua.ama.lam.run.AbstractLambdaPollLoop] (Lambda Thread (TEST)) Listening on: http://localhost:8081/_lambda_/2018-06-01/runtime/invocation/next
2022-01-04 13:31:45,758 INFO  [io.quarkus] (main) Profile test activated. 
2022-01-04 13:31:45,761 INFO  [io.quarkus] (main) Installed features: [amazon-lambda, cdi, funqy-http, reactive-routes, resteasy, security, servlet, smallrye-context-propagation, vertx]
]]></system-out>
  </testcase>
  <testcase name="testJaxrs" classname="br.com.quarkuslambdarest.GreetingTest" time="0.123"/>
  <testcase name="testVertx" classname="br.com.quarkuslambdarest.GreetingTest" time="0.036"/>
  <testcase name="testServlet" classname="br.com.quarkuslambdarest.GreetingTest" time="0.041"/>
</testsuite>